<testsuites>
  <testsuite name="FunctionalStateMachine.Diagrams.Tests.dll" tests="7" skipped="0" failures="0" errors="0" time="0.2460626" timestamp="2026-02-23T11:24:41" hostname="runnervmwffz4" id="0" package="FunctionalStateMachine.Diagrams.Tests.dll">
    <properties />
    <testcase classname="FunctionalStateMachine.Diagrams.Tests.DiagramBuilderTests" name="Renders_guard_labels_when_provided" time="0.2121785" />
    <testcase classname="FunctionalStateMachine.Diagrams.Tests.DiagramBuilderTests" name="Renders_superstate_transitions_from_container_port" time="0.0015074" />
    <testcase classname="FunctionalStateMachine.Diagrams.Tests.DiagramBuilderTests" name="Renders_substates_inside_superstate_container" time="0.0016024" />
    <testcase classname="FunctionalStateMachine.Diagrams.Tests.DiagramBuilderTests" name="Builds_internal_transition_when_no_transition_to_is_declared" time="0.0229131" />
    <testcase classname="FunctionalStateMachine.Diagrams.Tests.DiagramBuilderTests" name="Builds_simple_transition_diagram" time="0.0015445" />
    <testcase classname="FunctionalStateMachine.Diagrams.Tests.DiagramBuilderTests" name="Transitions_to_superstate_target_initial_substate" time="0.0009584" />
    <testcase classname="FunctionalStateMachine.Diagrams.Tests.DiagramBuilderTests" name="Deduplicates_repeated_transitions" time="0.0053583" />
    <system-out>
Test Framework Informational Messages:
[xUnit.net 00:00:00.00] xUnit.net VSTest Adapter v2.8.2+699d445a1a (64-bit .NET 9.0.12)
[xUnit.net 00:00:00.46]   Discovering: FunctionalStateMachine.Diagrams.Tests
[xUnit.net 00:00:00.78]   Discovered:  FunctionalStateMachine.Diagrams.Tests
[xUnit.net 00:00:00.79]   Starting:    FunctionalStateMachine.Diagrams.Tests
[xUnit.net 00:00:01.13]   Finished:    FunctionalStateMachine.Diagrams.Tests
</system-out>
    <system-err>Warning - Data collection : Unable to find a datacollector with friendly name 'XPlat Code Coverage'.
Warning - Data collection : Could not find data collector 'XPlat Code Coverage'
</system-err>
  </testsuite>
</testsuites>