<testsuites>
  <testsuite name="FunctionalStateMachine.CommandRunnerTests.dll" tests="5" skipped="0" failures="0" errors="0" time="0.2414318" timestamp="2026-02-23T11:24:41" hostname="runnervmwffz4" id="0" package="FunctionalStateMachine.CommandRunnerTests.dll">
    <properties />
    <testcase classname="FunctionalStateMachine.CommandRunnerTests.Missing_Runner.MissingCommandRunnerTests" name="GivenMissingCommandRunner_WhenRegistered_ThenRegistrationFails" time="0.0154751" />
    <testcase classname="FunctionalStateMachine.CommandRunnerTests.Missing_Runner.MissingCommandRunnerTests" name="GivenMissingCommandRunner_WhenNoOpConfigured_ThenMissingCommandsAreIgnored" time="0.0501558" />
    <testcase classname="FunctionalStateMachine.CommandRunnerTests.Sync_and_Async_Runners.SyncAndAsyncCommandRunnerTests" name="GivenAutoRegistrationDisabled_WhenRunnersRegisteredManually_ThenProviderResolves" time="0.0874685" />
    <testcase classname="FunctionalStateMachine.CommandRunnerTests.All_Sync_Runners.AllSyncCommandRunnerTests" name="GivenOnlySyncCommandRunners_WhenCommandsAreFired_ThenSyncProviderIsUsed" time="0.0860805" />
    <testcase classname="FunctionalStateMachine.CommandRunnerTests.Sync_and_Async_Runners.SyncAndAsyncCommandRunnerTests" name="GivenImplementedCommandRunners_WhenCommandsAreFired_ThenRunnersAreInvoked" time="0.0022519" />
    <system-out>
Test Framework Informational Messages:
[xUnit.net 00:00:00.00] xUnit.net VSTest Adapter v2.8.2+699d445a1a (64-bit .NET 9.0.12)
[xUnit.net 00:00:00.46]   Discovering: FunctionalStateMachine.CommandRunnerTests
[xUnit.net 00:00:00.78]   Discovered:  FunctionalStateMachine.CommandRunnerTests
[xUnit.net 00:00:00.80]   Starting:    FunctionalStateMachine.CommandRunnerTests
[xUnit.net 00:00:00.99]   Finished:    FunctionalStateMachine.CommandRunnerTests
</system-out>
  </testsuite>
</testsuites>