<?xml version="1.0" encoding="utf-8"?>
<coverage line-rate="0.9764" branch-rate="0.9490999999999999" version="1.9" timestamp="1771845893" lines-covered="1080" lines-valid="1106" branches-covered="355" branches-valid="374">
  <sources>
    <source>/home/runner/work/FunctionalStateMachine/FunctionalStateMachine/src/FunctionalStateMachine.Core/</source>
  </sources>
  <packages>
    <package name="FunctionalStateMachine.Core" line-rate="0.9764" branch-rate="0.9490999999999999" complexity="719">
      <classes>
        <class name="FunctionalStateMachine.Core.StateMachineBuilderExtensions" filename="ConfigurationExtensions.cs" line-rate="1" branch-rate="1" complexity="1">
          <methods>
            <method name="Single" signature="(TCommand)" line-rate="1" branch-rate="1" complexity="1">
              <lines>
                <line number="6" hits="10114" branch="False" />
              </lines>
            </method>
          </methods>
          <lines>
            <line number="6" hits="10114" branch="False" />
          </lines>
        </class>
        <class name="FunctionalStateMachine.Core.StateMachineBuilderExtensions" filename="ConfigurationExtensions.ElseIf.cs" line-rate="1" branch-rate="1" complexity="2">
          <methods>
            <method name="ElseIf" signature="(FunctionalStateMachine.Core.IConditionalTransitionConfiguration`6&lt;TState,TTrigger,TData,TCommand,TDerivedTrigger,TConditionalConfiguration&gt;,System.Func`3&lt;TData,TDerivedTrigger,System.Boolean&gt;)" line-rate="1" branch-rate="1" complexity="1">
              <lines>
                <line number="14" hits="28" branch="False" />
              </lines>
            </method>
            <method name="ElseIf" signature="(FunctionalStateMachine.Core.IConditionalTransitionConfiguration`6&lt;TState,TTrigger,TData,TCommand,TDerivedTrigger,TConditionalConfiguration&gt;,System.Func`2&lt;TData,System.Boolean&gt;)" line-rate="1" branch-rate="1" complexity="1">
              <lines>
                <line number="25" hits="3" branch="False" />
              </lines>
            </method>
          </methods>
          <lines>
            <line number="14" hits="28" branch="False" />
            <line number="25" hits="3" branch="False" />
          </lines>
        </class>
        <class name="FunctionalStateMachine.Core.StateMachineBuilderExtensions" filename="ConfigurationExtensions.Execute.cs" line-rate="0.9826999999999999" branch-rate="1" complexity="58">
          <methods>
            <method name="Execute" signature="(FunctionalStateMachine.Core.IImmediateTransitionConfiguration`5&lt;TState,TTrigger,TData,TCommand,TImmediateTransitionConfiguration&gt;,System.Func`1&lt;System.Collections.Generic.IEnumerable`1&lt;TCommand&gt;&gt;)" line-rate="1" branch-rate="1" complexity="1">
              <lines>
                <line number="13" hits="2" branch="False" />
              </lines>
            </method>
            <method name="Execute" signature="(FunctionalStateMachine.Core.ITransitionConfiguration`6&lt;TState,TTrigger,TData,TCommand,TTransitionConfiguration,TConditional&gt;,System.Func`1&lt;TCommand&gt;)" line-rate="1" branch-rate="1" complexity="1">
              <lines>
                <line number="23" hits="11017" branch="False" />
              </lines>
            </method>
            <method name="Execute" signature="(FunctionalStateMachine.Core.ITransitionConfiguration`6&lt;TState,TTrigger,TData,TCommand,TTransitionConfiguration,TConditional&gt;,System.Func`2&lt;TData,TCommand&gt;)" line-rate="1" branch-rate="1" complexity="1">
              <lines>
                <line number="33" hits="10" branch="False" />
              </lines>
            </method>
            <method name="Execute" signature="(FunctionalStateMachine.Core.ITransitionConfiguration`6&lt;TState,TTrigger,TData,TCommand,TTransitionConfiguration,TConditional&gt;,System.Func`3&lt;TState,TData,TCommand&gt;)" line-rate="1" branch-rate="1" complexity="1">
              <lines>
                <line number="43" hits="8" branch="False" />
              </lines>
            </method>
            <method name="Execute" signature="(FunctionalStateMachine.Core.ITransitionConfiguration`6&lt;TState,TTrigger,TData,TCommand,TTransitionConfiguration,TConditional&gt;,System.Func`2&lt;TTrigger,TCommand&gt;)" line-rate="1" branch-rate="1" complexity="1">
              <lines>
                <line number="53" hits="4" branch="False" />
              </lines>
            </method>
            <method name="Execute" signature="(FunctionalStateMachine.Core.ITransitionConfiguration`6&lt;TState,TTrigger,TData,TCommand,TTransitionConfiguration,TConditional&gt;,System.Func`3&lt;TData,TTrigger,TCommand&gt;)" line-rate="1" branch-rate="1" complexity="1">
              <lines>
                <line number="63" hits="2" branch="False" />
              </lines>
            </method>
            <method name="Execute" signature="(FunctionalStateMachine.Core.ITransitionConfiguration`6&lt;TState,TTrigger,TData,TCommand,TTransitionConfiguration,TConditional&gt;,System.Func`4&lt;TState,TData,TTrigger,TCommand&gt;)" line-rate="1" branch-rate="1" complexity="1">
              <lines>
                <line number="73" hits="4" branch="False" />
              </lines>
            </method>
            <method name="Execute" signature="(FunctionalStateMachine.Core.ITransitionConfiguration`6&lt;TState,TTrigger,TData,TCommand,TTransitionConfiguration,TConditional&gt;,System.Func`1&lt;System.Collections.Generic.IEnumerable`1&lt;TCommand&gt;&gt;)" line-rate="1" branch-rate="1" complexity="1">
              <lines>
                <line number="83" hits="4" branch="False" />
              </lines>
            </method>
            <method name="Execute" signature="(FunctionalStateMachine.Core.ITransitionConfiguration`6&lt;TState,TTrigger,TData,TCommand,TTransitionConfiguration,TConditional&gt;,System.Func`2&lt;TData,System.Collections.Generic.IEnumerable`1&lt;TCommand&gt;&gt;)" line-rate="1" branch-rate="1" complexity="1">
              <lines>
                <line number="93" hits="2" branch="False" />
              </lines>
            </method>
            <method name="Execute" signature="(FunctionalStateMachine.Core.ITransitionConfiguration`6&lt;TState,TTrigger,TData,TCommand,TTransitionConfiguration,TConditional&gt;,System.Func`3&lt;TState,TData,System.Collections.Generic.IEnumerable`1&lt;TCommand&gt;&gt;)" line-rate="1" branch-rate="1" complexity="1">
              <lines>
                <line number="103" hits="2" branch="False" />
              </lines>
            </method>
            <method name="Execute" signature="(FunctionalStateMachine.Core.ITransitionConfiguration`6&lt;TState,TTrigger,TData,TCommand,TTransitionConfiguration,TConditional&gt;,System.Func`2&lt;TTrigger,System.Collections.Generic.IEnumerable`1&lt;TCommand&gt;&gt;)" line-rate="1" branch-rate="1" complexity="1">
              <lines>
                <line number="113" hits="2" branch="False" />
              </lines>
            </method>
            <method name="Execute" signature="(FunctionalStateMachine.Core.ITransitionConfiguration`6&lt;TState,TTrigger,TData,TCommand,TTransitionConfiguration,TConditional&gt;,System.Func`3&lt;TData,TTrigger,System.Collections.Generic.IEnumerable`1&lt;TCommand&gt;&gt;)" line-rate="1" branch-rate="1" complexity="1">
              <lines>
                <line number="123" hits="2" branch="False" />
              </lines>
            </method>
            <method name="Execute" signature="(FunctionalStateMachine.Core.IConditionalTransitionConfiguration`5&lt;TState,TTrigger,TData,TCommand,TConditionalConfiguration&gt;,System.Func`1&lt;TCommand&gt;)" line-rate="1" branch-rate="1" complexity="1">
              <lines>
                <line number="133" hits="2" branch="False" />
              </lines>
            </method>
            <method name="Execute" signature="(FunctionalStateMachine.Core.IConditionalTransitionConfiguration`5&lt;TState,TTrigger,TData,TCommand,TConditionalConfiguration&gt;,System.Func`2&lt;TData,TCommand&gt;)" line-rate="1" branch-rate="1" complexity="1">
              <lines>
                <line number="143" hits="2" branch="False" />
              </lines>
            </method>
            <method name="Execute" signature="(FunctionalStateMachine.Core.IConditionalTransitionConfiguration`5&lt;TState,TTrigger,TData,TCommand,TConditionalConfiguration&gt;,System.Func`3&lt;TState,TData,TCommand&gt;)" line-rate="1" branch-rate="1" complexity="1">
              <lines>
                <line number="153" hits="2" branch="False" />
              </lines>
            </method>
            <method name="Execute" signature="(FunctionalStateMachine.Core.IConditionalTransitionConfiguration`5&lt;TState,TTrigger,TData,TCommand,TConditionalConfiguration&gt;,System.Func`2&lt;TTrigger,TCommand&gt;)" line-rate="1" branch-rate="1" complexity="1">
              <lines>
                <line number="163" hits="2" branch="False" />
              </lines>
            </method>
            <method name="Execute" signature="(FunctionalStateMachine.Core.IConditionalTransitionConfiguration`5&lt;TState,TTrigger,TData,TCommand,TConditionalConfiguration&gt;,System.Func`3&lt;TData,TTrigger,TCommand&gt;)" line-rate="1" branch-rate="1" complexity="1">
              <lines>
                <line number="173" hits="2" branch="False" />
              </lines>
            </method>
            <method name="Execute" signature="(FunctionalStateMachine.Core.IConditionalTransitionConfiguration`5&lt;TState,TTrigger,TData,TCommand,TConditionalConfiguration&gt;,System.Func`4&lt;TState,TData,TTrigger,TCommand&gt;)" line-rate="1" branch-rate="1" complexity="1">
              <lines>
                <line number="183" hits="15" branch="False" />
              </lines>
            </method>
            <method name="Execute" signature="(FunctionalStateMachine.Core.IConditionalTransitionConfiguration`5&lt;TState,TTrigger,TData,TCommand,TConditionalConfiguration&gt;,System.Func`1&lt;System.Collections.Generic.IEnumerable`1&lt;TCommand&gt;&gt;)" line-rate="1" branch-rate="1" complexity="1">
              <lines>
                <line number="193" hits="2" branch="False" />
              </lines>
            </method>
            <method name="Execute" signature="(FunctionalStateMachine.Core.IConditionalTransitionConfiguration`5&lt;TState,TTrigger,TData,TCommand,TConditionalConfiguration&gt;,System.Func`2&lt;TData,System.Collections.Generic.IEnumerable`1&lt;TCommand&gt;&gt;)" line-rate="1" branch-rate="1" complexity="1">
              <lines>
                <line number="203" hits="2" branch="False" />
              </lines>
            </method>
            <method name="Execute" signature="(FunctionalStateMachine.Core.IConditionalTransitionConfiguration`5&lt;TState,TTrigger,TData,TCommand,TConditionalConfiguration&gt;,System.Func`3&lt;TState,TData,System.Collections.Generic.IEnumerable`1&lt;TCommand&gt;&gt;)" line-rate="1" branch-rate="1" complexity="1">
              <lines>
                <line number="213" hits="2" branch="False" />
              </lines>
            </method>
            <method name="Execute" signature="(FunctionalStateMachine.Core.IConditionalTransitionConfiguration`5&lt;TState,TTrigger,TData,TCommand,TConditionalConfiguration&gt;,System.Func`2&lt;TTrigger,System.Collections.Generic.IEnumerable`1&lt;TCommand&gt;&gt;)" line-rate="1" branch-rate="1" complexity="1">
              <lines>
                <line number="223" hits="2" branch="False" />
              </lines>
            </method>
            <method name="Execute" signature="(FunctionalStateMachine.Core.IConditionalTransitionConfiguration`5&lt;TState,TTrigger,TData,TCommand,TConditionalConfiguration&gt;,System.Func`3&lt;TData,TTrigger,System.Collections.Generic.IEnumerable`1&lt;TCommand&gt;&gt;)" line-rate="1" branch-rate="1" complexity="1">
              <lines>
                <line number="233" hits="2" branch="False" />
              </lines>
            </method>
            <method name="Execute" signature="(FunctionalStateMachine.Core.IConditionalTransitionConfiguration`6&lt;TState,TTrigger,TData,TCommand,TDerivedTrigger,TConditionalConfiguration&gt;,System.Func`1&lt;TCommand&gt;)" line-rate="1" branch-rate="1" complexity="1">
              <lines>
                <line number="244" hits="58" branch="False" />
              </lines>
            </method>
            <method name="Execute" signature="(FunctionalStateMachine.Core.IConditionalTransitionConfiguration`6&lt;TState,TTrigger,TData,TCommand,TDerivedTrigger,TConditionalConfiguration&gt;,System.Func`2&lt;TData,TCommand&gt;)" line-rate="1" branch-rate="1" complexity="1">
              <lines>
                <line number="255" hits="9" branch="False" />
              </lines>
            </method>
            <method name="Execute" signature="(FunctionalStateMachine.Core.IConditionalTransitionConfiguration`6&lt;TState,TTrigger,TData,TCommand,TDerivedTrigger,TConditionalConfiguration&gt;,System.Func`3&lt;TState,TData,TCommand&gt;)" line-rate="1" branch-rate="1" complexity="1">
              <lines>
                <line number="266" hits="3" branch="False" />
              </lines>
            </method>
            <method name="Execute" signature="(FunctionalStateMachine.Core.IConditionalTransitionConfiguration`6&lt;TState,TTrigger,TData,TCommand,TDerivedTrigger,TConditionalConfiguration&gt;,System.Func`2&lt;TDerivedTrigger,TCommand&gt;)" line-rate="1" branch-rate="1" complexity="1">
              <lines>
                <line number="277" hits="3" branch="False" />
              </lines>
            </method>
            <method name="Execute" signature="(FunctionalStateMachine.Core.IConditionalTransitionConfiguration`6&lt;TState,TTrigger,TData,TCommand,TDerivedTrigger,TConditionalConfiguration&gt;,System.Func`3&lt;TData,TDerivedTrigger,TCommand&gt;)" line-rate="1" branch-rate="1" complexity="1">
              <lines>
                <line number="288" hits="5" branch="False" />
              </lines>
            </method>
            <method name="Execute" signature="(FunctionalStateMachine.Core.IConditionalTransitionConfiguration`6&lt;TState,TTrigger,TData,TCommand,TDerivedTrigger,TConditionalConfiguration&gt;,System.Func`4&lt;TState,TData,TDerivedTrigger,TCommand&gt;)" line-rate="1" branch-rate="1" complexity="1">
              <lines>
                <line number="299" hits="3" branch="False" />
              </lines>
            </method>
            <method name="Execute" signature="(FunctionalStateMachine.Core.IConditionalTransitionConfiguration`6&lt;TState,TTrigger,TData,TCommand,TDerivedTrigger,TConditionalConfiguration&gt;,System.Func`1&lt;System.Collections.Generic.IEnumerable`1&lt;TCommand&gt;&gt;)" line-rate="1" branch-rate="1" complexity="1">
              <lines>
                <line number="310" hits="3" branch="False" />
              </lines>
            </method>
            <method name="Execute" signature="(FunctionalStateMachine.Core.IConditionalTransitionConfiguration`6&lt;TState,TTrigger,TData,TCommand,TDerivedTrigger,TConditionalConfiguration&gt;,System.Func`2&lt;TData,System.Collections.Generic.IEnumerable`1&lt;TCommand&gt;&gt;)" line-rate="1" branch-rate="1" complexity="1">
              <lines>
                <line number="321" hits="3" branch="False" />
              </lines>
            </method>
            <method name="Execute" signature="(FunctionalStateMachine.Core.IConditionalTransitionConfiguration`6&lt;TState,TTrigger,TData,TCommand,TDerivedTrigger,TConditionalConfiguration&gt;,System.Func`3&lt;TState,TData,System.Collections.Generic.IEnumerable`1&lt;TCommand&gt;&gt;)" line-rate="1" branch-rate="1" complexity="1">
              <lines>
                <line number="332" hits="3" branch="False" />
              </lines>
            </method>
            <method name="Execute" signature="(FunctionalStateMachine.Core.IConditionalTransitionConfiguration`6&lt;TState,TTrigger,TData,TCommand,TDerivedTrigger,TConditionalConfiguration&gt;,System.Func`2&lt;TDerivedTrigger,System.Collections.Generic.IEnumerable`1&lt;TCommand&gt;&gt;)" line-rate="1" branch-rate="1" complexity="1">
              <lines>
                <line number="343" hits="3" branch="False" />
              </lines>
            </method>
            <method name="Execute" signature="(FunctionalStateMachine.Core.IConditionalTransitionConfiguration`6&lt;TState,TTrigger,TData,TCommand,TDerivedTrigger,TConditionalConfiguration&gt;,System.Func`3&lt;TData,TDerivedTrigger,System.Collections.Generic.IEnumerable`1&lt;TCommand&gt;&gt;)" line-rate="1" branch-rate="1" complexity="1">
              <lines>
                <line number="354" hits="3" branch="False" />
              </lines>
            </method>
            <method name="Execute" signature="(FunctionalStateMachine.Core.IConditionalTransitionConfiguration`6&lt;TState,TTrigger,TData,TCommand,TDerivedTrigger,TConditionalConfiguration&gt;,System.Func`4&lt;TState,TData,TDerivedTrigger,System.Collections.Generic.IEnumerable`1&lt;TCommand&gt;&gt;)" line-rate="0" branch-rate="1" complexity="1">
              <lines>
                <line number="365" hits="0" branch="False" />
              </lines>
            </method>
            <method name="Execute" signature="(FunctionalStateMachine.Core.ITransitionConfiguration`7&lt;TState,TTrigger,TData,TCommand,TDerivedTrigger,TTransitionConfiguration,TConditional&gt;,System.Func`1&lt;TCommand&gt;)" line-rate="1" branch-rate="1" complexity="1">
              <lines>
                <line number="376" hits="16" branch="False" />
              </lines>
            </method>
            <method name="Execute" signature="(FunctionalStateMachine.Core.ITransitionConfiguration`7&lt;TState,TTrigger,TData,TCommand,TDerivedTrigger,TTransitionConfiguration,TConditional&gt;,System.Func`2&lt;TData,TCommand&gt;)" line-rate="1" branch-rate="1" complexity="1">
              <lines>
                <line number="387" hits="3" branch="False" />
              </lines>
            </method>
            <method name="Execute" signature="(FunctionalStateMachine.Core.ITransitionConfiguration`7&lt;TState,TTrigger,TData,TCommand,TDerivedTrigger,TTransitionConfiguration,TConditional&gt;,System.Func`3&lt;TState,TData,TCommand&gt;)" line-rate="1" branch-rate="1" complexity="1">
              <lines>
                <line number="398" hits="3" branch="False" />
              </lines>
            </method>
            <method name="Execute" signature="(FunctionalStateMachine.Core.ITransitionConfiguration`7&lt;TState,TTrigger,TData,TCommand,TDerivedTrigger,TTransitionConfiguration,TConditional&gt;,System.Func`2&lt;TDerivedTrigger,TCommand&gt;)" line-rate="1" branch-rate="1" complexity="1">
              <lines>
                <line number="409" hits="3" branch="False" />
              </lines>
            </method>
            <method name="Execute" signature="(FunctionalStateMachine.Core.ITransitionConfiguration`7&lt;TState,TTrigger,TData,TCommand,TDerivedTrigger,TTransitionConfiguration,TConditional&gt;,System.Func`3&lt;TData,TDerivedTrigger,TCommand&gt;)" line-rate="1" branch-rate="1" complexity="1">
              <lines>
                <line number="420" hits="5" branch="False" />
              </lines>
            </method>
            <method name="Execute" signature="(FunctionalStateMachine.Core.ITransitionConfiguration`7&lt;TState,TTrigger,TData,TCommand,TDerivedTrigger,TTransitionConfiguration,TConditional&gt;,System.Func`4&lt;TState,TData,TDerivedTrigger,TCommand&gt;)" line-rate="1" branch-rate="1" complexity="1">
              <lines>
                <line number="431" hits="3" branch="False" />
              </lines>
            </method>
            <method name="Execute" signature="(FunctionalStateMachine.Core.ITransitionConfiguration`7&lt;TState,TTrigger,TData,TCommand,TDerivedTrigger,TTransitionConfiguration,TConditional&gt;,System.Func`1&lt;System.Collections.Generic.IEnumerable`1&lt;TCommand&gt;&gt;)" line-rate="1" branch-rate="1" complexity="1">
              <lines>
                <line number="442" hits="3" branch="False" />
              </lines>
            </method>
            <method name="Execute" signature="(FunctionalStateMachine.Core.ITransitionConfiguration`7&lt;TState,TTrigger,TData,TCommand,TDerivedTrigger,TTransitionConfiguration,TConditional&gt;,System.Func`2&lt;TData,System.Collections.Generic.IEnumerable`1&lt;TCommand&gt;&gt;)" line-rate="1" branch-rate="1" complexity="1">
              <lines>
                <line number="453" hits="3" branch="False" />
              </lines>
            </method>
            <method name="Execute" signature="(FunctionalStateMachine.Core.ITransitionConfiguration`7&lt;TState,TTrigger,TData,TCommand,TDerivedTrigger,TTransitionConfiguration,TConditional&gt;,System.Func`3&lt;TState,TData,System.Collections.Generic.IEnumerable`1&lt;TCommand&gt;&gt;)" line-rate="1" branch-rate="1" complexity="1">
              <lines>
                <line number="464" hits="3" branch="False" />
              </lines>
            </method>
            <method name="Execute" signature="(FunctionalStateMachine.Core.ITransitionConfiguration`7&lt;TState,TTrigger,TData,TCommand,TDerivedTrigger,TTransitionConfiguration,TConditional&gt;,System.Func`2&lt;TDerivedTrigger,System.Collections.Generic.IEnumerable`1&lt;TCommand&gt;&gt;)" line-rate="1" branch-rate="1" complexity="1">
              <lines>
                <line number="475" hits="3" branch="False" />
              </lines>
            </method>
            <method name="Execute" signature="(FunctionalStateMachine.Core.ITransitionConfiguration`7&lt;TState,TTrigger,TData,TCommand,TDerivedTrigger,TTransitionConfiguration,TConditional&gt;,System.Func`3&lt;TData,TDerivedTrigger,System.Collections.Generic.IEnumerable`1&lt;TCommand&gt;&gt;)" line-rate="1" branch-rate="1" complexity="1">
              <lines>
                <line number="486" hits="3" branch="False" />
              </lines>
            </method>
            <method name="Execute" signature="(FunctionalStateMachine.Core.INoDataTransitionConfiguration`5&lt;TState,TTrigger,TCommand,TTransitionConfiguration,TConditional&gt;,System.Func`1&lt;TCommand&gt;)" line-rate="1" branch-rate="1" complexity="1">
              <lines>
                <line number="496" hits="14" branch="False" />
              </lines>
            </method>
            <method name="Execute" signature="(FunctionalStateMachine.Core.INoDataTransitionConfiguration`5&lt;TState,TTrigger,TCommand,TTransitionConfiguration,TConditional&gt;,System.Func`2&lt;TState,TCommand&gt;)" line-rate="1" branch-rate="1" complexity="1">
              <lines>
                <line number="506" hits="2" branch="False" />
              </lines>
            </method>
            <method name="Execute" signature="(FunctionalStateMachine.Core.INoDataTransitionConfiguration`5&lt;TState,TTrigger,TCommand,TTransitionConfiguration,TConditional&gt;,System.Func`2&lt;TTrigger,TCommand&gt;)" line-rate="1" branch-rate="1" complexity="1">
              <lines>
                <line number="516" hits="2" branch="False" />
              </lines>
            </method>
            <method name="Execute" signature="(FunctionalStateMachine.Core.INoDataTransitionConfiguration`5&lt;TState,TTrigger,TCommand,TTransitionConfiguration,TConditional&gt;,System.Func`1&lt;System.Collections.Generic.IEnumerable`1&lt;TCommand&gt;&gt;)" line-rate="1" branch-rate="1" complexity="1">
              <lines>
                <line number="526" hits="2" branch="False" />
              </lines>
            </method>
            <method name="Execute" signature="(FunctionalStateMachine.Core.INoDataTransitionConfiguration`5&lt;TState,TTrigger,TCommand,TTransitionConfiguration,TConditional&gt;,System.Func`2&lt;TState,System.Collections.Generic.IEnumerable`1&lt;TCommand&gt;&gt;)" line-rate="1" branch-rate="1" complexity="1">
              <lines>
                <line number="536" hits="2" branch="False" />
              </lines>
            </method>
            <method name="Execute" signature="(FunctionalStateMachine.Core.INoDataTransitionConfiguration`5&lt;TState,TTrigger,TCommand,TTransitionConfiguration,TConditional&gt;,System.Func`2&lt;TTrigger,System.Collections.Generic.IEnumerable`1&lt;TCommand&gt;&gt;)" line-rate="1" branch-rate="1" complexity="1">
              <lines>
                <line number="546" hits="2" branch="False" />
              </lines>
            </method>
            <method name="Execute" signature="(FunctionalStateMachine.Core.INoDataTransitionConfiguration`6&lt;TState,TTrigger,TCommand,TDerivedTrigger,TTransitionConfiguration,TConditional&gt;,System.Func`1&lt;TCommand&gt;)" line-rate="1" branch-rate="1" complexity="1">
              <lines>
                <line number="557" hits="6" branch="False" />
              </lines>
            </method>
            <method name="Execute" signature="(FunctionalStateMachine.Core.INoDataTransitionConfiguration`6&lt;TState,TTrigger,TCommand,TDerivedTrigger,TTransitionConfiguration,TConditional&gt;,System.Func`2&lt;TState,TCommand&gt;)" line-rate="1" branch-rate="1" complexity="1">
              <lines>
                <line number="568" hits="3" branch="False" />
              </lines>
            </method>
            <method name="Execute" signature="(FunctionalStateMachine.Core.INoDataTransitionConfiguration`6&lt;TState,TTrigger,TCommand,TDerivedTrigger,TTransitionConfiguration,TConditional&gt;,System.Func`2&lt;TDerivedTrigger,TCommand&gt;)" line-rate="1" branch-rate="1" complexity="1">
              <lines>
                <line number="579" hits="3" branch="False" />
              </lines>
            </method>
            <method name="Execute" signature="(FunctionalStateMachine.Core.INoDataTransitionConfiguration`6&lt;TState,TTrigger,TCommand,TDerivedTrigger,TTransitionConfiguration,TConditional&gt;,System.Func`1&lt;System.Collections.Generic.IEnumerable`1&lt;TCommand&gt;&gt;)" line-rate="1" branch-rate="1" complexity="1">
              <lines>
                <line number="590" hits="3" branch="False" />
              </lines>
            </method>
            <method name="Execute" signature="(FunctionalStateMachine.Core.INoDataTransitionConfiguration`6&lt;TState,TTrigger,TCommand,TDerivedTrigger,TTransitionConfiguration,TConditional&gt;,System.Func`2&lt;TState,System.Collections.Generic.IEnumerable`1&lt;TCommand&gt;&gt;)" line-rate="1" branch-rate="1" complexity="1">
              <lines>
                <line number="601" hits="3" branch="False" />
              </lines>
            </method>
            <method name="Execute" signature="(FunctionalStateMachine.Core.INoDataTransitionConfiguration`6&lt;TState,TTrigger,TCommand,TDerivedTrigger,TTransitionConfiguration,TConditional&gt;,System.Func`2&lt;TDerivedTrigger,System.Collections.Generic.IEnumerable`1&lt;TCommand&gt;&gt;)" line-rate="1" branch-rate="1" complexity="1">
              <lines>
                <line number="612" hits="3" branch="False" />
              </lines>
            </method>
          </methods>
          <lines>
            <line number="13" hits="2" branch="False" />
            <line number="23" hits="11017" branch="False" />
            <line number="33" hits="10" branch="False" />
            <line number="43" hits="8" branch="False" />
            <line number="53" hits="4" branch="False" />
            <line number="63" hits="2" branch="False" />
            <line number="73" hits="4" branch="False" />
            <line number="83" hits="4" branch="False" />
            <line number="93" hits="2" branch="False" />
            <line number="103" hits="2" branch="False" />
            <line number="113" hits="2" branch="False" />
            <line number="123" hits="2" branch="False" />
            <line number="133" hits="2" branch="False" />
            <line number="143" hits="2" branch="False" />
            <line number="153" hits="2" branch="False" />
            <line number="163" hits="2" branch="False" />
            <line number="173" hits="2" branch="False" />
            <line number="183" hits="15" branch="False" />
            <line number="193" hits="2" branch="False" />
            <line number="203" hits="2" branch="False" />
            <line number="213" hits="2" branch="False" />
            <line number="223" hits="2" branch="False" />
            <line number="233" hits="2" branch="False" />
            <line number="244" hits="58" branch="False" />
            <line number="255" hits="9" branch="False" />
            <line number="266" hits="3" branch="False" />
            <line number="277" hits="3" branch="False" />
            <line number="288" hits="5" branch="False" />
            <line number="299" hits="3" branch="False" />
            <line number="310" hits="3" branch="False" />
            <line number="321" hits="3" branch="False" />
            <line number="332" hits="3" branch="False" />
            <line number="343" hits="3" branch="False" />
            <line number="354" hits="3" branch="False" />
            <line number="365" hits="0" branch="False" />
            <line number="376" hits="16" branch="False" />
            <line number="387" hits="3" branch="False" />
            <line number="398" hits="3" branch="False" />
            <line number="409" hits="3" branch="False" />
            <line number="420" hits="5" branch="False" />
            <line number="431" hits="3" branch="False" />
            <line number="442" hits="3" branch="False" />
            <line number="453" hits="3" branch="False" />
            <line number="464" hits="3" branch="False" />
            <line number="475" hits="3" branch="False" />
            <line number="486" hits="3" branch="False" />
            <line number="496" hits="14" branch="False" />
            <line number="506" hits="2" branch="False" />
            <line number="516" hits="2" branch="False" />
            <line number="526" hits="2" branch="False" />
            <line number="536" hits="2" branch="False" />
            <line number="546" hits="2" branch="False" />
            <line number="557" hits="6" branch="False" />
            <line number="568" hits="3" branch="False" />
            <line number="579" hits="3" branch="False" />
            <line number="590" hits="3" branch="False" />
            <line number="601" hits="3" branch="False" />
            <line number="612" hits="3" branch="False" />
          </lines>
        </class>
        <class name="FunctionalStateMachine.Core.StateMachineBuilderExtensions" filename="ConfigurationExtensions.Guard.cs" line-rate="1" branch-rate="1" complexity="14">
          <methods>
            <method name="Guard" signature="(FunctionalStateMachine.Core.IImmediateTransitionConfiguration`5&lt;TState,TTrigger,TData,TCommand,TImmediateTransitionConfiguration&gt;,System.Func`2&lt;TData,System.Boolean&gt;)" line-rate="1" branch-rate="1" complexity="1">
              <lines>
                <line number="13" hits="5" branch="False" />
              </lines>
            </method>
            <method name="Guard" signature="(FunctionalStateMachine.Core.ITransitionConfiguration`6&lt;TState,TTrigger,TData,TCommand,TTransitionConfiguration,TConditional&gt;,System.Func`3&lt;TData,TTrigger,System.Boolean&gt;)" line-rate="1" branch-rate="1" complexity="1">
              <lines>
                <line number="23" hits="6" branch="False" />
              </lines>
            </method>
            <method name="Guard" signature="(FunctionalStateMachine.Core.ITransitionConfiguration`6&lt;TState,TTrigger,TData,TCommand,TTransitionConfiguration,TConditional&gt;,System.Func`2&lt;TData,System.Boolean&gt;)" line-rate="1" branch-rate="1" complexity="1">
              <lines>
                <line number="33" hits="9" branch="False" />
              </lines>
            </method>
            <method name="Guard" signature="(FunctionalStateMachine.Core.ITransitionConfiguration`6&lt;TState,TTrigger,TData,TCommand,TTransitionConfiguration,TConditional&gt;,System.String,System.Func`2&lt;TData,System.Boolean&gt;)" line-rate="1" branch-rate="1" complexity="1">
              <lines>
                <line number="44" hits="5" branch="False" />
              </lines>
            </method>
            <method name="Guard" signature="(FunctionalStateMachine.Core.ITransitionConfiguration`6&lt;TState,TTrigger,TData,TCommand,TTransitionConfiguration,TConditional&gt;,System.Func`3&lt;TState,TData,System.Boolean&gt;)" line-rate="1" branch-rate="1" complexity="1">
              <lines>
                <line number="54" hits="5" branch="False" />
              </lines>
            </method>
            <method name="Guard" signature="(FunctionalStateMachine.Core.ITransitionConfiguration`6&lt;TState,TTrigger,TData,TCommand,TTransitionConfiguration,TConditional&gt;,System.String,System.Func`3&lt;TState,TData,System.Boolean&gt;)" line-rate="1" branch-rate="1" complexity="1">
              <lines>
                <line number="65" hits="5" branch="False" />
              </lines>
            </method>
            <method name="Guard" signature="(FunctionalStateMachine.Core.ITransitionConfiguration`6&lt;TState,TTrigger,TData,TCommand,TTransitionConfiguration,TConditional&gt;,System.String,System.Func`4&lt;TState,TData,TTrigger,System.Boolean&gt;)" line-rate="1" branch-rate="1" complexity="1">
              <lines>
                <line number="76" hits="2" branch="False" />
              </lines>
            </method>
            <method name="Guard" signature="(FunctionalStateMachine.Core.ITransitionConfiguration`7&lt;TState,TTrigger,TData,TCommand,TDerivedTrigger,TTransitionConfiguration,TConditional&gt;,System.Func`3&lt;TData,TDerivedTrigger,System.Boolean&gt;)" line-rate="1" branch-rate="1" complexity="1">
              <lines>
                <line number="87" hits="6" branch="False" />
              </lines>
            </method>
            <method name="Guard" signature="(FunctionalStateMachine.Core.ITransitionConfiguration`7&lt;TState,TTrigger,TData,TCommand,TDerivedTrigger,TTransitionConfiguration,TConditional&gt;,System.String,System.Func`4&lt;TState,TData,TDerivedTrigger,System.Boolean&gt;)" line-rate="1" branch-rate="1" complexity="1">
              <lines>
                <line number="99" hits="2" branch="False" />
              </lines>
            </method>
            <method name="Guard" signature="(FunctionalStateMachine.Core.ITransitionConfiguration`7&lt;TState,TTrigger,TData,TCommand,TDerivedTrigger,TTransitionConfiguration,TConditional&gt;,System.Func`2&lt;TData,System.Boolean&gt;)" line-rate="1" branch-rate="1" complexity="1">
              <lines>
                <line number="110" hits="10" branch="False" />
              </lines>
            </method>
            <method name="Guard" signature="(FunctionalStateMachine.Core.INoDataTransitionConfiguration`5&lt;TState,TTrigger,TCommand,TTransitionConfiguration,TConditional&gt;,System.Func`2&lt;TState,System.Boolean&gt;)" line-rate="1" branch-rate="1" complexity="1">
              <lines>
                <line number="120" hits="6" branch="False" />
              </lines>
            </method>
            <method name="Guard" signature="(FunctionalStateMachine.Core.INoDataTransitionConfiguration`5&lt;TState,TTrigger,TCommand,TTransitionConfiguration,TConditional&gt;,System.String,System.Func`2&lt;TState,System.Boolean&gt;)" line-rate="1" branch-rate="1" complexity="1">
              <lines>
                <line number="131" hits="6" branch="False" />
              </lines>
            </method>
            <method name="Guard" signature="(FunctionalStateMachine.Core.INoDataTransitionConfiguration`5&lt;TState,TTrigger,TCommand,TTransitionConfiguration,TConditional&gt;,System.String,System.Func`3&lt;TState,TTrigger,System.Boolean&gt;)" line-rate="1" branch-rate="1" complexity="1">
              <lines>
                <line number="142" hits="2" branch="False" />
              </lines>
            </method>
            <method name="Guard" signature="(FunctionalStateMachine.Core.INoDataTransitionConfiguration`6&lt;TState,TTrigger,TCommand,TDerivedTrigger,TTransitionConfiguration,TConditional&gt;,System.String,System.Func`3&lt;TState,TDerivedTrigger,System.Boolean&gt;)" line-rate="1" branch-rate="1" complexity="1">
              <lines>
                <line number="154" hits="2" branch="False" />
              </lines>
            </method>
          </methods>
          <lines>
            <line number="13" hits="5" branch="False" />
            <line number="23" hits="6" branch="False" />
            <line number="33" hits="9" branch="False" />
            <line number="44" hits="5" branch="False" />
            <line number="54" hits="5" branch="False" />
            <line number="65" hits="5" branch="False" />
            <line number="76" hits="2" branch="False" />
            <line number="87" hits="6" branch="False" />
            <line number="99" hits="2" branch="False" />
            <line number="110" hits="10" branch="False" />
            <line number="120" hits="6" branch="False" />
            <line number="131" hits="6" branch="False" />
            <line number="142" hits="2" branch="False" />
            <line number="154" hits="2" branch="False" />
          </lines>
        </class>
        <class name="FunctionalStateMachine.Core.StateMachineBuilderExtensions" filename="ConfigurationExtensions.If.cs" line-rate="1" branch-rate="1" complexity="4">
          <methods>
            <method name="If" signature="(FunctionalStateMachine.Core.ITransitionConfiguration`6&lt;TState,TTrigger,TData,TCommand,TTransitionConfiguration,TConditional&gt;,System.Func`3&lt;TData,TTrigger,System.Boolean&gt;)" line-rate="1" branch-rate="1" complexity="1">
              <lines>
                <line number="13" hits="4" branch="False" />
              </lines>
            </method>
            <method name="If" signature="(FunctionalStateMachine.Core.ITransitionConfiguration`7&lt;TState,TTrigger,TData,TCommand,TDerivedTrigger,TTransitionConfiguration,TConditional&gt;,System.Func`3&lt;TData,TDerivedTrigger,System.Boolean&gt;)" line-rate="1" branch-rate="1" complexity="1">
              <lines>
                <line number="24" hits="44" branch="False" />
              </lines>
            </method>
            <method name="If" signature="(FunctionalStateMachine.Core.ITransitionConfiguration`7&lt;TState,TTrigger,TData,TCommand,TDerivedTrigger,TTransitionConfiguration,TConditional&gt;,System.Func`2&lt;TData,System.Boolean&gt;)" line-rate="1" branch-rate="1" complexity="1">
              <lines>
                <line number="35" hits="9" branch="False" />
              </lines>
            </method>
            <method name="If" signature="(FunctionalStateMachine.Core.INoDataTransitionConfiguration`5&lt;TState,TTrigger,TCommand,TTransitionConfiguration,TConditional&gt;,System.Func`2&lt;TTrigger,System.Boolean&gt;)" line-rate="1" branch-rate="1" complexity="1">
              <lines>
                <line number="45" hits="4" branch="False" />
              </lines>
            </method>
          </methods>
          <lines>
            <line number="13" hits="4" branch="False" />
            <line number="24" hits="44" branch="False" />
            <line number="35" hits="9" branch="False" />
            <line number="45" hits="4" branch="False" />
          </lines>
        </class>
        <class name="FunctionalStateMachine.Core.StateMachineBuilderExtensions" filename="ConfigurationExtensions.ModifyData.cs" line-rate="1" branch-rate="1" complexity="6">
          <methods>
            <method name="ModifyData" signature="(FunctionalStateMachine.Core.IImmediateTransitionConfiguration`5&lt;TState,TTrigger,TData,TCommand,TImmediateTransitionConfiguration&gt;,System.Func`2&lt;TData,TData&gt;)" line-rate="1" branch-rate="1" complexity="1">
              <lines>
                <line number="13" hits="2" branch="False" />
              </lines>
            </method>
            <method name="ModifyData" signature="(FunctionalStateMachine.Core.ITransitionConfiguration`6&lt;TState,TTrigger,TData,TCommand,TTransitionConfiguration,TConditional&gt;,System.Func`2&lt;TData,TData&gt;)" line-rate="1" branch-rate="1" complexity="1">
              <lines>
                <line number="23" hits="8" branch="False" />
              </lines>
            </method>
            <method name="ModifyData" signature="(FunctionalStateMachine.Core.IConditionalTransitionConfiguration`6&lt;TState,TTrigger,TData,TCommand,TDerivedTrigger,TConditionalConfiguration&gt;,System.Func`3&lt;TData,TDerivedTrigger,TData&gt;)" line-rate="1" branch-rate="1" complexity="1">
              <lines>
                <line number="34" hits="6" branch="False" />
              </lines>
            </method>
            <method name="ModifyData" signature="(FunctionalStateMachine.Core.IConditionalTransitionConfiguration`6&lt;TState,TTrigger,TData,TCommand,TDerivedTrigger,TConditionalConfiguration&gt;,System.Func`2&lt;TData,TData&gt;)" line-rate="1" branch-rate="1" complexity="1">
              <lines>
                <line number="45" hits="6" branch="False" />
              </lines>
            </method>
            <method name="ModifyData" signature="(FunctionalStateMachine.Core.ITransitionConfiguration`7&lt;TState,TTrigger,TData,TCommand,TDerivedTrigger,TTransitionConfiguration,TConditional&gt;,System.Func`3&lt;TData,TDerivedTrigger,TData&gt;)" line-rate="1" branch-rate="1" complexity="1">
              <lines>
                <line number="56" hits="2" branch="False" />
              </lines>
            </method>
            <method name="ModifyData" signature="(FunctionalStateMachine.Core.ITransitionConfiguration`7&lt;TState,TTrigger,TData,TCommand,TDerivedTrigger,TTransitionConfiguration,TConditional&gt;,System.Func`2&lt;TData,TData&gt;)" line-rate="1" branch-rate="1" complexity="1">
              <lines>
                <line number="67" hits="2" branch="False" />
              </lines>
            </method>
          </methods>
          <lines>
            <line number="13" hits="2" branch="False" />
            <line number="23" hits="8" branch="False" />
            <line number="34" hits="6" branch="False" />
            <line number="45" hits="6" branch="False" />
            <line number="56" hits="2" branch="False" />
            <line number="67" hits="2" branch="False" />
          </lines>
        </class>
        <class name="FunctionalStateMachine.Core.StateMachineBuilderExtensions" filename="ConfigurationExtensions.OnEntry.cs" line-rate="1" branch-rate="1" complexity="5">
          <methods>
            <method name="OnEntry" signature="(FunctionalStateMachine.Core.IStateConfiguration`5&lt;TState,TTrigger,TData,TCommand,TStateConfiguration&gt;,System.Func`1&lt;TCommand&gt;)" line-rate="1" branch-rate="1" complexity="1">
              <lines>
                <line number="13" hits="4" branch="False" />
              </lines>
            </method>
            <method name="OnEntry" signature="(FunctionalStateMachine.Core.IStateConfiguration`5&lt;TState,TTrigger,TData,TCommand,TStateConfiguration&gt;,System.Func`2&lt;TData,TCommand&gt;)" line-rate="1" branch-rate="1" complexity="1">
              <lines>
                <line number="23" hits="12" branch="False" />
              </lines>
            </method>
            <method name="OnEntry" signature="(FunctionalStateMachine.Core.IStateConfiguration`5&lt;TState,TTrigger,TData,TCommand,TStateConfiguration&gt;,System.Func`3&lt;TState,TData,TCommand&gt;)" line-rate="1" branch-rate="1" complexity="1">
              <lines>
                <line number="33" hits="13" branch="False" />
              </lines>
            </method>
            <method name="OnEntry" signature="(FunctionalStateMachine.Core.IStateConfiguration`5&lt;TState,TTrigger,TData,TCommand,TStateConfiguration&gt;,System.Func`1&lt;System.Collections.Generic.IEnumerable`1&lt;TCommand&gt;&gt;)" line-rate="1" branch-rate="1" complexity="1">
              <lines>
                <line number="43" hits="4" branch="False" />
              </lines>
            </method>
            <method name="OnEntry" signature="(FunctionalStateMachine.Core.IStateConfiguration`5&lt;TState,TTrigger,TData,TCommand,TStateConfiguration&gt;,System.Func`2&lt;TData,System.Collections.Generic.IEnumerable`1&lt;TCommand&gt;&gt;)" line-rate="1" branch-rate="1" complexity="1">
              <lines>
                <line number="53" hits="4" branch="False" />
              </lines>
            </method>
          </methods>
          <lines>
            <line number="13" hits="4" branch="False" />
            <line number="23" hits="12" branch="False" />
            <line number="33" hits="13" branch="False" />
            <line number="43" hits="4" branch="False" />
            <line number="53" hits="4" branch="False" />
          </lines>
        </class>
        <class name="FunctionalStateMachine.Core.StateMachineBuilderExtensions" filename="ConfigurationExtensions.OnExit.cs" line-rate="1" branch-rate="1" complexity="3">
          <methods>
            <method name="OnExit" signature="(FunctionalStateMachine.Core.IStateConfiguration`5&lt;TState,TTrigger,TData,TCommand,TStateConfiguration&gt;,System.Func`1&lt;TCommand&gt;)" line-rate="1" branch-rate="1" complexity="1">
              <lines>
                <line number="13" hits="3" branch="False" />
              </lines>
            </method>
            <method name="OnExit" signature="(FunctionalStateMachine.Core.IStateConfiguration`5&lt;TState,TTrigger,TData,TCommand,TStateConfiguration&gt;,System.Func`2&lt;TData,TCommand&gt;)" line-rate="1" branch-rate="1" complexity="1">
              <lines>
                <line number="23" hits="4" branch="False" />
              </lines>
            </method>
            <method name="OnExit" signature="(FunctionalStateMachine.Core.IStateConfiguration`5&lt;TState,TTrigger,TData,TCommand,TStateConfiguration&gt;,System.Func`3&lt;TState,TData,TCommand&gt;)" line-rate="1" branch-rate="1" complexity="1">
              <lines>
                <line number="33" hits="9" branch="False" />
              </lines>
            </method>
          </methods>
          <lines>
            <line number="13" hits="3" branch="False" />
            <line number="23" hits="4" branch="False" />
            <line number="33" hits="9" branch="False" />
          </lines>
        </class>
        <class name="FunctionalStateMachine.Core.StateMachine`4" filename="StateMachine.Core.cs" line-rate="0.9618000000000001" branch-rate="0.9581000000000001" complexity="198">
          <methods>
            <method name="Create" signature="()" line-rate="1" branch-rate="1" complexity="1">
              <lines>
                <line number="19" hits="1130" branch="False" />
              </lines>
            </method>
            <method name="StartWith" signature="(TState)" line-rate="1" branch-rate="1" complexity="1">
              <lines>
                <line number="29" hits="1114" branch="False" />
                <line number="30" hits="1114" branch="False" />
                <line number="31" hits="1114" branch="False" />
              </lines>
            </method>
            <method name="For" signature="(TState)" line-rate="1" branch-rate="1" complexity="1">
              <lines>
                <line number="36" hits="2290" branch="False" />
                <line number="37" hits="2290" branch="False" />
              </lines>
            </method>
            <method name="OnUnhandled" signature="(System.Func`3&lt;TTrigger,TState,System.Collections.Generic.IEnumerable`1&lt;TCommand&gt;&gt;)" line-rate="1" branch-rate="1" complexity="1">
              <lines>
                <line number="43" hits="6" branch="False" />
                <line number="44" hits="6" branch="False" />
              </lines>
            </method>
            <method name="get_InitialState" signature="()" line-rate="1" branch-rate="1" complexity="2">
              <lines>
                <line number="51" hits="20" branch="True" condition-coverage="100% (2/2)">
                  <conditions>
                    <condition number="6" type="jump" coverage="100%" />
                  </conditions>
                </line>
                <line number="53" hits="2" branch="False" />
                <line number="56" hits="18" branch="False" />
              </lines>
            </method>
            <method name="Start" signature="(TData)" line-rate="1" branch-rate="1" complexity="2">
              <lines>
                <line number="62" hits="16" branch="False" />
                <line number="63" hits="16" branch="False" />
                <line number="64" hits="16" branch="False" />
                <line number="65" hits="16" branch="False" />
                <line number="67" hits="15" branch="True" condition-coverage="100% (2/2)">
                  <conditions>
                    <condition number="50" type="jump" coverage="100%" />
                  </conditions>
                </line>
                <line number="68" hits="15" branch="False" />
                <line number="69" hits="15" branch="False" />
                <line number="71" hits="15" branch="False" />
              </lines>
            </method>
            <method name="Fire" signature="(TTrigger,TState,TData)" line-rate="1" branch-rate="1" complexity="24">
              <lines>
                <line number="79" hits="20140" branch="True" condition-coverage="100% (2/2)">
                  <conditions>
                    <condition number="14" type="jump" coverage="100%" />
                  </conditions>
                </line>
                <line number="81" hits="2" branch="False" />
                <line number="84" hits="20138" branch="True" condition-coverage="100% (2/2)">
                  <conditions>
                    <condition number="77" type="jump" coverage="100%" />
                  </conditions>
                </line>
                <line number="86" hits="1" branch="False" />
                <line number="87" hits="1" branch="False" />
                <line number="90" hits="20137" branch="True" condition-coverage="100% (2/2)">
                  <conditions>
                    <condition number="144" type="jump" coverage="100%" />
                  </conditions>
                </line>
                <line number="92" hits="8" branch="False" />
                <line number="95" hits="60403" branch="True" condition-coverage="100% (2/2)">
                  <conditions>
                    <condition number="445" type="jump" coverage="100%" />
                  </conditions>
                </line>
                <line number="97" hits="20132" branch="True" condition-coverage="100% (4/4)">
                  <conditions>
                    <condition number="185" type="jump" coverage="100%" />
                    <condition number="202" type="jump" coverage="100%" />
                  </conditions>
                </line>
                <line number="102" hits="20119" branch="True" condition-coverage="100% (2/2)">
                  <conditions>
                    <condition number="214" type="jump" coverage="100%" />
                  </conditions>
                </line>
                <line number="104" hits="3" branch="False" />
                <line number="107" hits="20116" branch="False" />
                <line number="108" hits="20116" branch="False" />
                <line number="109" hits="20116" branch="False" />
                <line number="110" hits="20116" branch="False" />
                <line number="111" hits="20116" branch="False" />
                <line number="112" hits="20116" branch="False" />
                <line number="113" hits="20116" branch="False" />
                <line number="114" hits="20116" branch="False" />
                <line number="115" hits="20116" branch="False" />
                <line number="116" hits="20116" branch="False" />
                <line number="117" hits="20116" branch="True" condition-coverage="100% (4/4)">
                  <conditions>
                    <condition number="282" type="jump" coverage="100%" />
                    <condition number="286" type="jump" coverage="100%" />
                  </conditions>
                </line>
                <line number="118" hits="20116" branch="False" />
                <line number="119" hits="20116" branch="False" />
                <line number="120" hits="20116" branch="False" />
                <line number="121" hits="20116" branch="False" />
                <line number="122" hits="20116" branch="False" />
                <line number="123" hits="20116" branch="True" condition-coverage="100% (2/2)">
                  <conditions>
                    <condition number="314" type="jump" coverage="100%" />
                  </conditions>
                </line>
                <line number="124" hits="20116" branch="False" />
                <line number="126" hits="20116" branch="True" condition-coverage="100% (2/2)">
                  <conditions>
                    <condition number="335" type="jump" coverage="100%" />
                  </conditions>
                </line>
                <line number="128" hits="20076" branch="False" />
                <line number="129" hits="20076" branch="False" />
                <line number="130" hits="20076" branch="False" />
                <line number="133" hits="20116" branch="True" condition-coverage="100% (2/2)">
                  <conditions>
                    <condition number="397" type="jump" coverage="100%" />
                  </conditions>
                </line>
                <line number="134" hits="20116" branch="False" />
                <line number="135" hits="20116" branch="False" />
                <line number="136" hits="20116" branch="False" />
                <line number="139" hits="10" branch="False" />
                <line number="140" hits="20119" branch="False" />
              </lines>
            </method>
            <method name="HandleUnhandled" signature="(TTrigger,TState,TData)" line-rate="1" branch-rate="1" complexity="4">
              <lines>
                <line number="147" hits="18" branch="True" condition-coverage="100% (2/2)">
                  <conditions>
                    <condition number="6" type="jump" coverage="100%" />
                  </conditions>
                </line>
                <line number="149" hits="17" branch="False" />
                <line number="150" hits="17" branch="True" condition-coverage="100% (2/2)">
                  <conditions>
                    <condition number="33" type="jump" coverage="100%" />
                  </conditions>
                </line>
                <line number="151" hits="17" branch="False" />
                <line number="152" hits="17" branch="False" />
                <line number="153" hits="17" branch="False" />
                <line number="156" hits="1" branch="False" />
              </lines>
            </method>
            <method name="Validate" signature="(System.Boolean)" line-rate="1" branch-rate="1" complexity="56">
              <lines>
                <line number="161" hits="6884" branch="True" condition-coverage="100% (2/2)">
                  <conditions>
                    <condition number="39" type="jump" coverage="100%" />
                  </conditions>
                </line>
                <line number="163" hits="2290" branch="False" />
                <line number="166" hits="6882" branch="True" condition-coverage="100% (2/2)">
                  <conditions>
                    <condition number="214" type="jump" coverage="100%" />
                  </conditions>
                </line>
                <line number="168" hits="2290" branch="True" condition-coverage="100% (2/2)">
                  <conditions>
                    <condition number="93" type="jump" coverage="100%" />
                  </conditions>
                </line>
                <line number="173" hits="23" branch="True" condition-coverage="100% (2/2)">
                  <conditions>
                    <condition number="114" type="jump" coverage="100%" />
                  </conditions>
                </line>
                <line number="175" hits="2" branch="False" />
                <line number="176" hits="2" branch="False" />
                <line number="179" hits="21" branch="False" />
                <line number="182" hits="6854" branch="True" condition-coverage="100% (2/2)">
                  <conditions>
                    <condition number="672" type="jump" coverage="100%" />
                  </conditions>
                </line>
                <line number="184" hits="2280" branch="True" condition-coverage="100% (2/2)">
                  <conditions>
                    <condition number="273" type="jump" coverage="100%" />
                  </conditions>
                </line>
                <line number="186" hits="17" branch="True" condition-coverage="100% (2/2)">
                  <conditions>
                    <condition number="285" type="jump" coverage="100%" />
                  </conditions>
                </line>
                <line number="188" hits="1" branch="False" />
                <line number="189" hits="1" branch="False" />
                <line number="192" hits="16" branch="True" condition-coverage="100% (2/2)">
                  <conditions>
                    <condition number="368" type="jump" coverage="100%" />
                  </conditions>
                </line>
                <line number="194" hits="1" branch="False" />
                <line number="195" hits="1" branch="False" />
                <line number="198" hits="15" branch="True" condition-coverage="100% (4/4)">
                  <conditions>
                    <condition number="464" type="jump" coverage="100%" />
                    <condition number="490" type="jump" coverage="100%" />
                  </conditions>
                </line>
                <line number="199" hits="15" branch="False" />
                <line number="201" hits="1" branch="False" />
                <line number="202" hits="1" branch="False" />
                <line number="205" hits="2263" branch="True" condition-coverage="100% (2/2)">
                  <conditions>
                    <condition number="589" type="jump" coverage="100%" />
                  </conditions>
                </line>
                <line number="207" hits="2" branch="False" />
                <line number="208" hits="2" branch="False" />
                <line number="211" hits="2275" branch="False" />
                <line number="214" hits="6828" branch="True" condition-coverage="100% (2/2)">
                  <conditions>
                    <condition number="1312" type="jump" coverage="100%" />
                  </conditions>
                </line>
                <line number="216" hits="8946" branch="True" condition-coverage="100% (2/2)">
                  <conditions>
                    <condition number="1053" type="jump" coverage="100%" />
                  </conditions>
                </line>
                <line number="218" hits="2202" branch="True" condition-coverage="100% (4/4)">
                  <conditions>
                    <condition number="759" type="jump" coverage="100%" />
                    <condition number="773" type="jump" coverage="100%" />
                  </conditions>
                </line>
                <line number="223" hits="4338" branch="True" condition-coverage="100% (2/2)">
                  <conditions>
                    <condition number="912" type="jump" coverage="100%" />
                  </conditions>
                </line>
                <line number="225" hits="21" branch="True" condition-coverage="100% (2/2)">
                  <conditions>
                    <condition number="821" type="jump" coverage="100%" />
                  </conditions>
                </line>
                <line number="227" hits="2" branch="False" />
                <line number="228" hits="2" branch="False" />
                <line number="232" hits="2147" branch="True" condition-coverage="100% (4/4)">
                  <conditions>
                    <condition number="937" type="jump" coverage="100%" />
                    <condition number="957" type="jump" coverage="100%" />
                  </conditions>
                </line>
                <line number="234" hits="2" branch="False" />
                <line number="235" hits="2" branch="False" />
                <line number="239" hits="4590" branch="True" condition-coverage="100% (2/2)">
                  <conditions>
                    <condition number="1284" type="jump" coverage="100%" />
                  </conditions>
                </line>
                <line number="241" hits="27" branch="True" condition-coverage="100% (2/2)">
                  <conditions>
                    <condition number="1107" type="jump" coverage="100%" />
                  </conditions>
                </line>
                <line number="243" hits="1" branch="False" />
                <line number="244" hits="1" branch="False" />
                <line number="247" hits="26" branch="True" condition-coverage="100% (2/2)">
                  <conditions>
                    <condition number="1188" type="jump" coverage="100%" />
                  </conditions>
                </line>
                <line number="249" hits="1" branch="False" />
                <line number="250" hits="1" branch="False" />
                <line number="255" hits="1138" branch="True" condition-coverage="100% (2/2)">
                  <conditions>
                    <condition number="1339" type="jump" coverage="100%" />
                  </conditions>
                </line>
                <line number="257" hits="1108" branch="False" />
                <line number="261" hits="1138" branch="True" condition-coverage="100% (2/2)">
                  <conditions>
                    <condition number="1355" type="jump" coverage="100%" />
                  </conditions>
                </line>
                <line number="263" hits="1135" branch="False" />
                <line number="266" hits="1135" branch="True" condition-coverage="100% (2/2)">
                  <conditions>
                    <condition number="1386" type="jump" coverage="100%" />
                  </conditions>
                </line>
                <line number="268" hits="12" branch="True" condition-coverage="100% (2/2)">
                  <conditions>
                    <condition number="1411" type="jump" coverage="100%" />
                  </conditions>
                </line>
                <line number="269" hits="12" branch="False" />
                <line number="270" hits="27" branch="False" />
                <line number="274" hits="1123" branch="True" condition-coverage="100% (2/2)">
                  <conditions>
                    <condition number="1470" type="jump" coverage="100%" />
                  </conditions>
                </line>
                <line number="277" hits="272" branch="True" condition-coverage="100% (2/2)">
                  <conditions>
                    <condition number="1503" type="jump" coverage="100%" />
                  </conditions>
                </line>
                <line number="283" hits="1126" branch="False" />
              </lines>
            </method>
            <method name="ValidateNoCycles" signature="(TState)" line-rate="0.9" branch-rate="0.8332999999999999" complexity="6">
              <lines>
                <line number="287" hits="2275" branch="False" />
                <line number="288" hits="2275" branch="False" />
                <line number="289" hits="22" branch="False" />
                <line number="291" hits="2297" branch="True" condition-coverage="50% (1/2)">
                  <conditions>
                    <condition number="22" type="jump" coverage="50%" />
                  </conditions>
                </line>
                <line number="293" hits="0" branch="False" />
                <line number="296" hits="2297" branch="True" condition-coverage="100% (2/2)">
                  <conditions>
                    <condition number="32" type="jump" coverage="100%" />
                  </conditions>
                </line>
                <line number="298" hits="1" branch="False" />
                <line number="301" hits="2296" branch="True" condition-coverage="100% (2/2)">
                  <conditions>
                    <condition number="95" type="jump" coverage="100%" />
                  </conditions>
                </line>
                <line number="303" hits="2274" branch="False" />
                <line number="306" hits="22" branch="False" />
              </lines>
            </method>
            <method name="TryGetTransitionsInHierarchy" signature="(TState,TTrigger,System.Collections.Generic.List`1&lt;FunctionalStateMachine.Core.StateMachine`4/TransitionDefinition&lt;TState,TTrigger,TData,TCommand&gt;&gt;&amp;)" line-rate="0.8181" branch-rate="0.8332999999999999" complexity="6">
              <lines>
                <line number="315" hits="20137" branch="False" />
                <line number="316" hits="2" branch="False" />
                <line number="318" hits="20139" branch="True" condition-coverage="50% (1/2)">
                  <conditions>
                    <condition number="16" type="jump" coverage="50%" />
                  </conditions>
                </line>
                <line number="320" hits="0" branch="False" />
                <line number="321" hits="0" branch="False" />
                <line number="324" hits="20139" branch="True" condition-coverage="100% (2/2)">
                  <conditions>
                    <condition number="35" type="jump" coverage="100%" />
                  </conditions>
                </line>
                <line number="326" hits="20129" branch="False" />
                <line number="329" hits="10" branch="True" condition-coverage="100% (2/2)">
                  <conditions>
                    <condition number="45" type="jump" coverage="100%" />
                  </conditions>
                </line>
                <line number="331" hits="8" branch="False" />
                <line number="332" hits="8" branch="False" />
                <line number="335" hits="2" branch="False" />
              </lines>
            </method>
            <method name="ResolveInitialLeaf" signature="(TState)" line-rate="0.8461" branch-rate="0.75" complexity="8">
              <lines>
                <line number="341" hits="21255" branch="False" />
                <line number="342" hits="21255" branch="False" />
                <line number="343" hits="3" branch="False" />
                <line number="345" hits="21258" branch="True" condition-coverage="50% (1/2)">
                  <conditions>
                    <condition number="22" type="jump" coverage="50%" />
                  </conditions>
                </line>
                <line number="347" hits="0" branch="False" />
                <line number="350" hits="21258" branch="True" condition-coverage="100% (2/2)">
                  <conditions>
                    <condition number="32" type="jump" coverage="100%" />
                  </conditions>
                </line>
                <line number="352" hits="21254" branch="False" />
                <line number="355" hits="4" branch="True" condition-coverage="100% (2/2)">
                  <conditions>
                    <condition number="42" type="jump" coverage="100%" />
                  </conditions>
                </line>
                <line number="357" hits="1" branch="False" />
                <line number="358" hits="1" branch="False" />
                <line number="361" hits="3" branch="True" condition-coverage="50% (1/2)">
                  <conditions>
                    <condition number="106" type="jump" coverage="50%" />
                  </conditions>
                </line>
                <line number="363" hits="0" branch="False" />
                <line number="366" hits="3" branch="False" />
              </lines>
            </method>
            <method name="AppendExitCommands" signature="(System.Collections.Generic.List`1&lt;TCommand&gt;,TState,TState,TData)" line-rate="1" branch-rate="1" complexity="6">
              <lines>
                <line number="376" hits="20089" branch="True" condition-coverage="100% (2/2)">
                  <conditions>
                    <condition number="10" type="jump" coverage="100%" />
                  </conditions>
                </line>
                <line number="378" hits="4" branch="True" condition-coverage="100% (2/2)">
                  <conditions>
                    <condition number="69" type="jump" coverage="100%" />
                  </conditions>
                </line>
                <line number="380" hits="1" branch="False" />
                <line number="383" hits="1" branch="False" />
                <line number="386" hits="80358" branch="True" condition-coverage="100% (2/2)">
                  <conditions>
                    <condition number="144" type="jump" coverage="100%" />
                  </conditions>
                </line>
                <line number="388" hits="20091" branch="False" />
                <line number="390" hits="20088" branch="False" />
              </lines>
            </method>
            <method name="AppendEntryCommands" signature="(System.Collections.Generic.List`1&lt;TCommand&gt;,TState,TState,TData)" line-rate="0.8887999999999999" branch-rate="0.8332999999999999" complexity="6">
              <lines>
                <line number="398" hits="20089" branch="True" condition-coverage="50% (1/2)">
                  <conditions>
                    <condition number="12" type="jump" coverage="50%" />
                  </conditions>
                </line>
                <line number="400" hits="0" branch="False" />
                <line number="403" hits="20089" branch="True" condition-coverage="100% (2/2)">
                  <conditions>
                    <condition number="25" type="jump" coverage="100%" />
                  </conditions>
                </line>
                <line number="404" hits="20089" branch="False" />
                <line number="405" hits="20089" branch="False" />
                <line number="407" hits="20089" branch="False" />
                <line number="408" hits="80360" branch="True" condition-coverage="100% (2/2)">
                  <conditions>
                    <condition number="99" type="jump" coverage="100%" />
                  </conditions>
                </line>
                <line number="410" hits="20091" branch="False" />
                <line number="412" hits="20089" branch="False" />
              </lines>
            </method>
            <method name="AppendInitialEntryCommands" signature="(System.Collections.Generic.List`1&lt;TCommand&gt;,TState,TData)" line-rate="0.8571" branch-rate="0.75" complexity="4">
              <lines>
                <line number="419" hits="16" branch="True" condition-coverage="50% (1/2)">
                  <conditions>
                    <condition number="12" type="jump" coverage="50%" />
                  </conditions>
                </line>
                <line number="421" hits="0" branch="False" />
                <line number="424" hits="16" branch="False" />
                <line number="425" hits="16" branch="False" />
                <line number="426" hits="64" branch="True" condition-coverage="100% (2/2)">
                  <conditions>
                    <condition number="76" type="jump" coverage="100%" />
                  </conditions>
                </line>
                <line number="428" hits="16" branch="False" />
                <line number="430" hits="16" branch="False" />
              </lines>
            </method>
            <method name="GetHierarchyChain" signature="(TState)" line-rate="1" branch-rate="1" complexity="4">
              <lines>
                <line number="435" hits="80356" branch="False" />
                <line number="436" hits="80356" branch="False" />
                <line number="437" hits="14" branch="False" />
                <line number="439" hits="80370" branch="True" condition-coverage="100% (2/2)">
                  <conditions>
                    <condition number="22" type="jump" coverage="100%" />
                  </conditions>
                </line>
                <line number="444" hits="80370" branch="False" />
                <line number="445" hits="80370" branch="True" condition-coverage="100% (2/2)">
                  <conditions>
                    <condition number="37" type="jump" coverage="100%" />
                  </conditions>
                </line>
                <line number="450" hits="14" branch="False" />
                <line number="453" hits="80356" branch="False" />
              </lines>
            </method>
            <method name="GetStatesUntil" signature="(TState,TState)" line-rate="0.8" branch-rate="0.75" complexity="4">
              <lines>
                <line number="458" hits="2" branch="False" />
                <line number="459" hits="2" branch="False" />
                <line number="460" hits="4" branch="True" condition-coverage="100% (2/2)">
                  <conditions>
                    <condition number="130" type="jump" coverage="100%" />
                  </conditions>
                </line>
                <line number="462" hits="2" branch="False" />
                <line number="463" hits="2" branch="False" />
                <line number="464" hits="2" branch="True" condition-coverage="50% (1/2)">
                  <conditions>
                    <condition number="35" type="jump" coverage="50%" />
                  </conditions>
                </line>
                <line number="466" hits="0" branch="False" />
                <line number="467" hits="0" branch="False" />
                <line number="470" hits="2" branch="False" />
                <line number="473" hits="2" branch="False" />
              </lines>
            </method>
            <method name="GetStatesToRoot" signature="(TState)" line-rate="1" branch-rate="1" complexity="4">
              <lines>
                <line number="478" hits="40192" branch="False" />
                <line number="479" hits="40192" branch="False" />
                <line number="480" hits="5" branch="False" />
                <line number="482" hits="40197" branch="True" condition-coverage="100% (2/2)">
                  <conditions>
                    <condition number="22" type="jump" coverage="100%" />
                  </conditions>
                </line>
                <line number="487" hits="40197" branch="False" />
                <line number="488" hits="40197" branch="True" condition-coverage="100% (2/2)">
                  <conditions>
                    <condition number="37" type="jump" coverage="100%" />
                  </conditions>
                </line>
                <line number="493" hits="5" branch="False" />
                <line number="496" hits="40192" branch="False" />
              </lines>
            </method>
            <method name="HasTransitionTargetSteps" signature="(System.Collections.Generic.List`1&lt;FunctionalStateMachine.Core.StateMachine`4/TransitionStep&lt;TState,TTrigger,TData,TCommand&gt;&gt;)" line-rate="1" branch-rate="1" complexity="1">
              <lines>
                <line number="501" hits="67" branch="False" />
              </lines>
            </method>
            <method name="GetTransitionTargetStates" signature="(System.Collections.Generic.List`1&lt;FunctionalStateMachine.Core.StateMachine`4/TransitionStep&lt;TState,TTrigger,TData,TCommand&gt;&gt;)" line-rate="1" branch-rate="1" complexity="1">
              <lines>
                <line number="506" hits="2216" branch="False" />
                <line number="507" hits="2216" branch="False" />
                <line number="508" hits="2216" branch="False" />
              </lines>
            </method>
            <method name="CollectTransitionTargetStates" signature="(System.Collections.Generic.List`1&lt;FunctionalStateMachine.Core.StateMachine`4/TransitionStep&lt;TState,TTrigger,TData,TCommand&gt;&gt;,System.Collections.Generic.HashSet`1&lt;TState&gt;)" line-rate="1" branch-rate="1" complexity="8">
              <lines>
                <line number="513" hits="7252" branch="True" condition-coverage="100% (2/2)">
                  <conditions>
                    <condition number="113" type="jump" coverage="100%" />
                  </conditions>
                </line>
                <line number="515" hits="1299" branch="True" condition-coverage="100% (4/4)">
                  <conditions>
                    <condition number="26" type="jump" coverage="100%" />
                    <condition number="30" type="jump" coverage="100%" />
                  </conditions>
                </line>
                <line number="518" hits="40" branch="False" />
                <line number="519" hits="40" branch="False" />
                <line number="521" hits="340" branch="True" condition-coverage="100% (2/2)">
                  <conditions>
                    <condition number="88" type="jump" coverage="100%" />
                  </conditions>
                </line>
                <line number="523" hits="111" branch="False" />
                <line number="529" hits="2327" branch="False" />
              </lines>
            </method>
            <method name="TryFindLowestCommonAncestor" signature="(TState,TState,TState&amp;)" line-rate="1" branch-rate="1" complexity="4">
              <lines>
                <line number="533" hits="40178" branch="False" />
                <line number="534" hits="40178" branch="False" />
                <line number="535" hits="160722" branch="True" condition-coverage="100% (2/2)">
                  <conditions>
                    <condition number="63" type="jump" coverage="100%" />
                  </conditions>
                </line>
                <line number="537" hits="40184" branch="True" condition-coverage="100% (2/2)">
                  <conditions>
                    <condition number="43" type="jump" coverage="100%" />
                  </conditions>
                </line>
                <line number="539" hits="2" branch="False" />
                <line number="540" hits="2" branch="False" />
                <line number="544" hits="40176" branch="False" />
                <line number="545" hits="40176" branch="False" />
                <line number="546" hits="2" branch="False" />
              </lines>
            </method>
            <method name="GetOrCreateState" signature="(TState)" line-rate="1" branch-rate="1" complexity="2">
              <lines>
                <line number="550" hits="2290" branch="True" condition-coverage="100% (2/2)">
                  <conditions>
                    <condition number="14" type="jump" coverage="100%" />
                  </conditions>
                </line>
                <line number="552" hits="2290" branch="False" />
                <line number="553" hits="2290" branch="False" />
                <line number="556" hits="2290" branch="False" />
              </lines>
            </method>
[...]
              <lines>
                <line number="174" hits="3" branch="False" />
              </lines>
            </method>
            <method name=".ctor" signature="(FunctionalStateMachine.Core.StateMachineBuilder`3/StateConfiguration&lt;TState,TTrigger,TCommand&gt;,FunctionalStateMachine.Core.StateMachine`3/ImmediateTransitionConfiguration&lt;TState,TTrigger,TCommand&gt;)" line-rate="1" branch-rate="1" complexity="1">
              <lines>
                <line number="146" hits="3" branch="False" />
                <line number="147" hits="3" branch="False" />
                <line number="148" hits="3" branch="False" />
                <line number="150" hits="3" branch="False" />
                <line number="151" hits="3" branch="False" />
                <line number="152" hits="3" branch="False" />
              </lines>
            </method>
          </methods>
          <lines>
            <line number="156" hits="3" branch="False" />
            <line number="157" hits="3" branch="False" />
            <line number="162" hits="1" branch="False" />
            <line number="163" hits="1" branch="False" />
            <line number="168" hits="1" branch="False" />
            <line number="169" hits="1" branch="False" />
            <line number="174" hits="3" branch="False" />
            <line number="146" hits="3" branch="False" />
            <line number="147" hits="3" branch="False" />
            <line number="148" hits="3" branch="False" />
            <line number="150" hits="3" branch="False" />
            <line number="151" hits="3" branch="False" />
            <line number="152" hits="3" branch="False" />
          </lines>
        </class>
        <class name="FunctionalStateMachine.Core.StateMachineBuilder`3/TransitionConfiguration" filename="StateMachineBuilder.NoData.cs" line-rate="1" branch-rate="1" complexity="9">
          <methods>
            <method name="TransitionTo" signature="(TState)" line-rate="1" branch-rate="1" complexity="1">
              <lines>
                <line number="194" hits="16" branch="False" />
                <line number="195" hits="16" branch="False" />
              </lines>
            </method>
            <method name="Guard" signature="(System.Func`3&lt;TState,TTrigger,System.Boolean&gt;)" line-rate="1" branch-rate="1" complexity="1">
              <lines>
                <line number="200" hits="9" branch="False" />
                <line number="201" hits="9" branch="False" />
              </lines>
            </method>
            <method name="Execute" signature="(System.Func`3&lt;TState,TTrigger,System.Collections.Generic.IEnumerable`1&lt;TCommand&gt;&gt;)" line-rate="1" branch-rate="1" complexity="1">
              <lines>
                <line number="206" hits="12" branch="False" />
                <line number="207" hits="12" branch="False" />
              </lines>
            </method>
            <method name="If" signature="(System.Func`3&lt;TState,TTrigger,System.Boolean&gt;)" line-rate="1" branch-rate="1" complexity="1">
              <lines>
                <line number="212" hits="5" branch="False" />
              </lines>
            </method>
            <method name="Ignore" signature="()" line-rate="1" branch-rate="1" complexity="1">
              <lines>
                <line number="217" hits="1" branch="False" />
                <line number="218" hits="1" branch="False" />
              </lines>
            </method>
            <method name="Done" signature="()" line-rate="1" branch-rate="1" complexity="1">
              <lines>
                <line number="223" hits="29" branch="False" />
                <line number="224" hits="29" branch="False" />
              </lines>
            </method>
            <method name="On" signature="(TTrigger)" line-rate="1" branch-rate="1" complexity="1">
              <lines>
                <line number="229" hits="1" branch="False" />
              </lines>
            </method>
            <method name="On" signature="()" line-rate="1" branch-rate="1" complexity="1">
              <lines>
                <line number="235" hits="1" branch="False" />
              </lines>
            </method>
            <method name=".ctor" signature="(FunctionalStateMachine.Core.StateMachineBuilder`3/StateConfiguration&lt;TState,TTrigger,TCommand&gt;,FunctionalStateMachine.Core.StateMachine`3/TransitionConfiguration&lt;TState,TTrigger,TCommand&gt;)" line-rate="1" branch-rate="1" complexity="1">
              <lines>
                <line number="184" hits="32" branch="False" />
                <line number="185" hits="32" branch="False" />
                <line number="186" hits="32" branch="False" />
                <line number="188" hits="32" branch="False" />
                <line number="189" hits="32" branch="False" />
                <line number="190" hits="32" branch="False" />
              </lines>
            </method>
          </methods>
          <lines>
            <line number="194" hits="16" branch="False" />
            <line number="195" hits="16" branch="False" />
            <line number="200" hits="9" branch="False" />
            <line number="201" hits="9" branch="False" />
            <line number="206" hits="12" branch="False" />
            <line number="207" hits="12" branch="False" />
            <line number="212" hits="5" branch="False" />
            <line number="217" hits="1" branch="False" />
            <line number="218" hits="1" branch="False" />
            <line number="223" hits="29" branch="False" />
            <line number="224" hits="29" branch="False" />
            <line number="229" hits="1" branch="False" />
            <line number="235" hits="1" branch="False" />
            <line number="184" hits="32" branch="False" />
            <line number="185" hits="32" branch="False" />
            <line number="186" hits="32" branch="False" />
            <line number="188" hits="32" branch="False" />
            <line number="189" hits="32" branch="False" />
            <line number="190" hits="32" branch="False" />
          </lines>
        </class>
        <class name="FunctionalStateMachine.Core.StateMachineBuilder`3/TransitionConfiguration`1" filename="StateMachineBuilder.NoData.cs" line-rate="0.8571" branch-rate="1" complexity="11">
          <methods>
            <method name="TransitionTo" signature="(TState)" line-rate="1" branch-rate="1" complexity="1">
              <lines>
                <line number="256" hits="4" branch="False" />
                <line number="257" hits="4" branch="False" />
              </lines>
            </method>
            <method name="Guard" signature="(System.Func`3&lt;TState,TDerivedTrigger,System.Boolean&gt;)" line-rate="1" branch-rate="1" complexity="1">
              <lines>
                <line number="263" hits="3" branch="False" />
                <line number="264" hits="3" branch="False" />
              </lines>
            </method>
            <method name="Execute" signature="(System.Func`3&lt;TState,TDerivedTrigger,System.Collections.Generic.IEnumerable`1&lt;TCommand&gt;&gt;)" line-rate="1" branch-rate="1" complexity="1">
              <lines>
                <line number="270" hits="8" branch="False" />
                <line number="271" hits="8" branch="False" />
              </lines>
            </method>
            <method name="If" signature="(System.Func`3&lt;TState,TDerivedTrigger,System.Boolean&gt;)" line-rate="1" branch-rate="1" complexity="1">
              <lines>
                <line number="277" hits="3" branch="False" />
              </lines>
            </method>
            <method name="Ignore" signature="()" line-rate="1" branch-rate="1" complexity="1">
              <lines>
                <line number="282" hits="1" branch="False" />
                <line number="283" hits="1" branch="False" />
              </lines>
            </method>
            <method name="Done" signature="()" line-rate="1" branch-rate="1" complexity="1">
              <lines>
                <line number="288" hits="6" branch="False" />
                <line number="289" hits="6" branch="False" />
              </lines>
            </method>
            <method name="On" signature="(TTrigger)" line-rate="0" branch-rate="1" complexity="1">
              <lines>
                <line number="294" hits="0" branch="False" />
              </lines>
            </method>
            <method name="On" signature="()" line-rate="0" branch-rate="1" complexity="1">
              <lines>
                <line number="300" hits="0" branch="False" />
              </lines>
            </method>
            <method name="For" signature="(TState)" line-rate="1" branch-rate="1" complexity="1">
              <lines>
                <line number="305" hits="1" branch="False" />
              </lines>
            </method>
            <method name="Build" signature="()" line-rate="0" branch-rate="1" complexity="1">
              <lines>
                <line number="310" hits="0" branch="False" />
              </lines>
            </method>
            <method name=".ctor" signature="(FunctionalStateMachine.Core.StateMachineBuilder`3/StateConfiguration&lt;TState,TTrigger,TCommand&gt;,FunctionalStateMachine.Core.StateMachine`3/TransitionConfiguration`1&lt;TState,TTrigger,TCommand,TDerivedTrigger&gt;)" line-rate="1" branch-rate="1" complexity="1">
              <lines>
                <line number="246" hits="8" branch="False" />
                <line number="247" hits="8" branch="False" />
                <line number="248" hits="8" branch="False" />
                <line number="250" hits="8" branch="False" />
                <line number="251" hits="8" branch="False" />
                <line number="252" hits="8" branch="False" />
              </lines>
            </method>
          </methods>
          <lines>
            <line number="256" hits="4" branch="False" />
            <line number="257" hits="4" branch="False" />
            <line number="263" hits="3" branch="False" />
            <line number="264" hits="3" branch="False" />
            <line number="270" hits="8" branch="False" />
            <line number="271" hits="8" branch="False" />
            <line number="277" hits="3" branch="False" />
            <line number="282" hits="1" branch="False" />
            <line number="283" hits="1" branch="False" />
            <line number="288" hits="6" branch="False" />
            <line number="289" hits="6" branch="False" />
            <line number="294" hits="0" branch="False" />
            <line number="300" hits="0" branch="False" />
            <line number="305" hits="1" branch="False" />
            <line number="310" hits="0" branch="False" />
            <line number="246" hits="8" branch="False" />
            <line number="247" hits="8" branch="False" />
            <line number="248" hits="8" branch="False" />
            <line number="250" hits="8" branch="False" />
            <line number="251" hits="8" branch="False" />
            <line number="252" hits="8" branch="False" />
          </lines>
        </class>
        <class name="FunctionalStateMachine.Core.StateMachineBuilder`3/ConditionalTransitionConfiguration" filename="StateMachineBuilder.NoData.cs" line-rate="1" branch-rate="1" complexity="6">
          <methods>
            <method name="Execute" signature="(System.Func`3&lt;TState,TTrigger,System.Collections.Generic.IEnumerable`1&lt;TCommand&gt;&gt;)" line-rate="1" branch-rate="1" complexity="1">
              <lines>
                <line number="331" hits="7" branch="False" />
                <line number="332" hits="7" branch="False" />
              </lines>
            </method>
            <method name="TransitionTo" signature="(TState)" line-rate="1" branch-rate="1" complexity="1">
              <lines>
                <line number="337" hits="2" branch="False" />
                <line number="338" hits="2" branch="False" />
              </lines>
            </method>
            <method name="ElseIf" signature="(System.Func`3&lt;TState,TTrigger,System.Boolean&gt;)" line-rate="1" branch-rate="1" complexity="1">
              <lines>
                <line number="343" hits="1" branch="False" />
                <line number="344" hits="1" branch="False" />
              </lines>
            </method>
            <method name="Else" signature="()" line-rate="1" branch-rate="1" complexity="1">
              <lines>
                <line number="349" hits="2" branch="False" />
                <line number="350" hits="2" branch="False" />
              </lines>
            </method>
            <method name="Done" signature="()" line-rate="1" branch-rate="1" complexity="1">
              <lines>
                <line number="355" hits="5" branch="False" />
                <line number="356" hits="5" branch="False" />
              </lines>
            </method>
            <method name=".ctor" signature="(FunctionalStateMachine.Core.StateMachineBuilder`3/TransitionConfiguration&lt;TState,TTrigger,TCommand&gt;,FunctionalStateMachine.Core.StateMachine`3/ConditionalTransitionConfiguration&lt;TState,TTrigger,TCommand&gt;)" line-rate="1" branch-rate="1" complexity="1">
              <lines>
                <line number="320" hits="5" branch="False" />
                <line number="321" hits="5" branch="False" />
                <line number="322" hits="5" branch="False" />
                <line number="324" hits="5" branch="False" />
                <line number="325" hits="5" branch="False" />
                <line number="326" hits="5" branch="False" />
              </lines>
            </method>
          </methods>
          <lines>
            <line number="331" hits="7" branch="False" />
            <line number="332" hits="7" branch="False" />
            <line number="337" hits="2" branch="False" />
            <line number="338" hits="2" branch="False" />
            <line number="343" hits="1" branch="False" />
            <line number="344" hits="1" branch="False" />
            <line number="349" hits="2" branch="False" />
            <line number="350" hits="2" branch="False" />
            <line number="355" hits="5" branch="False" />
            <line number="356" hits="5" branch="False" />
            <line number="320" hits="5" branch="False" />
            <line number="321" hits="5" branch="False" />
            <line number="322" hits="5" branch="False" />
            <line number="324" hits="5" branch="False" />
            <line number="325" hits="5" branch="False" />
            <line number="326" hits="5" branch="False" />
          </lines>
        </class>
        <class name="FunctionalStateMachine.Core.StateMachineBuilder`3/ConditionalTransitionConfiguration`1" filename="StateMachineBuilder.NoData.cs" line-rate="1" branch-rate="1" complexity="6">
          <methods>
            <method name="Execute" signature="(System.Func`3&lt;TState,TDerivedTrigger,System.Collections.Generic.IEnumerable`1&lt;TCommand&gt;&gt;)" line-rate="1" branch-rate="1" complexity="1">
              <lines>
                <line number="379" hits="5" branch="False" />
                <line number="380" hits="5" branch="False" />
              </lines>
            </method>
            <method name="TransitionTo" signature="(TState)" line-rate="1" branch-rate="1" complexity="1">
              <lines>
                <line number="385" hits="1" branch="False" />
                <line number="386" hits="1" branch="False" />
              </lines>
            </method>
            <method name="ElseIf" signature="(System.Func`3&lt;TState,TDerivedTrigger,System.Boolean&gt;)" line-rate="1" branch-rate="1" complexity="1">
              <lines>
                <line number="392" hits="1" branch="False" />
                <line number="393" hits="1" branch="False" />
              </lines>
            </method>
            <method name="Else" signature="()" line-rate="1" branch-rate="1" complexity="1">
              <lines>
                <line number="398" hits="1" branch="False" />
                <line number="399" hits="1" branch="False" />
              </lines>
            </method>
            <method name="Done" signature="()" line-rate="1" branch-rate="1" complexity="1">
              <lines>
                <line number="404" hits="3" branch="False" />
                <line number="405" hits="3" branch="False" />
              </lines>
            </method>
            <method name=".ctor" signature="(FunctionalStateMachine.Core.StateMachineBuilder`3/TransitionConfiguration`1&lt;TState,TTrigger,TCommand,TDerivedTrigger&gt;,FunctionalStateMachine.Core.StateMachine`3/ConditionalTransitionConfiguration`1&lt;TState,TTrigger,TCommand,TDerivedTrigger&gt;)" line-rate="1" branch-rate="1" complexity="1">
              <lines>
                <line number="368" hits="3" branch="False" />
                <line number="369" hits="3" branch="False" />
                <line number="370" hits="3" branch="False" />
                <line number="372" hits="3" branch="False" />
                <line number="373" hits="3" branch="False" />
                <line number="374" hits="3" branch="False" />
              </lines>
            </method>
          </methods>
          <lines>
            <line number="379" hits="5" branch="False" />
            <line number="380" hits="5" branch="False" />
            <line number="385" hits="1" branch="False" />
            <line number="386" hits="1" branch="False" />
            <line number="392" hits="1" branch="False" />
            <line number="393" hits="1" branch="False" />
            <line number="398" hits="1" branch="False" />
            <line number="399" hits="1" branch="False" />
            <line number="404" hits="3" branch="False" />
            <line number="405" hits="3" branch="False" />
            <line number="368" hits="3" branch="False" />
            <line number="369" hits="3" branch="False" />
            <line number="370" hits="3" branch="False" />
            <line number="372" hits="3" branch="False" />
            <line number="373" hits="3" branch="False" />
            <line number="374" hits="3" branch="False" />
          </lines>
        </class>
        <class name="FunctionalStateMachine.Core.TriggerTypeRegistry" filename="TriggerTypeRegistry.cs" line-rate="1" branch-rate="0.5" complexity="4">
          <methods>
            <method name="Register" signature="(System.Type[])" line-rate="1" branch-rate="0.5" complexity="2">
              <lines>
                <line number="25" hits="1" branch="True" condition-coverage="50% (1/2)">
                  <conditions>
                    <condition number="17" type="jump" coverage="50%" />
                  </conditions>
                </line>
                <line number="26" hits="1" branch="False" />
              </lines>
            </method>
            <method name="TryGet" signature="(System.Type[]&amp;)" line-rate="1" branch-rate="1" complexity="1">
              <lines>
                <line number="34" hits="1138" branch="False" />
              </lines>
            </method>
            <method name=".cctor" signature="()" line-rate="1" branch-rate="1" complexity="1">
              <lines>
                <line number="17" hits="1" branch="False" />
              </lines>
            </method>
          </methods>
          <lines>
            <line number="25" hits="1" branch="True" condition-coverage="50% (1/2)">
              <conditions>
                <condition number="17" type="jump" coverage="50%" />
              </conditions>
            </line>
            <line number="26" hits="1" branch="False" />
            <line number="34" hits="1138" branch="False" />
            <line number="17" hits="1" branch="False" />
          </lines>
        </class>
      </classes>
    </package>
  </packages>
</coverage>