<?xml version="1.0" encoding="utf-8"?>
<coverage line-rate="0.5013000000000001" branch-rate="0.7134999999999999" version="1.9" timestamp="1771845895" lines-covered="563" lines-valid="1123" branches-covered="274" branches-valid="384">
  <sources>
    <source>/home/runner/work/FunctionalStateMachine/FunctionalStateMachine/src/</source>
  </sources>
  <packages>
    <package name="FunctionalStateMachine.Core" line-rate="0.5036" branch-rate="0.7272" complexity="719">
      <classes>
        <class name="FunctionalStateMachine.Core.StateMachineBuilderExtensions" filename="FunctionalStateMachine.Core/ConfigurationExtensions.cs" line-rate="1" branch-rate="1" complexity="1">
          <methods>
            <method name="Single" signature="(TCommand)" line-rate="1" branch-rate="1" complexity="1">
              <lines>
                <line number="6" hits="2" branch="False" />
              </lines>
            </method>
          </methods>
          <lines>
            <line number="6" hits="2" branch="False" />
          </lines>
        </class>
        <class name="FunctionalStateMachine.Core.StateMachineBuilderExtensions" filename="FunctionalStateMachine.Core/ConfigurationExtensions.ElseIf.cs" line-rate="1" branch-rate="1" complexity="2">
          <methods>
            <method name="ElseIf" signature="(FunctionalStateMachine.Core.IConditionalTransitionConfiguration`6&lt;TState,TTrigger,TData,TCommand,TDerivedTrigger,TConditionalConfiguration&gt;,System.Func`3&lt;TData,TDerivedTrigger,System.Boolean&gt;)" line-rate="1" branch-rate="1" complexity="1">
              <lines>
                <line number="14" hits="6" branch="False" />
              </lines>
            </method>
            <method name="ElseIf" signature="(FunctionalStateMachine.Core.IConditionalTransitionConfiguration`6&lt;TState,TTrigger,TData,TCommand,TDerivedTrigger,TConditionalConfiguration&gt;,System.Func`2&lt;TData,System.Boolean&gt;)" line-rate="1" branch-rate="1" complexity="1">
              <lines>
                <line number="25" hits="7" branch="False" />
              </lines>
            </method>
          </methods>
          <lines>
            <line number="14" hits="6" branch="False" />
            <line number="25" hits="7" branch="False" />
          </lines>
        </class>
        <class name="FunctionalStateMachine.Core.StateMachineBuilderExtensions" filename="FunctionalStateMachine.Core/ConfigurationExtensions.Execute.cs" line-rate="0.10339999999999999" branch-rate="1" complexity="58">
          <methods>
            <method name="Execute" signature="(FunctionalStateMachine.Core.IImmediateTransitionConfiguration`5&lt;TState,TTrigger,TData,TCommand,TImmediateTransitionConfiguration&gt;,System.Func`1&lt;System.Collections.Generic.IEnumerable`1&lt;TCommand&gt;&gt;)" line-rate="1" branch-rate="1" complexity="1">
              <lines>
                <line number="13" hits="7" branch="False" />
              </lines>
            </method>
            <method name="Execute" signature="(FunctionalStateMachine.Core.ITransitionConfiguration`6&lt;TState,TTrigger,TData,TCommand,TTransitionConfiguration,TConditional&gt;,System.Func`1&lt;TCommand&gt;)" line-rate="0" branch-rate="1" complexity="1">
              <lines>
                <line number="23" hits="0" branch="False" />
              </lines>
            </method>
            <method name="Execute" signature="(FunctionalStateMachine.Core.ITransitionConfiguration`6&lt;TState,TTrigger,TData,TCommand,TTransitionConfiguration,TConditional&gt;,System.Func`2&lt;TData,TCommand&gt;)" line-rate="0" branch-rate="1" complexity="1">
              <lines>
                <line number="33" hits="0" branch="False" />
              </lines>
            </method>
            <method name="Execute" signature="(FunctionalStateMachine.Core.ITransitionConfiguration`6&lt;TState,TTrigger,TData,TCommand,TTransitionConfiguration,TConditional&gt;,System.Func`3&lt;TState,TData,TCommand&gt;)" line-rate="0" branch-rate="1" complexity="1">
              <lines>
                <line number="43" hits="0" branch="False" />
              </lines>
            </method>
            <method name="Execute" signature="(FunctionalStateMachine.Core.ITransitionConfiguration`6&lt;TState,TTrigger,TData,TCommand,TTransitionConfiguration,TConditional&gt;,System.Func`2&lt;TTrigger,TCommand&gt;)" line-rate="0" branch-rate="1" complexity="1">
              <lines>
                <line number="53" hits="0" branch="False" />
              </lines>
            </method>
            <method name="Execute" signature="(FunctionalStateMachine.Core.ITransitionConfiguration`6&lt;TState,TTrigger,TData,TCommand,TTransitionConfiguration,TConditional&gt;,System.Func`3&lt;TData,TTrigger,TCommand&gt;)" line-rate="0" branch-rate="1" complexity="1">
              <lines>
                <line number="63" hits="0" branch="False" />
              </lines>
            </method>
            <method name="Execute" signature="(FunctionalStateMachine.Core.ITransitionConfiguration`6&lt;TState,TTrigger,TData,TCommand,TTransitionConfiguration,TConditional&gt;,System.Func`4&lt;TState,TData,TTrigger,TCommand&gt;)" line-rate="0" branch-rate="1" complexity="1">
              <lines>
                <line number="73" hits="0" branch="False" />
              </lines>
            </method>
            <method name="Execute" signature="(FunctionalStateMachine.Core.ITransitionConfiguration`6&lt;TState,TTrigger,TData,TCommand,TTransitionConfiguration,TConditional&gt;,System.Func`1&lt;System.Collections.Generic.IEnumerable`1&lt;TCommand&gt;&gt;)" line-rate="0" branch-rate="1" complexity="1">
              <lines>
                <line number="83" hits="0" branch="False" />
              </lines>
            </method>
            <method name="Execute" signature="(FunctionalStateMachine.Core.ITransitionConfiguration`6&lt;TState,TTrigger,TData,TCommand,TTransitionConfiguration,TConditional&gt;,System.Func`2&lt;TData,System.Collections.Generic.IEnumerable`1&lt;TCommand&gt;&gt;)" line-rate="0" branch-rate="1" complexity="1">
              <lines>
                <line number="93" hits="0" branch="False" />
              </lines>
            </method>
            <method name="Execute" signature="(FunctionalStateMachine.Core.ITransitionConfiguration`6&lt;TState,TTrigger,TData,TCommand,TTransitionConfiguration,TConditional&gt;,System.Func`3&lt;TState,TData,System.Collections.Generic.IEnumerable`1&lt;TCommand&gt;&gt;)" line-rate="0" branch-rate="1" complexity="1">
              <lines>
                <line number="103" hits="0" branch="False" />
              </lines>
            </method>
            <method name="Execute" signature="(FunctionalStateMachine.Core.ITransitionConfiguration`6&lt;TState,TTrigger,TData,TCommand,TTransitionConfiguration,TConditional&gt;,System.Func`2&lt;TTrigger,System.Collections.Generic.IEnumerable`1&lt;TCommand&gt;&gt;)" line-rate="0" branch-rate="1" complexity="1">
              <lines>
                <line number="113" hits="0" branch="False" />
              </lines>
            </method>
            <method name="Execute" signature="(FunctionalStateMachine.Core.ITransitionConfiguration`6&lt;TState,TTrigger,TData,TCommand,TTransitionConfiguration,TConditional&gt;,System.Func`3&lt;TData,TTrigger,System.Collections.Generic.IEnumerable`1&lt;TCommand&gt;&gt;)" line-rate="0" branch-rate="1" complexity="1">
              <lines>
                <line number="123" hits="0" branch="False" />
              </lines>
            </method>
            <method name="Execute" signature="(FunctionalStateMachine.Core.IConditionalTransitionConfiguration`5&lt;TState,TTrigger,TData,TCommand,TConditionalConfiguration&gt;,System.Func`1&lt;TCommand&gt;)" line-rate="0" branch-rate="1" complexity="1">
              <lines>
                <line number="133" hits="0" branch="False" />
              </lines>
            </method>
            <method name="Execute" signature="(FunctionalStateMachine.Core.IConditionalTransitionConfiguration`5&lt;TState,TTrigger,TData,TCommand,TConditionalConfiguration&gt;,System.Func`2&lt;TData,TCommand&gt;)" line-rate="0" branch-rate="1" complexity="1">
              <lines>
                <line number="143" hits="0" branch="False" />
              </lines>
            </method>
            <method name="Execute" signature="(FunctionalStateMachine.Core.IConditionalTransitionConfiguration`5&lt;TState,TTrigger,TData,TCommand,TConditionalConfiguration&gt;,System.Func`3&lt;TState,TData,TCommand&gt;)" line-rate="0" branch-rate="1" complexity="1">
              <lines>
                <line number="153" hits="0" branch="False" />
              </lines>
            </method>
            <method name="Execute" signature="(FunctionalStateMachine.Core.IConditionalTransitionConfiguration`5&lt;TState,TTrigger,TData,TCommand,TConditionalConfiguration&gt;,System.Func`2&lt;TTrigger,TCommand&gt;)" line-rate="0" branch-rate="1" complexity="1">
              <lines>
                <line number="163" hits="0" branch="False" />
              </lines>
            </method>
            <method name="Execute" signature="(FunctionalStateMachine.Core.IConditionalTransitionConfiguration`5&lt;TState,TTrigger,TData,TCommand,TConditionalConfiguration&gt;,System.Func`3&lt;TData,TTrigger,TCommand&gt;)" line-rate="0" branch-rate="1" complexity="1">
              <lines>
                <line number="173" hits="0" branch="False" />
              </lines>
            </method>
            <method name="Execute" signature="(FunctionalStateMachine.Core.IConditionalTransitionConfiguration`5&lt;TState,TTrigger,TData,TCommand,TConditionalConfiguration&gt;,System.Func`4&lt;TState,TData,TTrigger,TCommand&gt;)" line-rate="0" branch-rate="1" complexity="1">
              <lines>
                <line number="183" hits="0" branch="False" />
              </lines>
            </method>
            <method name="Execute" signature="(FunctionalStateMachine.Core.IConditionalTransitionConfiguration`5&lt;TState,TTrigger,TData,TCommand,TConditionalConfiguration&gt;,System.Func`1&lt;System.Collections.Generic.IEnumerable`1&lt;TCommand&gt;&gt;)" line-rate="0" branch-rate="1" complexity="1">
              <lines>
                <line number="193" hits="0" branch="False" />
              </lines>
            </method>
            <method name="Execute" signature="(FunctionalStateMachine.Core.IConditionalTransitionConfiguration`5&lt;TState,TTrigger,TData,TCommand,TConditionalConfiguration&gt;,System.Func`2&lt;TData,System.Collections.Generic.IEnumerable`1&lt;TCommand&gt;&gt;)" line-rate="0" branch-rate="1" complexity="1">
              <lines>
                <line number="203" hits="0" branch="False" />
              </lines>
            </method>
            <method name="Execute" signature="(FunctionalStateMachine.Core.IConditionalTransitionConfiguration`5&lt;TState,TTrigger,TData,TCommand,TConditionalConfiguration&gt;,System.Func`3&lt;TState,TData,System.Collections.Generic.IEnumerable`1&lt;TCommand&gt;&gt;)" line-rate="0" branch-rate="1" complexity="1">
              <lines>
                <line number="213" hits="0" branch="False" />
              </lines>
            </method>
            <method name="Execute" signature="(FunctionalStateMachine.Core.IConditionalTransitionConfiguration`5&lt;TState,TTrigger,TData,TCommand,TConditionalConfiguration&gt;,System.Func`2&lt;TTrigger,System.Collections.Generic.IEnumerable`1&lt;TCommand&gt;&gt;)" line-rate="0" branch-rate="1" complexity="1">
              <lines>
                <line number="223" hits="0" branch="False" />
              </lines>
            </method>
            <method name="Execute" signature="(FunctionalStateMachine.Core.IConditionalTransitionConfiguration`5&lt;TState,TTrigger,TData,TCommand,TConditionalConfiguration&gt;,System.Func`3&lt;TData,TTrigger,System.Collections.Generic.IEnumerable`1&lt;TCommand&gt;&gt;)" line-rate="0" branch-rate="1" complexity="1">
              <lines>
                <line number="233" hits="0" branch="False" />
              </lines>
            </method>
            <method name="Execute" signature="(FunctionalStateMachine.Core.IConditionalTransitionConfiguration`6&lt;TState,TTrigger,TData,TCommand,TDerivedTrigger,TConditionalConfiguration&gt;,System.Func`1&lt;TCommand&gt;)" line-rate="0" branch-rate="1" complexity="1">
              <lines>
                <line number="244" hits="0" branch="False" />
              </lines>
            </method>
            <method name="Execute" signature="(FunctionalStateMachine.Core.IConditionalTransitionConfiguration`6&lt;TState,TTrigger,TData,TCommand,TDerivedTrigger,TConditionalConfiguration&gt;,System.Func`2&lt;TData,TCommand&gt;)" line-rate="0" branch-rate="1" complexity="1">
              <lines>
                <line number="255" hits="0" branch="False" />
              </lines>
            </method>
            <method name="Execute" signature="(FunctionalStateMachine.Core.IConditionalTransitionConfiguration`6&lt;TState,TTrigger,TData,TCommand,TDerivedTrigger,TConditionalConfiguration&gt;,System.Func`3&lt;TState,TData,TCommand&gt;)" line-rate="0" branch-rate="1" complexity="1">
              <lines>
                <line number="266" hits="0" branch="False" />
              </lines>
            </method>
            <method name="Execute" signature="(FunctionalStateMachine.Core.IConditionalTransitionConfiguration`6&lt;TState,TTrigger,TData,TCommand,TDerivedTrigger,TConditionalConfiguration&gt;,System.Func`2&lt;TDerivedTrigger,TCommand&gt;)" line-rate="0" branch-rate="1" complexity="1">
              <lines>
                <line number="277" hits="0" branch="False" />
              </lines>
            </method>
            <method name="Execute" signature="(FunctionalStateMachine.Core.IConditionalTransitionConfiguration`6&lt;TState,TTrigger,TData,TCommand,TDerivedTrigger,TConditionalConfiguration&gt;,System.Func`3&lt;TData,TDerivedTrigger,TCommand&gt;)" line-rate="0" branch-rate="1" complexity="1">
              <lines>
                <line number="288" hits="0" branch="False" />
              </lines>
            </method>
            <method name="Execute" signature="(FunctionalStateMachine.Core.IConditionalTransitionConfiguration`6&lt;TState,TTrigger,TData,TCommand,TDerivedTrigger,TConditionalConfiguration&gt;,System.Func`4&lt;TState,TData,TDerivedTrigger,TCommand&gt;)" line-rate="0" branch-rate="1" complexity="1">
              <lines>
                <line number="299" hits="0" branch="False" />
              </lines>
            </method>
            <method name="Execute" signature="(FunctionalStateMachine.Core.IConditionalTransitionConfiguration`6&lt;TState,TTrigger,TData,TCommand,TDerivedTrigger,TConditionalConfiguration&gt;,System.Func`1&lt;System.Collections.Generic.IEnumerable`1&lt;TCommand&gt;&gt;)" line-rate="1" branch-rate="1" complexity="1">
              <lines>
                <line number="310" hits="20" branch="False" />
              </lines>
            </method>
            <method name="Execute" signature="(FunctionalStateMachine.Core.IConditionalTransitionConfiguration`6&lt;TState,TTrigger,TData,TCommand,TDerivedTrigger,TConditionalConfiguration&gt;,System.Func`2&lt;TData,System.Collections.Generic.IEnumerable`1&lt;TCommand&gt;&gt;)" line-rate="1" branch-rate="1" complexity="1">
              <lines>
                <line number="321" hits="6" branch="False" />
              </lines>
            </method>
            <method name="Execute" signature="(FunctionalStateMachine.Core.IConditionalTransitionConfiguration`6&lt;TState,TTrigger,TData,TCommand,TDerivedTrigger,TConditionalConfiguration&gt;,System.Func`3&lt;TState,TData,System.Collections.Generic.IEnumerable`1&lt;TCommand&gt;&gt;)" line-rate="0" branch-rate="1" complexity="1">
              <lines>
                <line number="332" hits="0" branch="False" />
              </lines>
            </method>
            <method name="Execute" signature="(FunctionalStateMachine.Core.IConditionalTransitionConfiguration`6&lt;TState,TTrigger,TData,TCommand,TDerivedTrigger,TConditionalConfiguration&gt;,System.Func`2&lt;TDerivedTrigger,System.Collections.Generic.IEnumerable`1&lt;TCommand&gt;&gt;)" line-rate="0" branch-rate="1" complexity="1">
              <lines>
                <line number="343" hits="0" branch="False" />
              </lines>
            </method>
            <method name="Execute" signature="(FunctionalStateMachine.Core.IConditionalTransitionConfiguration`6&lt;TState,TTrigger,TData,TCommand,TDerivedTrigger,TConditionalConfiguration&gt;,System.Func`3&lt;TData,TDerivedTrigger,System.Collections.Generic.IEnumerable`1&lt;TCommand&gt;&gt;)" line-rate="0" branch-rate="1" complexity="1">
              <lines>
                <line number="354" hits="0" branch="False" />
              </lines>
            </method>
            <method name="Execute" signature="(FunctionalStateMachine.Core.IConditionalTransitionConfiguration`6&lt;TState,TTrigger,TData,TCommand,TDerivedTrigger,TConditionalConfiguration&gt;,System.Func`4&lt;TState,TData,TDerivedTrigger,System.Collections.Generic.IEnumerable`1&lt;TCommand&gt;&gt;)" line-rate="0" branch-rate="1" complexity="1">
              <lines>
                <line number="365" hits="0" branch="False" />
              </lines>
            </method>
            <method name="Execute" signature="(FunctionalStateMachine.Core.ITransitionConfiguration`7&lt;TState,TTrigger,TData,TCommand,TDerivedTrigger,TTransitionConfiguration,TConditional&gt;,System.Func`1&lt;TCommand&gt;)" line-rate="0" branch-rate="1" complexity="1">
              <lines>
                <line number="376" hits="0" branch="False" />
              </lines>
            </method>
            <method name="Execute" signature="(FunctionalStateMachine.Core.ITransitionConfiguration`7&lt;TState,TTrigger,TData,TCommand,TDerivedTrigger,TTransitionConfiguration,TConditional&gt;,System.Func`2&lt;TData,TCommand&gt;)" line-rate="0" branch-rate="1" complexity="1">
              <lines>
                <line number="387" hits="0" branch="False" />
              </lines>
            </method>
            <method name="Execute" signature="(FunctionalStateMachine.Core.ITransitionConfiguration`7&lt;TState,TTrigger,TData,TCommand,TDerivedTrigger,TTransitionConfiguration,TConditional&gt;,System.Func`3&lt;TState,TData,TCommand&gt;)" line-rate="0" branch-rate="1" complexity="1">
              <lines>
                <line number="398" hits="0" branch="False" />
              </lines>
            </method>
            <method name="Execute" signature="(FunctionalStateMachine.Core.ITransitionConfiguration`7&lt;TState,TTrigger,TData,TCommand,TDerivedTrigger,TTransitionConfiguration,TConditional&gt;,System.Func`2&lt;TDerivedTrigger,TCommand&gt;)" line-rate="0" branch-rate="1" complexity="1">
              <lines>
                <line number="409" hits="0" branch="False" />
              </lines>
            </method>
            <method name="Execute" signature="(FunctionalStateMachine.Core.ITransitionConfiguration`7&lt;TState,TTrigger,TData,TCommand,TDerivedTrigger,TTransitionConfiguration,TConditional&gt;,System.Func`3&lt;TData,TDerivedTrigger,TCommand&gt;)" line-rate="0" branch-rate="1" complexity="1">
              <lines>
                <line number="420" hits="0" branch="False" />
              </lines>
            </method>
            <method name="Execute" signature="(FunctionalStateMachine.Core.ITransitionConfiguration`7&lt;TState,TTrigger,TData,TCommand,TDerivedTrigger,TTransitionConfiguration,TConditional&gt;,System.Func`4&lt;TState,TData,TDerivedTrigger,TCommand&gt;)" line-rate="0" branch-rate="1" complexity="1">
              <lines>
                <line number="431" hits="0" branch="False" />
              </lines>
            </method>
            <method name="Execute" signature="(FunctionalStateMachine.Core.ITransitionConfiguration`7&lt;TState,TTrigger,TData,TCommand,TDerivedTrigger,TTransitionConfiguration,TConditional&gt;,System.Func`1&lt;System.Collections.Generic.IEnumerable`1&lt;TCommand&gt;&gt;)" line-rate="1" branch-rate="1" complexity="1">
              <lines>
                <line number="442" hits="15" branch="False" />
              </lines>
            </method>
            <method name="Execute" signature="(FunctionalStateMachine.Core.ITransitionConfiguration`7&lt;TState,TTrigger,TData,TCommand,TDerivedTrigger,TTransitionConfiguration,TConditional&gt;,System.Func`2&lt;TData,System.Collections.Generic.IEnumerable`1&lt;TCommand&gt;&gt;)" line-rate="1" branch-rate="1" complexity="1">
              <lines>
                <line number="453" hits="5" branch="False" />
              </lines>
            </method>
            <method name="Execute" signature="(FunctionalStateMachine.Core.ITransitionConfiguration`7&lt;TState,TTrigger,TData,TCommand,TDerivedTrigger,TTransitionConfiguration,TConditional&gt;,System.Func`3&lt;TState,TData,System.Collections.Generic.IEnumerable`1&lt;TCommand&gt;&gt;)" line-rate="0" branch-rate="1" complexity="1">
              <lines>
                <line number="464" hits="0" branch="False" />
              </lines>
            </method>
            <method name="Execute" signature="(FunctionalStateMachine.Core.ITransitionConfiguration`7&lt;TState,TTrigger,TData,TCommand,TDerivedTrigger,TTransitionConfiguration,TConditional&gt;,System.Func`2&lt;TDerivedTrigger,System.Collections.Generic.IEnumerable`1&lt;TCommand&gt;&gt;)" line-rate="0" branch-rate="1" complexity="1">
              <lines>
                <line number="475" hits="0" branch="False" />
              </lines>
            </method>
            <method name="Execute" signature="(FunctionalStateMachine.Core.ITransitionConfiguration`7&lt;TState,TTrigger,TData,TCommand,TDerivedTrigger,TTransitionConfiguration,TConditional&gt;,System.Func`3&lt;TData,TDerivedTrigger,System.Collections.Generic.IEnumerable`1&lt;TCommand&gt;&gt;)" line-rate="1" branch-rate="1" complexity="1">
              <lines>
                <line number="486" hits="5" branch="False" />
              </lines>
            </method>
            <method name="Execute" signature="(FunctionalStateMachine.Core.INoDataTransitionConfiguration`5&lt;TState,TTrigger,TCommand,TTransitionConfiguration,TConditional&gt;,System.Func`1&lt;TCommand&gt;)" line-rate="0" branch-rate="1" complexity="1">
              <lines>
                <line number="496" hits="0" branch="False" />
              </lines>
            </method>
            <method name="Execute" signature="(FunctionalStateMachine.Core.INoDataTransitionConfiguration`5&lt;TState,TTrigger,TCommand,TTransitionConfiguration,TConditional&gt;,System.Func`2&lt;TState,TCommand&gt;)" line-rate="0" branch-rate="1" complexity="1">
              <lines>
                <line number="506" hits="0" branch="False" />
              </lines>
            </method>
            <method name="Execute" signature="(FunctionalStateMachine.Core.INoDataTransitionConfiguration`5&lt;TState,TTrigger,TCommand,TTransitionConfiguration,TConditional&gt;,System.Func`2&lt;TTrigger,TCommand&gt;)" line-rate="0" branch-rate="1" complexity="1">
              <lines>
                <line number="516" hits="0" branch="False" />
              </lines>
            </method>
            <method name="Execute" signature="(FunctionalStateMachine.Core.INoDataTransitionConfiguration`5&lt;TState,TTrigger,TCommand,TTransitionConfiguration,TConditional&gt;,System.Func`1&lt;System.Collections.Generic.IEnumerable`1&lt;TCommand&gt;&gt;)" line-rate="0" branch-rate="1" complexity="1">
              <lines>
                <line number="526" hits="0" branch="False" />
              </lines>
            </method>
            <method name="Execute" signature="(FunctionalStateMachine.Core.INoDataTransitionConfiguration`5&lt;TState,TTrigger,TCommand,TTransitionConfiguration,TConditional&gt;,System.Func`2&lt;TState,System.Collections.Generic.IEnumerable`1&lt;TCommand&gt;&gt;)" line-rate="0" branch-rate="1" complexity="1">
              <lines>
                <line number="536" hits="0" branch="False" />
              </lines>
            </method>
            <method name="Execute" signature="(FunctionalStateMachine.Core.INoDataTransitionConfiguration`5&lt;TState,TTrigger,TCommand,TTransitionConfiguration,TConditional&gt;,System.Func`2&lt;TTrigger,System.Collections.Generic.IEnumerable`1&lt;TCommand&gt;&gt;)" line-rate="0" branch-rate="1" complexity="1">
              <lines>
                <line number="546" hits="0" branch="False" />
              </lines>
            </method>
            <method name="Execute" signature="(FunctionalStateMachine.Core.INoDataTransitionConfiguration`6&lt;TState,TTrigger,TCommand,TDerivedTrigger,TTransitionConfiguration,TConditional&gt;,System.Func`1&lt;TCommand&gt;)" line-rate="0" branch-rate="1" complexity="1">
              <lines>
                <line number="557" hits="0" branch="False" />
              </lines>
            </method>
            <method name="Execute" signature="(FunctionalStateMachine.Core.INoDataTransitionConfiguration`6&lt;TState,TTrigger,TCommand,TDerivedTrigger,TTransitionConfiguration,TConditional&gt;,System.Func`2&lt;TState,TCommand&gt;)" line-rate="0" branch-rate="1" complexity="1">
              <lines>
                <line number="568" hits="0" branch="False" />
              </lines>
            </method>
            <method name="Execute" signature="(FunctionalStateMachine.Core.INoDataTransitionConfiguration`6&lt;TState,TTrigger,TCommand,TDerivedTrigger,TTransitionConfiguration,TConditional&gt;,System.Func`2&lt;TDerivedTrigger,TCommand&gt;)" line-rate="0" branch-rate="1" complexity="1">
              <lines>
                <line number="579" hits="0" branch="False" />
              </lines>
            </method>
            <method name="Execute" signature="(FunctionalStateMachine.Core.INoDataTransitionConfiguration`6&lt;TState,TTrigger,TCommand,TDerivedTrigger,TTransitionConfiguration,TConditional&gt;,System.Func`1&lt;System.Collections.Generic.IEnumerable`1&lt;TCommand&gt;&gt;)" line-rate="0" branch-rate="1" complexity="1">
              <lines>
                <line number="590" hits="0" branch="False" />
              </lines>
            </method>
            <method name="Execute" signature="(FunctionalStateMachine.Core.INoDataTransitionConfiguration`6&lt;TState,TTrigger,TCommand,TDerivedTrigger,TTransitionConfiguration,TConditional&gt;,System.Func`2&lt;TState,System.Collections.Generic.IEnumerable`1&lt;TCommand&gt;&gt;)" line-rate="0" branch-rate="1" complexity="1">
              <lines>
                <line number="601" hits="0" branch="False" />
              </lines>
            </method>
            <method name="Execute" signature="(FunctionalStateMachine.Core.INoDataTransitionConfiguration`6&lt;TState,TTrigger,TCommand,TDerivedTrigger,TTransitionConfiguration,TConditional&gt;,System.Func`2&lt;TDerivedTrigger,System.Collections.Generic.IEnumerable`1&lt;TCommand&gt;&gt;)" line-rate="0" branch-rate="1" complexity="1">
              <lines>
                <line number="612" hits="0" branch="False" />
              </lines>
            </method>
          </methods>
          <lines>
            <line number="13" hits="7" branch="False" />
            <line number="23" hits="0" branch="False" />
            <line number="33" hits="0" branch="False" />
            <line number="43" hits="0" branch="False" />
            <line number="53" hits="0" branch="False" />
            <line number="63" hits="0" branch="False" />
            <line number="73" hits="0" branch="False" />
            <line number="83" hits="0" branch="False" />
            <line number="93" hits="0" branch="False" />
            <line number="103" hits="0" branch="False" />
            <line number="113" hits="0" branch="False" />
            <line number="123" hits="0" branch="False" />
            <line number="133" hits="0" branch="False" />
            <line number="143" hits="0" branch="False" />
            <line number="153" hits="0" branch="False" />
            <line number="163" hits="0" branch="False" />
            <line number="173" hits="0" branch="False" />
            <line number="183" hits="0" branch="False" />
            <line number="193" hits="0" branch="False" />
            <line number="203" hits="0" branch="False" />
            <line number="213" hits="0" branch="False" />
            <line number="223" hits="0" branch="False" />
            <line number="233" hits="0" branch="False" />
            <line number="244" hits="0" branch="False" />
            <line number="255" hits="0" branch="False" />
            <line number="266" hits="0" branch="False" />
            <line number="277" hits="0" branch="False" />
            <line number="288" hits="0" branch="False" />
            <line number="299" hits="0" branch="False" />
            <line number="310" hits="20" branch="False" />
            <line number="321" hits="6" branch="False" />
            <line number="332" hits="0" branch="False" />
            <line number="343" hits="0" branch="False" />
            <line number="354" hits="0" branch="False" />
            <line number="365" hits="0" branch="False" />
            <line number="376" hits="0" branch="False" />
            <line number="387" hits="0" branch="False" />
            <line number="398" hits="0" branch="False" />
            <line number="409" hits="0" branch="False" />
            <line number="420" hits="0" branch="False" />
            <line number="431" hits="0" branch="False" />
            <line number="442" hits="15" branch="False" />
            <line number="453" hits="5" branch="False" />
            <line number="464" hits="0" branch="False" />
            <line number="475" hits="0" branch="False" />
            <line number="486" hits="5" branch="False" />
            <line number="496" hits="0" branch="False" />
            <line number="506" hits="0" branch="False" />
            <line number="516" hits="0" branch="False" />
            <line number="526" hits="0" branch="False" />
            <line number="536" hits="0" branch="False" />
            <line number="546" hits="0" branch="False" />
            <line number="557" hits="0" branch="False" />
            <line number="568" hits="0" branch="False" />
            <line number="579" hits="0" branch="False" />
            <line number="590" hits="0" branch="False" />
            <line number="601" hits="0" branch="False" />
            <line number="612" hits="0" branch="False" />
          </lines>
        </class>
        <class name="FunctionalStateMachine.Core.StateMachineBuilderExtensions" filename="FunctionalStateMachine.Core/ConfigurationExtensions.Guard.cs" line-rate="0" branch-rate="1" complexity="14">
          <methods>
            <method name="Guard" signature="(FunctionalStateMachine.Core.IImmediateTransitionConfiguration`5&lt;TState,TTrigger,TData,TCommand,TImmediateTransitionConfiguration&gt;,System.Func`2&lt;TData,System.Boolean&gt;)" line-rate="0" branch-rate="1" complexity="1">
              <lines>
                <line number="13" hits="0" branch="False" />
              </lines>
            </method>
            <method name="Guard" signature="(FunctionalStateMachine.Core.ITransitionConfiguration`6&lt;TState,TTrigger,TData,TCommand,TTransitionConfiguration,TConditional&gt;,System.Func`3&lt;TData,TTrigger,System.Boolean&gt;)" line-rate="0" branch-rate="1" complexity="1">
              <lines>
                <line number="23" hits="0" branch="False" />
              </lines>
            </method>
            <method name="Guard" signature="(FunctionalStateMachine.Core.ITransitionConfiguration`6&lt;TState,TTrigger,TData,TCommand,TTransitionConfiguration,TConditional&gt;,System.Func`2&lt;TData,System.Boolean&gt;)" line-rate="0" branch-rate="1" complexity="1">
              <lines>
                <line number="33" hits="0" branch="False" />
              </lines>
            </method>
            <method name="Guard" signature="(FunctionalStateMachine.Core.ITransitionConfiguration`6&lt;TState,TTrigger,TData,TCommand,TTransitionConfiguration,TConditional&gt;,System.String,System.Func`2&lt;TData,System.Boolean&gt;)" line-rate="0" branch-rate="1" complexity="1">
              <lines>
                <line number="44" hits="0" branch="False" />
              </lines>
            </method>
            <method name="Guard" signature="(FunctionalStateMachine.Core.ITransitionConfiguration`6&lt;TState,TTrigger,TData,TCommand,TTransitionConfiguration,TConditional&gt;,System.Func`3&lt;TState,TData,System.Boolean&gt;)" line-rate="0" branch-rate="1" complexity="1">
              <lines>
                <line number="54" hits="0" branch="False" />
              </lines>
            </method>
            <method name="Guard" signature="(FunctionalStateMachine.Core.ITransitionConfiguration`6&lt;TState,TTrigger,TData,TCommand,TTransitionConfiguration,TConditional&gt;,System.String,System.Func`3&lt;TState,TData,System.Boolean&gt;)" line-rate="0" branch-rate="1" complexity="1">
              <lines>
                <line number="65" hits="0" branch="False" />
              </lines>
            </method>
            <method name="Guard" signature="(FunctionalStateMachine.Core.ITransitionConfiguration`6&lt;TState,TTrigger,TData,TCommand,TTransitionConfiguration,TConditional&gt;,System.String,System.Func`4&lt;TState,TData,TTrigger,System.Boolean&gt;)" line-rate="0" branch-rate="1" complexity="1">
              <lines>
                <line number="76" hits="0" branch="False" />
              </lines>
            </method>
            <method name="Guard" signature="(FunctionalStateMachine.Core.ITransitionConfiguration`7&lt;TState,TTrigger,TData,TCommand,TDerivedTrigger,TTransitionConfiguration,TConditional&gt;,System.Func`3&lt;TData,TDerivedTrigger,System.Boolean&gt;)" line-rate="0" branch-rate="1" complexity="1">
              <lines>
                <line number="87" hits="0" branch="False" />
              </lines>
            </method>
            <method name="Guard" signature="(FunctionalStateMachine.Core.ITransitionConfiguration`7&lt;TState,TTrigger,TData,TCommand,TDerivedTrigger,TTransitionConfiguration,TConditional&gt;,System.String,System.Func`4&lt;TState,TData,TDerivedTrigger,System.Boolean&gt;)" line-rate="0" branch-rate="1" complexity="1">
              <lines>
                <line number="99" hits="0" branch="False" />
              </lines>
            </method>
            <method name="Guard" signature="(FunctionalStateMachine.Core.ITransitionConfiguration`7&lt;TState,TTrigger,TData,TCommand,TDerivedTrigger,TTransitionConfiguration,TConditional&gt;,System.Func`2&lt;TData,System.Boolean&gt;)" line-rate="0" branch-rate="1" complexity="1">
              <lines>
                <line number="110" hits="0" branch="False" />
              </lines>
            </method>
            <method name="Guard" signature="(FunctionalStateMachine.Core.INoDataTransitionConfiguration`5&lt;TState,TTrigger,TCommand,TTransitionConfiguration,TConditional&gt;,System.Func`2&lt;TState,System.Boolean&gt;)" line-rate="0" branch-rate="1" complexity="1">
              <lines>
                <line number="120" hits="0" branch="False" />
              </lines>
            </method>
            <method name="Guard" signature="(FunctionalStateMachine.Core.INoDataTransitionConfiguration`5&lt;TState,TTrigger,TCommand,TTransitionConfiguration,TConditional&gt;,System.String,System.Func`2&lt;TState,System.Boolean&gt;)" line-rate="0" branch-rate="1" complexity="1">
              <lines>
                <line number="131" hits="0" branch="False" />
              </lines>
            </method>
            <method name="Guard" signature="(FunctionalStateMachine.Core.INoDataTransitionConfiguration`5&lt;TState,TTrigger,TCommand,TTransitionConfiguration,TConditional&gt;,System.String,System.Func`3&lt;TState,TTrigger,System.Boolean&gt;)" line-rate="0" branch-rate="1" complexity="1">
              <lines>
                <line number="142" hits="0" branch="False" />
              </lines>
            </method>
            <method name="Guard" signature="(FunctionalStateMachine.Core.INoDataTransitionConfiguration`6&lt;TState,TTrigger,TCommand,TDerivedTrigger,TTransitionConfiguration,TConditional&gt;,System.String,System.Func`3&lt;TState,TDerivedTrigger,System.Boolean&gt;)" line-rate="0" branch-rate="1" complexity="1">
              <lines>
                <line number="154" hits="0" branch="False" />
              </lines>
            </method>
          </methods>
          <lines>
            <line number="13" hits="0" branch="False" />
            <line number="23" hits="0" branch="False" />
            <line number="33" hits="0" branch="False" />
            <line number="44" hits="0" branch="False" />
            <line number="54" hits="0" branch="False" />
            <line number="65" hits="0" branch="False" />
            <line number="76" hits="0" branch="False" />
            <line number="87" hits="0" branch="False" />
            <line number="99" hits="0" branch="False" />
            <line number="110" hits="0" branch="False" />
            <line number="120" hits="0" branch="False" />
            <line number="131" hits="0" branch="False" />
            <line number="142" hits="0" branch="False" />
            <line number="154" hits="0" branch="False" />
          </lines>
        </class>
        <class name="FunctionalStateMachine.Core.StateMachineBuilderExtensions" filename="FunctionalStateMachine.Core/ConfigurationExtensions.If.cs" line-rate="0.5" branch-rate="1" complexity="4">
          <methods>
            <method name="If" signature="(FunctionalStateMachine.Core.ITransitionConfiguration`6&lt;TState,TTrigger,TData,TCommand,TTransitionConfiguration,TConditional&gt;,System.Func`3&lt;TData,TTrigger,System.Boolean&gt;)" line-rate="0" branch-rate="1" complexity="1">
              <lines>
                <line number="13" hits="0" branch="False" />
              </lines>
            </method>
            <method name="If" signature="(FunctionalStateMachine.Core.ITransitionConfiguration`7&lt;TState,TTrigger,TData,TCommand,TDerivedTrigger,TTransitionConfiguration,TConditional&gt;,System.Func`3&lt;TData,TDerivedTrigger,System.Boolean&gt;)" line-rate="1" branch-rate="1" complexity="1">
              <lines>
                <line number="24" hits="10" branch="False" />
              </lines>
            </method>
            <method name="If" signature="(FunctionalStateMachine.Core.ITransitionConfiguration`7&lt;TState,TTrigger,TData,TCommand,TDerivedTrigger,TTransitionConfiguration,TConditional&gt;,System.Func`2&lt;TData,System.Boolean&gt;)" line-rate="1" branch-rate="1" complexity="1">
              <lines>
                <line number="35" hits="8" branch="False" />
              </lines>
            </method>
            <method name="If" signature="(FunctionalStateMachine.Core.INoDataTransitionConfiguration`5&lt;TState,TTrigger,TCommand,TTransitionConfiguration,TConditional&gt;,System.Func`2&lt;TTrigger,System.Boolean&gt;)" line-rate="0" branch-rate="1" complexity="1">
              <lines>
                <line number="45" hits="0" branch="False" />
              </lines>
            </method>
          </methods>
          <lines>
            <line number="13" hits="0" branch="False" />
            <line number="24" hits="10" branch="False" />
            <line number="35" hits="8" branch="False" />
            <line number="45" hits="0" branch="False" />
          </lines>
        </class>
        <class name="FunctionalStateMachine.Core.StateMachineBuilderExtensions" filename="FunctionalStateMachine.Core/ConfigurationExtensions.ModifyData.cs" line-rate="0.6666" branch-rate="1" complexity="6">
          <methods>
            <method name="ModifyData" signature="(FunctionalStateMachine.Core.IImmediateTransitionConfiguration`5&lt;TState,TTrigger,TData,TCommand,TImmediateTransitionConfiguration&gt;,System.Func`2&lt;TData,TData&gt;)" line-rate="1" branch-rate="1" complexity="1">
              <lines>
                <line number="13" hits="20" branch="False" />
              </lines>
            </method>
            <method name="ModifyData" signature="(FunctionalStateMachine.Core.ITransitionConfiguration`6&lt;TState,TTrigger,TData,TCommand,TTransitionConfiguration,TConditional&gt;,System.Func`2&lt;TData,TData&gt;)" line-rate="0" branch-rate="1" complexity="1">
              <lines>
                <line number="23" hits="0" branch="False" />
              </lines>
            </method>
            <method name="ModifyData" signature="(FunctionalStateMachine.Core.IConditionalTransitionConfiguration`6&lt;TState,TTrigger,TData,TCommand,TDerivedTrigger,TConditionalConfiguration&gt;,System.Func`3&lt;TData,TDerivedTrigger,TData&gt;)" line-rate="1" branch-rate="1" complexity="1">
              <lines>
                <line number="34" hits="9" branch="False" />
              </lines>
            </method>
            <method name="ModifyData" signature="(FunctionalStateMachine.Core.IConditionalTransitionConfiguration`6&lt;TState,TTrigger,TData,TCommand,TDerivedTrigger,TConditionalConfiguration&gt;,System.Func`2&lt;TData,TData&gt;)" line-rate="0" branch-rate="1" complexity="1">
              <lines>
                <line number="45" hits="0" branch="False" />
              </lines>
            </method>
            <method name="ModifyData" signature="(FunctionalStateMachine.Core.ITransitionConfiguration`7&lt;TState,TTrigger,TData,TCommand,TDerivedTrigger,TTransitionConfiguration,TConditional&gt;,System.Func`3&lt;TData,TDerivedTrigger,TData&gt;)" line-rate="1" branch-rate="1" complexity="1">
              <lines>
                <line number="56" hits="8" branch="False" />
              </lines>
            </method>
            <method name="ModifyData" signature="(FunctionalStateMachine.Core.ITransitionConfiguration`7&lt;TState,TTrigger,TData,TCommand,TDerivedTrigger,TTransitionConfiguration,TConditional&gt;,System.Func`2&lt;TData,TData&gt;)" line-rate="1" branch-rate="1" complexity="1">
              <lines>
                <line number="67" hits="5" branch="False" />
              </lines>
            </method>
          </methods>
          <lines>
            <line number="13" hits="20" branch="False" />
            <line number="23" hits="0" branch="False" />
            <line number="34" hits="9" branch="False" />
            <line number="45" hits="0" branch="False" />
            <line number="56" hits="8" branch="False" />
            <line number="67" hits="5" branch="False" />
          </lines>
        </class>
        <class name="FunctionalStateMachine.Core.StateMachineBuilderExtensions" filename="FunctionalStateMachine.Core/ConfigurationExtensions.OnEntry.cs" line-rate="0.4" branch-rate="1" complexity="5">
          <methods>
            <method name="OnEntry" signature="(FunctionalStateMachine.Core.IStateConfiguration`5&lt;TState,TTrigger,TData,TCommand,TStateConfiguration&gt;,System.Func`1&lt;TCommand&gt;)" line-rate="1" branch-rate="1" complexity="1">
              <lines>
                <line number="13" hits="7" branch="False" />
              </lines>
            </method>
            <method name="OnEntry" signature="(FunctionalStateMachine.Core.IStateConfiguration`5&lt;TState,TTrigger,TData,TCommand,TStateConfiguration&gt;,System.Func`2&lt;TData,TCommand&gt;)" line-rate="0" branch-rate="1" complexity="1">
              <lines>
                <line number="23" hits="0" branch="False" />
              </lines>
            </method>
            <method name="OnEntry" signature="(FunctionalStateMachine.Core.IStateConfiguration`5&lt;TState,TTrigger,TData,TCommand,TStateConfiguration&gt;,System.Func`3&lt;TState,TData,TCommand&gt;)" line-rate="0" branch-rate="1" complexity="1">
              <lines>
                <line number="33" hits="0" branch="False" />
              </lines>
            </method>
            <method name="OnEntry" signature="(FunctionalStateMachine.Core.IStateConfiguration`5&lt;TState,TTrigger,TData,TCommand,TStateConfiguration&gt;,System.Func`1&lt;System.Collections.Generic.IEnumerable`1&lt;TCommand&gt;&gt;)" line-rate="0" branch-rate="1" complexity="1">
              <lines>
                <line number="43" hits="0" branch="False" />
              </lines>
            </method>
            <method name="OnEntry" signature="(FunctionalStateMachine.Core.IStateConfiguration`5&lt;TState,TTrigger,TData,TCommand,TStateConfiguration&gt;,System.Func`2&lt;TData,System.Collections.Generic.IEnumerable`1&lt;TCommand&gt;&gt;)" line-rate="1" branch-rate="1" complexity="1">
              <lines>
                <line number="53" hits="41" branch="False" />
              </lines>
            </method>
          </methods>
          <lines>
            <line number="13" hits="7" branch="False" />
            <line number="23" hits="0" branch="False" />
            <line number="33" hits="0" branch="False" />
            <line number="43" hits="0" branch="False" />
            <line number="53" hits="41" branch="False" />
          </lines>
        </class>
        <class name="FunctionalStateMachine.Core.StateMachineBuilderExtensions" filename="FunctionalStateMachine.Core/ConfigurationExtensions.OnExit.cs" line-rate="0" branch-rate="1" complexity="3">
          <methods>
            <method name="OnExit" signature="(FunctionalStateMachine.Core.IStateConfiguration`5&lt;TState,TTrigger,TData,TCommand,TStateConfiguration&gt;,System.Func`1&lt;TCommand&gt;)" line-rate="0" branch-rate="1" complexity="1">
              <lines>
                <line number="13" hits="0" branch="False" />
              </lines>
            </method>
            <method name="OnExit" signature="(FunctionalStateMachine.Core.IStateConfiguration`5&lt;TState,TTrigger,TData,TCommand,TStateConfiguration&gt;,System.Func`2&lt;TData,TCommand&gt;)" line-rate="0" branch-rate="1" complexity="1">
              <lines>
                <line number="23" hits="0" branch="False" />
              </lines>
            </method>
            <method name="OnExit" signature="(FunctionalStateMachine.Core.IStateConfiguration`5&lt;TState,TTrigger,TData,TCommand,TStateConfiguration&gt;,System.Func`3&lt;TState,TData,TCommand&gt;)" line-rate="0" branch-rate="1" complexity="1">
              <lines>
                <line number="33" hits="0" branch="False" />
              </lines>
            </method>
          </methods>
          <lines>
            <line number="13" hits="0" branch="False" />
            <line number="23" hits="0" branch="False" />
            <line number="33" hits="0" branch="False" />
          </lines>
        </class>
        <class name="FunctionalStateMachine.Core.StateMachine`4" filename="FunctionalStateMachine.Core/StateMachine.Core.cs" line-rate="0.6944" branch-rate="0.691" complexity="198">
          <methods>
            <method name="Create" signature="()" line-rate="1" branch-rate="1" complexity="1">
              <lines>
                <line number="19" hits="5" branch="False" />
              </lines>
            </method>
            <method name="StartWith" signature="(TState)" line-rate="1" branch-rate="1" complexity="1">
              <lines>
                <line number="29" hits="5" branch="False" />
                <line number="30" hits="5" branch="False" />
                <line number="31" hits="5" branch="False" />
              </lines>
            </method>
            <method name="For" signature="(TState)" line-rate="1" branch-rate="1" complexity="1">
              <lines>
                <line number="36" hits="45" branch="False" />
                <line number="37" hits="45" branch="False" />
              </lines>
            </method>
            <method name="OnUnhandled" signature="(System.Func`3&lt;TTrigger,TState,System.Collections.Generic.IEnumerable`1&lt;TCommand&gt;&gt;)" line-rate="0" branch-rate="1" complexity="1">
              <lines>
                <line number="43" hits="0" branch="False" />
                <line number="44" hits="0" branch="False" />
              </lines>
            </method>
            <method name="get_InitialState" signature="()" line-rate="0" branch-rate="0" complexity="2">
              <lines>
                <line number="51" hits="0" branch="True" condition-coverage="0% (0/2)">
                  <conditions>
                    <condition number="6" type="jump" coverage="0%" />
                  </conditions>
                </line>
                <line number="53" hits="0" branch="False" />
                <line number="56" hits="0" branch="False" />
              </lines>
            </method>
            <method name="Start" signature="(TData)" line-rate="0" branch-rate="0" complexity="2">
              <lines>
                <line number="62" hits="0" branch="False" />
                <line number="63" hits="0" branch="False" />
                <line number="64" hits="0" branch="False" />
                <line number="65" hits="0" branch="False" />
                <line number="67" hits="0" branch="True" condition-coverage="0% (0/2)">
                  <conditions>
                    <condition number="50" type="jump" coverage="0%" />
                  </conditions>
                </line>
                <line number="68" hits="0" branch="False" />
                <line number="69" hits="0" branch="False" />
                <line number="71" hits="0" branch="False" />
              </lines>
            </method>
            <method name="Fire" signature="(TTrigger,TState,TData)" line-rate="0.8461" branch-rate="0.6666" complexity="24">
              <lines>
                <line number="79" hits="8" branch="True" condition-coverage="50% (1/2)">
                  <conditions>
                    <condition number="14" type="jump" coverage="50%" />
                  </conditions>
                </line>
                <line number="81" hits="0" branch="False" />
                <line number="84" hits="8" branch="True" condition-coverage="50% (1/2)">
                  <conditions>
                    <condition number="77" type="jump" coverage="50%" />
                  </conditions>
                </line>
                <line number="86" hits="0" branch="False" />
                <line number="87" hits="0" branch="False" />
                <line number="90" hits="8" branch="True" condition-coverage="50% (1/2)">
                  <conditions>
                    <condition number="144" type="jump" coverage="50%" />
                  </conditions>
                </line>
                <line number="92" hits="0" branch="False" />
                <line number="95" hits="24" branch="True" condition-coverage="50% (1/2)">
                  <conditions>
                    <condition number="445" type="jump" coverage="50%" />
                  </conditions>
                </line>
                <line number="97" hits="8" branch="True" condition-coverage="75% (3/4)">
                  <conditions>
                    <condition number="185" type="jump" coverage="50%" />
                    <condition number="202" type="jump" coverage="100%" />
                  </conditions>
                </line>
                <line number="102" hits="8" branch="True" condition-coverage="50% (1/2)">
                  <conditions>
                    <condition number="214" type="jump" coverage="50%" />
                  </conditions>
                </line>
                <line number="104" hits="0" branch="False" />
                <line number="107" hits="8" branch="False" />
                <line number="108" hits="8" branch="False" />
                <line number="109" hits="8" branch="False" />
                <line number="110" hits="8" branch="False" />
                <line number="111" hits="8" branch="False" />
                <line number="112" hits="8" branch="False" />
                <line number="113" hits="8" branch="False" />
                <line number="114" hits="8" branch="False" />
                <line number="115" hits="8" branch="False" />
                <line number="116" hits="8" branch="False" />
                <line number="117" hits="8" branch="True" condition-coverage="75% (3/4)">
                  <conditions>
                    <condition number="282" type="jump" coverage="50%" />
                    <condition number="286" type="jump" coverage="100%" />
                  </conditions>
                </line>
                <line number="118" hits="8" branch="False" />
                <line number="119" hits="8" branch="False" />
                <line number="120" hits="8" branch="False" />
                <line number="121" hits="8" branch="False" />
                <line number="122" hits="8" branch="False" />
                <line number="123" hits="8" branch="True" condition-coverage="100% (2/2)">
                  <conditions>
                    <condition number="314" type="jump" coverage="100%" />
                  </conditions>
                </line>
                <line number="124" hits="8" branch="False" />
                <line number="126" hits="8" branch="True" condition-coverage="100% (2/2)">
                  <conditions>
                    <condition number="335" type="jump" coverage="100%" />
                  </conditions>
                </line>
                <line number="128" hits="6" branch="False" />
                <line number="129" hits="6" branch="False" />
                <line number="130" hits="6" branch="False" />
                <line number="133" hits="8" branch="True" condition-coverage="50% (1/2)">
                  <conditions>
                    <condition number="397" type="jump" coverage="50%" />
                  </conditions>
                </line>
                <line number="134" hits="8" branch="False" />
                <line number="135" hits="8" branch="False" />
                <line number="136" hits="8" branch="False" />
                <line number="139" hits="0" branch="False" />
                <line number="140" hits="8" branch="False" />
              </lines>
            </method>
            <method name="HandleUnhandled" signature="(TTrigger,TState,TData)" line-rate="0" branch-rate="0" complexity="4">
              <lines>
                <line number="147" hits="0" branch="True" condition-coverage="0% (0/2)">
                  <conditions>
                    <condition number="6" type="jump" coverage="0%" />
                  </conditions>
                </line>
                <line number="149" hits="0" branch="False" />
                <line number="150" hits="0" branch="True" condition-coverage="0% (0/2)">
                  <conditions>
                    <condition number="33" type="jump" coverage="0%" />
                  </conditions>
                </line>
                <line number="151" hits="0" branch="False" />
                <line number="152" hits="0" branch="False" />
                <line number="153" hits="0" branch="False" />
                <line number="156" hits="0" branch="False" />
              </lines>
            </method>
            <method name="Validate" signature="(System.Boolean)" line-rate="0.5961" branch-rate="0.7678" complexity="56">
              <lines>
                <line number="161" hits="100" branch="True" condition-coverage="100% (2/2)">
                  <conditions>
                    <condition number="39" type="jump" coverage="100%" />
                  </conditions>
                </line>
                <line number="163" hits="45" branch="False" />
                <line number="166" hits="100" branch="True" condition-coverage="100% (2/2)">
                  <conditions>
                    <condition number="214" type="jump" coverage="100%" />
                  </conditions>
                </line>
                <line number="168" hits="45" branch="True" condition-coverage="100% (2/2)">
                  <conditions>
                    <condition number="93" type="jump" coverage="100%" />
                  </conditions>
                </line>
                <line number="173" hits="40" branch="True" condition-coverage="50% (1/2)">
                  <conditions>
                    <condition number="114" type="jump" coverage="50%" />
                  </conditions>
                </line>
                <line number="175" hits="0" branch="False" />
                <line number="176" hits="0" branch="False" />
                <line number="179" hits="40" branch="False" />
                <line number="182" hits="100" branch="True" condition-coverage="100% (2/2)">
                  <conditions>
                    <condition number="672" type="jump" coverage="100%" />
                  </conditions>
                </line>
                <line number="184" hits="45" branch="True" condition-coverage="100% (2/2)">
                  <conditions>
                    <condition number="273" type="jump" coverage="100%" />
                  </conditions>
                </line>
                <line number="186" hits="10" branch="True" condition-coverage="50% (1/2)">
                  <conditions>
                    <condition number="285" type="jump" coverage="50%" />
                  </conditions>
                </line>
                <line number="188" hits="0" branch="False" />
                <line number="189" hits="0" branch="False" />
                <line number="192" hits="10" branch="True" condition-coverage="50% (1/2)">
                  <conditions>
                    <condition number="368" type="jump" coverage="50%" />
                  </conditions>
                </line>
                <line number="194" hits="0" branch="False" />
                <line number="195" hits="0" branch="False" />
                <line number="198" hits="10" branch="True" condition-coverage="50% (2/4)">
                  <conditions>
                    <condition number="464" type="jump" coverage="50%" />
                    <condition number="490" type="jump" coverage="50%" />
                  </conditions>
                </line>
                <line number="199" hits="10" branch="False" />
                <line number="201" hits="0" branch="False" />
                <line number="202" hits="0" branch="False" />
                <line number="205" hits="35" branch="True" condition-coverage="50% (1/2)">
                  <conditions>
                    <condition number="589" type="jump" coverage="50%" />
                  </conditions>
                </line>
                <line number="207" hits="0" branch="False" />
                <line number="208" hits="0" branch="False" />
                <line number="211" hits="45" branch="False" />
                <line number="214" hits="100" branch="True" condition-coverage="100% (2/2)">
                  <conditions>
                    <condition number="1312" type="jump" coverage="100%" />
                  </conditions>
                </line>
                <line number="216" hits="170" branch="True" condition-coverage="100% (2/2)">
                  <conditions>
                    <condition number="1053" type="jump" coverage="100%" />
                  </conditions>
                </line>
                <line number="218" hits="40" branch="True" condition-coverage="100% (4/4)">
                  <conditions>
                    <condition number="759" type="jump" coverage="100%" />
                    <condition number="773" type="jump" coverage="100%" />
                  </conditions>
                </line>
                <line number="223" hits="80" branch="True" condition-coverage="100% (2/2)">
                  <conditions>
                    <condition number="912" type="jump" coverage="100%" />
                  </conditions>
                </line>
                <line number="225" hits="20" branch="True" condition-coverage="50% (1/2)">
                  <conditions>
                    <condition number="821" type="jump" coverage="50%" />
                  </conditions>
                </line>
                <line number="227" hits="0" branch="False" />
                <line number="228" hits="0" branch="False" />
                <line number="232" hits="20" branch="True" condition-coverage="75% (3/4)">
                  <conditions>
                    <condition number="937" type="jump" coverage="100%" />
                    <condition number="957" type="jump" coverage="50%" />
                  </conditions>
                </line>
                <line number="234" hits="0" branch="False" />
                <line number="235" hits="0" branch="False" />
                <line number="239" hits="130" branch="True" condition-coverage="100% (2/2)">
                  <conditions>
                    <condition number="1284" type="jump" coverage="100%" />
                  </conditions>
                </line>
                <line number="241" hits="20" branch="True" condition-coverage="50% (1/2)">
                  <conditions>
                    <condition number="1107" type="jump" coverage="50%" />
                  </conditions>
                </line>
                <line number="243" hits="0" branch="False" />
                <line number="244" hits="0" branch="False" />
                <line number="247" hits="20" branch="True" condition-coverage="50% (1/2)">
                  <conditions>
                    <condition number="1188" type="jump" coverage="50%" />
                  </conditions>
                </line>
                <line number="249" hits="0" branch="False" />
                <line number="250" hits="0" branch="False" />
                <line number="255" hits="5" branch="True" condition-coverage="100% (2/2)">
                  <conditions>
                    <condition number="1339" type="jump" coverage="100%" />
                  </conditions>
                </line>
                <line number="257" hits="5" branch="False" />
                <line number="261" hits="5" branch="True" condition-coverage="100% (2/2)">
                  <conditions>
                    <condition number="1355" type="jump" coverage="100%" />
                  </conditions>
                </line>
                <line number="263" hits="5" branch="False" />
                <line number="266" hits="5" branch="True" condition-coverage="50% (1/2)">
                  <conditions>
                    <condition number="1386" type="jump" coverage="50%" />
                  </conditions>
                </line>
                <line number="268" hits="0" branch="True" condition-coverage="0% (0/2)">
                  <conditions>
                    <condition number="1411" type="jump" coverage="0%" />
                  </conditions>
                </line>
                <line number="269" hits="0" branch="False" />
                <line number="270" hits="0" branch="False" />
                <line number="274" hits="5" branch="True" condition-coverage="100% (2/2)">
                  <conditions>
                    <condition number="1470" type="jump" coverage="100%" />
                  </conditions>
                </line>
                <line number="277" hits="30" branch="True" condition-coverage="100% (2/2)">
                  <conditions>
                    <condition number="1503" type="jump" coverage="100%" />
                  </conditions>
                </line>
                <line number="283" hits="5" branch="False" />
              </lines>
            </method>
            <method name="ValidateNoCycles" signature="(TState)" line-rate="0.8" branch-rate="0.6666" complexity="6">
              <lines>
                <line number="287" hits="45" branch="False" />
                <line number="288" hits="45" branch="False" />
                <line number="289" hits="55" branch="False" />
                <line number="291" hits="100" branch="True" condition-coverage="50% (1/2)">
                  <conditions>
                    <condition number="22" type="jump" coverage="50%" />
                  </conditions>
                </line>
                <line number="293" hits="0" branch="False" />
                <line number="296" hits="100" branch="True" condition-coverage="50% (1/2)">
                  <conditions>
                    <condition number="32" type="jump" coverage="50%" />
                  </conditions>
                </line>
                <line number="298" hits="0" branch="False" />
                <line number="301" hits="100" branch="True" condition-coverage="100% (2/2)">
                  <conditions>
                    <condition number="95" type="jump" coverage="100%" />
                  </conditions>
                </line>
                <line number="303" hits="45" branch="False" />
                <line number="306" hits="55" branch="False" />
              </lines>
            </method>
            <method name="TryGetTransitionsInHierarchy" signature="(TState,TTrigger,System.Collections.Generic.List`1&lt;FunctionalStateMachine.Core.StateMachine`4/TransitionDefinition&lt;TState,TTrigger,TData,TCommand&gt;&gt;&amp;)" line-rate="0.3636" branch-rate="0.3333" complexity="6">
              <lines>
                <line number="315" hits="8" branch="False" />
                <line number="316" hits="0" branch="False" />
                <line number="318" hits="8" branch="True" condition-coverage="50% (1/2)">
                  <conditions>
                    <condition number="16" type="jump" coverage="50%" />
                  </conditions>
                </line>
                <line number="320" hits="0" branch="False" />
                <line number="321" hits="0" branch="False" />
                <line number="324" hits="8" branch="True" condition-coverage="50% (1/2)">
                  <conditions>
                    <condition number="35" type="jump" coverage="50%" />
                  </conditions>
                </line>
                <line number="326" hits="8" branch="False" />
                <line number="329" hits="0" branch="True" condition-coverage="0% (0/2)">
                  <conditions>
                    <condition number="45" type="jump" coverage="0%" />
                  </conditions>
                </line>
                <line number="331" hits="0" branch="False" />
                <line number="332" hits="0" branch="False" />
                <line number="335" hits="0" branch="False" />
              </lines>
            </method>
            <method name="ResolveInitialLeaf" signature="(TState)" line-rate="0.6923" branch-rate="0.625" complexity="8">
              <lines>
                <line number="341" hits="20" branch="False" />
                <line number="342" hits="20" branch="False" />
                <line number="343" hits="9" branch="False" />
                <line number="345" hits="29" branch="True" condition-coverage="50% (1/2)">
                  <conditions>
                    <condition number="22" type="jump" coverage="50%" />
                  </conditions>
                </line>
                <line number="347" hits="0" branch="False" />
                <line number="350" hits="29" branch="True" condition-coverage="100% (2/2)">
                  <conditions>
                    <condition number="32" type="jump" coverage="100%" />
                  </conditions>
                </line>
                <line number="352" hits="20" branch="False" />
                <line number="355" hits="9" branch="True" condition-coverage="50% (1/2)">
                  <conditions>
                    <condition number="42" type="jump" coverage="50%" />
                  </conditions>
                </line>
                <line number="357" hits="0" branch="False" />
                <line number="358" hits="0" branch="False" />
                <line number="361" hits="9" branch="True" condition-coverage="50% (1/2)">
                  <conditions>
                    <condition number="106" type="jump" coverage="50%" />
                  </conditions>
                </line>
                <line number="363" hits="0" branch="False" />
                <line number="366" hits="9" branch="False" />
              </lines>
            </method>
            <method name="AppendExitCommands" signature="(System.Collections.Generic.List`1&lt;TCommand&gt;,TState,TState,TData)" line-rate="0.5714" branch-rate="0.5" complexity="6">
              <lines>
                <line number="376" hits="13" branch="True" condition-coverage="50% (1/2)">
                  <conditions>
                    <condition number="10" type="jump" coverage="50%" />
                  </conditions>
                </line>
                <line number="378" hits="56" branch="True" condition-coverage="100% (2/2)">
                  <conditions>
                    <condition number="69" type="jump" coverage="100%" />
                  </conditions>
                </line>
                <line number="380" hits="15" branch="False" />
                <line number="383" hits="13" branch="False" />
                <line number="386" hits="0" branch="True" condition-coverage="0% (0/2)">
                  <conditions>
                    <condition number="144" type="jump" coverage="0%" />
                  </conditions>
                </line>
                <line number="388" hits="0" branch="False" />
                <line number="390" hits="0" branch="False" />
              </lines>
            </method>
            <method name="AppendEntryCommands" signature="(System.Collections.Generic.List`1&lt;TCommand&gt;,TState,TState,TData)" line-rate="0.8887999999999999" branch-rate="0.6666" complexity="6">
              <lines>
                <line number="398" hits="13" branch="True" condition-coverage="50% (1/2)">
                  <conditions>
                    <condition number="12" type="jump" coverage="50%" />
                  </conditions>
                </line>
                <line number="400" hits="0" branch="False" />
                <line number="403" hits="13" branch="True" condition-coverage="50% (1/2)">
                  <conditions>
                    <condition number="25" type="jump" coverage="50%" />
                  </conditions>
                </line>
                <line number="404" hits="13" branch="False" />
                <line number="405" hits="13" branch="False" />
                <line number="407" hits="13" branch="False" />
                <line number="408" hits="60" branch="True" condition-coverage="100% (2/2)">
                  <conditions>
                    <condition number="99" type="jump" coverage="100%" />
                  </conditions>
                </line>
                <line number="410" hits="17" branch="False" />
                <line number="412" hits="13" branch="False" />
              </lines>
            </method>
            <method name="AppendInitialEntryCommands" signature="(System.Collections.Generic.List`1&lt;TCommand&gt;,TState,TData)" line-rate="0" branch-rate="0" complexity="4">
              <lines>
                <line number="419" hits="0" branch="True" condition-coverage="0% (0/2)">
                  <conditions>
                    <condition number="12" type="jump" coverage="0%" />
                  </conditions>
                </line>
                <line number="421" hits="0" branch="False" />
                <line number="424" hits="0" branch="False" />
                <line number="425" hits="0" branch="False" />
                <line number="426" hits="0" branch="True" condition-coverage="0% (0/2)">
                  <conditions>
                    <condition number="76" type="jump" coverage="0%" />
                  </conditions>
                </line>
                <line number="428" hits="0" branch="False" />
                <line number="430" hits="0" branch="False" />
              </lines>
            </method>
            <method name="GetHierarchyChain" signature="(TState)" line-rate="1" branch-rate="1" complexity="4">
              <lines>
                <line number="435" hits="52" branch="False" />
                <line number="436" hits="52" branch="False" />
                <line number="437" hits="76" branch="False" />
                <line number="439" hits="128" branch="True" condition-coverage="100% (2/2)">
                  <conditions>
                    <condition number="22" type="jump" coverage="100%" />
                  </conditions>
                </line>
                <line number="444" hits="128" branch="False" />
                <line number="445" hits="128" branch="True" condition-coverage="100% (2/2)">
                  <conditions>
                    <condition number="37" type="jump" coverage="100%" />
                  </conditions>
                </line>
                <line number="450" hits="76" branch="False" />
                <line number="453" hits="52" branch="False" />
              </lines>
            </method>
            <method name="GetStatesUntil" signature="(TState,TState)" line-rate="0.8" branch-rate="0.75" complexity="4">
              <lines>
                <line number="458" hits="26" branch="False" />
                <line number="459" hits="26" branch="False" />
                <line number="460" hits="58" branch="True" condition-coverage="100% (2/2)">
                  <conditions>
                    <condition number="130" type="jump" coverage="100%" />
                  </conditions>
                </line>
                <line number="462" hits="32" branch="False" />
                <line number="463" hits="32" branch="False" />
                <line number="464" hits="32" branch="True" condition-coverage="50% (1/2)">
                  <conditions>
                    <condition number="35" type="jump" coverage="50%" />
                  </conditions>
                </line>
                <line number="466" hits="0" branch="False" />
                <line number="467" hits="0" branch="False" />
                <line number="470" hits="32" branch="False" />
                <line number="473" hits="26" branch="False" />
              </lines>
            </method>
            <method name="GetStatesToRoot" signature="(TState)" line-rate="0" branch-rate="0" complexity="4">
              <lines>
                <line number="478" hits="0" branch="False" />
                <line number="479" hits="0" branch="False" />
                <line number="480" hits="0" branch="False" />
                <line number="482" hits="0" branch="True" condition-coverage="0% (0/2)">
                  <conditions>
                    <condition number="22" type="jump" coverage="0%" />
                  </conditions>
                </line>
                <line number="487" hits="0" branch="False" />
                <line number="488" hits="0" branch="True" condition-coverage="0% (0/2)">
                  <conditions>
                    <condition number="37" type="jump" coverage="0%" />
                  </conditions>
                </line>
                <line number="493" hits="0" branch="False" />
                <line number="496" hits="0" branch="False" />
              </lines>
            </method>
            <method name="HasTransitionTargetSteps" signature="(System.Collections.Generic.List`1&lt;FunctionalStateMachine.Core.StateMachine`4/TransitionStep&lt;TState,TTrigger,TData,TCommand&gt;&gt;)" line-rate="1" branch-rate="1" complexity="1">
              <lines>
                <line number="501" hits="30" branch="False" />
              </lines>
            </method>
            <method name="GetTransitionTargetStates" signature="(System.Collections.Generic.List`1&lt;FunctionalStateMachine.Core.StateMachine`4/TransitionStep&lt;TState,TTrigger,TData,TCommand&gt;&gt;)" line-rate="1" branch-rate="1" complexity="1">
              <lines>
                <line number="506" hits="50" branch="False" />
                <line number="507" hits="50" branch="False" />
                <line number="508" hits="50" branch="False" />
              </lines>
            </method>
            <method name="CollectTransitionTargetStates" signature="(System.Collections.Generic.List`1&lt;FunctionalStateMachine.Core.StateMachine`4/TransitionStep&lt;TState,TTrigger,TData,TCommand&gt;&gt;,System.Collections.Generic.HashSet`1&lt;TState&gt;)" line-rate="1" branch-rate="1" complexity="8">
              <lines>
                <line number="513" hits="520" branch="True" condition-coverage="100% (2/2)">
                  <conditions>
                    <condition number="113" type="jump" coverage="100%" />
                  </conditions>
                </line>
                <line number="515" hits="150" branch="True" condition-coverage="100% (4/4)">
                  <conditions>
                    <condition number="26" type="jump" coverage="100%" />
                    <condition number="30" type="jump" coverage="100%" />
                  </conditions>
                </line>
                <line number="518" hits="40" branch="False" />
                <line number="519" hits="40" branch="False" />
                <line number="521" hits="160" branch="True" condition-coverage="100% (2/2)">
                  <conditions>
                    <condition number="88" type="jump" coverage="100%" />
                  </conditions>
                </line>
                <line number="523" hits="60" branch="False" />
                <line number="529" hits="110" branch="False" />
              </lines>
            </method>
            <method name="TryFindLowestCommonAncestor" signature="(TState,TState,TState&amp;)" line-rate="0.7777" branch-rate="0.75" complexity="4">
              <lines>
                <line number="533" hits="26" branch="False" />
                <line number="534" hits="26" branch="False" />
                <line number="535" hits="146" branch="True" condition-coverage="50% (1/2)">
                  <conditions>
                    <condition number="63" type="jump" coverage="50%" />
                  </conditions>
                </line>
                <line number="537" hits="60" branch="True" condition-coverage="100% (2/2)">
                  <conditions>
                    <condition number="43" type="jump" coverage="100%" />
                  </conditions>
                </line>
                <line number="539" hits="26" branch="False" />
                <line number="540" hits="26" branch="False" />
                <line number="544" hits="0" branch="False" />
                <line number="545" hits="0" branch="False" />
                <line number="546" hits="26" branch="False" />
              </lines>
            </method>
            <method name="GetOrCreateState" signature="(TState)" line-rate="1" branch-rate="1" complexity="2">
              <lines>
                <line number="550" hits="45" branch="True" condition-coverage="100% (2/2)">
                  <conditions>
                    <condition number="14" type="jump" coverage="100%" />
                  </conditions>
                </line>
                <line number="552" hits="45" branch="False" />
                <line number="553" hits="45" branch="False" />
                <line number="556" hits="45" branch="False" />
              </lines>
            </method>
            <method name="GetTriggerKey" signature="(TTrigger)" line-rate="1" branch-rate="0.5" complexity="2">
              <lines>
                <line number="561" hits="8" branch="False" />
                <line number="562" hits="8" branch="True" condition-coverage="50% (1/2)">
                  <conditions>
[...]
              <lines>
                <line number="263" hits="0" branch="False" />
                <line number="264" hits="0" branch="False" />
              </lines>
            </method>
            <method name="Execute" signature="(System.Func`3&lt;TState,TDerivedTrigger,System.Collections.Generic.IEnumerable`1&lt;TCommand&gt;&gt;)" line-rate="0" branch-rate="1" complexity="1">
              <lines>
                <line number="270" hits="0" branch="False" />
                <line number="271" hits="0" branch="False" />
              </lines>
            </method>
            <method name="If" signature="(System.Func`3&lt;TState,TDerivedTrigger,System.Boolean&gt;)" line-rate="0" branch-rate="1" complexity="1">
              <lines>
                <line number="277" hits="0" branch="False" />
              </lines>
            </method>
            <method name="Ignore" signature="()" line-rate="0" branch-rate="1" complexity="1">
              <lines>
                <line number="282" hits="0" branch="False" />
                <line number="283" hits="0" branch="False" />
              </lines>
            </method>
            <method name="Done" signature="()" line-rate="0" branch-rate="1" complexity="1">
              <lines>
                <line number="288" hits="0" branch="False" />
                <line number="289" hits="0" branch="False" />
              </lines>
            </method>
            <method name="On" signature="(TTrigger)" line-rate="0" branch-rate="1" complexity="1">
              <lines>
                <line number="294" hits="0" branch="False" />
              </lines>
            </method>
            <method name="On" signature="()" line-rate="0" branch-rate="1" complexity="1">
              <lines>
                <line number="300" hits="0" branch="False" />
              </lines>
            </method>
            <method name="For" signature="(TState)" line-rate="0" branch-rate="1" complexity="1">
              <lines>
                <line number="305" hits="0" branch="False" />
              </lines>
            </method>
            <method name="Build" signature="()" line-rate="0" branch-rate="1" complexity="1">
              <lines>
                <line number="310" hits="0" branch="False" />
              </lines>
            </method>
            <method name=".ctor" signature="(FunctionalStateMachine.Core.StateMachineBuilder`3/StateConfiguration&lt;TState,TTrigger,TCommand&gt;,FunctionalStateMachine.Core.StateMachine`3/TransitionConfiguration`1&lt;TState,TTrigger,TCommand,TDerivedTrigger&gt;)" line-rate="0" branch-rate="1" complexity="1">
              <lines>
                <line number="246" hits="0" branch="False" />
                <line number="247" hits="0" branch="False" />
                <line number="248" hits="0" branch="False" />
                <line number="250" hits="0" branch="False" />
                <line number="251" hits="0" branch="False" />
                <line number="252" hits="0" branch="False" />
              </lines>
            </method>
          </methods>
          <lines>
            <line number="256" hits="0" branch="False" />
            <line number="257" hits="0" branch="False" />
            <line number="263" hits="0" branch="False" />
            <line number="264" hits="0" branch="False" />
            <line number="270" hits="0" branch="False" />
            <line number="271" hits="0" branch="False" />
            <line number="277" hits="0" branch="False" />
            <line number="282" hits="0" branch="False" />
            <line number="283" hits="0" branch="False" />
            <line number="288" hits="0" branch="False" />
            <line number="289" hits="0" branch="False" />
            <line number="294" hits="0" branch="False" />
            <line number="300" hits="0" branch="False" />
            <line number="305" hits="0" branch="False" />
            <line number="310" hits="0" branch="False" />
            <line number="246" hits="0" branch="False" />
            <line number="247" hits="0" branch="False" />
            <line number="248" hits="0" branch="False" />
            <line number="250" hits="0" branch="False" />
            <line number="251" hits="0" branch="False" />
            <line number="252" hits="0" branch="False" />
          </lines>
        </class>
        <class name="FunctionalStateMachine.Core.StateMachineBuilder`3/ConditionalTransitionConfiguration" filename="FunctionalStateMachine.Core/StateMachineBuilder.NoData.cs" line-rate="0" branch-rate="1" complexity="6">
          <methods>
            <method name="Execute" signature="(System.Func`3&lt;TState,TTrigger,System.Collections.Generic.IEnumerable`1&lt;TCommand&gt;&gt;)" line-rate="0" branch-rate="1" complexity="1">
              <lines>
                <line number="331" hits="0" branch="False" />
                <line number="332" hits="0" branch="False" />
              </lines>
            </method>
            <method name="TransitionTo" signature="(TState)" line-rate="0" branch-rate="1" complexity="1">
              <lines>
                <line number="337" hits="0" branch="False" />
                <line number="338" hits="0" branch="False" />
              </lines>
            </method>
            <method name="ElseIf" signature="(System.Func`3&lt;TState,TTrigger,System.Boolean&gt;)" line-rate="0" branch-rate="1" complexity="1">
              <lines>
                <line number="343" hits="0" branch="False" />
                <line number="344" hits="0" branch="False" />
              </lines>
            </method>
            <method name="Else" signature="()" line-rate="0" branch-rate="1" complexity="1">
              <lines>
                <line number="349" hits="0" branch="False" />
                <line number="350" hits="0" branch="False" />
              </lines>
            </method>
            <method name="Done" signature="()" line-rate="0" branch-rate="1" complexity="1">
              <lines>
                <line number="355" hits="0" branch="False" />
                <line number="356" hits="0" branch="False" />
              </lines>
            </method>
            <method name=".ctor" signature="(FunctionalStateMachine.Core.StateMachineBuilder`3/TransitionConfiguration&lt;TState,TTrigger,TCommand&gt;,FunctionalStateMachine.Core.StateMachine`3/ConditionalTransitionConfiguration&lt;TState,TTrigger,TCommand&gt;)" line-rate="0" branch-rate="1" complexity="1">
              <lines>
                <line number="320" hits="0" branch="False" />
                <line number="321" hits="0" branch="False" />
                <line number="322" hits="0" branch="False" />
                <line number="324" hits="0" branch="False" />
                <line number="325" hits="0" branch="False" />
                <line number="326" hits="0" branch="False" />
              </lines>
            </method>
          </methods>
          <lines>
            <line number="331" hits="0" branch="False" />
            <line number="332" hits="0" branch="False" />
            <line number="337" hits="0" branch="False" />
            <line number="338" hits="0" branch="False" />
            <line number="343" hits="0" branch="False" />
            <line number="344" hits="0" branch="False" />
            <line number="349" hits="0" branch="False" />
            <line number="350" hits="0" branch="False" />
            <line number="355" hits="0" branch="False" />
            <line number="356" hits="0" branch="False" />
            <line number="320" hits="0" branch="False" />
            <line number="321" hits="0" branch="False" />
            <line number="322" hits="0" branch="False" />
            <line number="324" hits="0" branch="False" />
            <line number="325" hits="0" branch="False" />
            <line number="326" hits="0" branch="False" />
          </lines>
        </class>
        <class name="FunctionalStateMachine.Core.StateMachineBuilder`3/ConditionalTransitionConfiguration`1" filename="FunctionalStateMachine.Core/StateMachineBuilder.NoData.cs" line-rate="0" branch-rate="1" complexity="6">
          <methods>
            <method name="Execute" signature="(System.Func`3&lt;TState,TDerivedTrigger,System.Collections.Generic.IEnumerable`1&lt;TCommand&gt;&gt;)" line-rate="0" branch-rate="1" complexity="1">
              <lines>
                <line number="379" hits="0" branch="False" />
                <line number="380" hits="0" branch="False" />
              </lines>
            </method>
            <method name="TransitionTo" signature="(TState)" line-rate="0" branch-rate="1" complexity="1">
              <lines>
                <line number="385" hits="0" branch="False" />
                <line number="386" hits="0" branch="False" />
              </lines>
            </method>
            <method name="ElseIf" signature="(System.Func`3&lt;TState,TDerivedTrigger,System.Boolean&gt;)" line-rate="0" branch-rate="1" complexity="1">
              <lines>
                <line number="392" hits="0" branch="False" />
                <line number="393" hits="0" branch="False" />
              </lines>
            </method>
            <method name="Else" signature="()" line-rate="0" branch-rate="1" complexity="1">
              <lines>
                <line number="398" hits="0" branch="False" />
                <line number="399" hits="0" branch="False" />
              </lines>
            </method>
            <method name="Done" signature="()" line-rate="0" branch-rate="1" complexity="1">
              <lines>
                <line number="404" hits="0" branch="False" />
                <line number="405" hits="0" branch="False" />
              </lines>
            </method>
            <method name=".ctor" signature="(FunctionalStateMachine.Core.StateMachineBuilder`3/TransitionConfiguration`1&lt;TState,TTrigger,TCommand,TDerivedTrigger&gt;,FunctionalStateMachine.Core.StateMachine`3/ConditionalTransitionConfiguration`1&lt;TState,TTrigger,TCommand,TDerivedTrigger&gt;)" line-rate="0" branch-rate="1" complexity="1">
              <lines>
                <line number="368" hits="0" branch="False" />
                <line number="369" hits="0" branch="False" />
                <line number="370" hits="0" branch="False" />
                <line number="372" hits="0" branch="False" />
                <line number="373" hits="0" branch="False" />
                <line number="374" hits="0" branch="False" />
              </lines>
            </method>
          </methods>
          <lines>
            <line number="379" hits="0" branch="False" />
            <line number="380" hits="0" branch="False" />
            <line number="385" hits="0" branch="False" />
            <line number="386" hits="0" branch="False" />
            <line number="392" hits="0" branch="False" />
            <line number="393" hits="0" branch="False" />
            <line number="398" hits="0" branch="False" />
            <line number="399" hits="0" branch="False" />
            <line number="404" hits="0" branch="False" />
            <line number="405" hits="0" branch="False" />
            <line number="368" hits="0" branch="False" />
            <line number="369" hits="0" branch="False" />
            <line number="370" hits="0" branch="False" />
            <line number="372" hits="0" branch="False" />
            <line number="373" hits="0" branch="False" />
            <line number="374" hits="0" branch="False" />
          </lines>
        </class>
        <class name="FunctionalStateMachine.Core.TriggerTypeRegistry" filename="FunctionalStateMachine.Core/TriggerTypeRegistry.cs" line-rate="1" branch-rate="0.5" complexity="4">
          <methods>
            <method name="Register" signature="(System.Type[])" line-rate="1" branch-rate="0.5" complexity="2">
              <lines>
                <line number="25" hits="1" branch="True" condition-coverage="50% (1/2)">
                  <conditions>
                    <condition number="17" type="jump" coverage="50%" />
                  </conditions>
                </line>
                <line number="26" hits="1" branch="False" />
              </lines>
            </method>
            <method name="TryGet" signature="(System.Type[]&amp;)" line-rate="1" branch-rate="1" complexity="1">
              <lines>
                <line number="34" hits="5" branch="False" />
              </lines>
            </method>
            <method name=".cctor" signature="()" line-rate="1" branch-rate="1" complexity="1">
              <lines>
                <line number="17" hits="1" branch="False" />
              </lines>
            </method>
          </methods>
          <lines>
            <line number="25" hits="1" branch="True" condition-coverage="50% (1/2)">
              <conditions>
                <condition number="17" type="jump" coverage="50%" />
              </conditions>
            </line>
            <line number="26" hits="1" branch="False" />
            <line number="34" hits="5" branch="False" />
            <line number="17" hits="1" branch="False" />
          </lines>
        </class>
      </classes>
    </package>
    <package name="FunctionalStateMachine.CommandRunner" line-rate="0.3529" branch-rate="0.2" complexity="16">
      <classes>
        <class name="FunctionalStateMachine.CommandRunner.CommandRunnerOptions" filename="FunctionalStateMachine.CommandRunner/CommandRunnerOptions.cs" line-rate="0" branch-rate="1" complexity="3">
          <methods>
            <method name="get_MissingBehavior" signature="()" line-rate="0" branch-rate="1" complexity="1">
              <lines>
                <line number="7" hits="0" branch="False" />
              </lines>
            </method>
            <method name="get_Lifetime" signature="()" line-rate="0" branch-rate="1" complexity="1">
              <lines>
                <line number="8" hits="0" branch="False" />
              </lines>
            </method>
            <method name="get_AutoRegisterRunners" signature="()" line-rate="0" branch-rate="1" complexity="1">
              <lines>
                <line number="9" hits="0" branch="False" />
              </lines>
            </method>
          </methods>
          <lines>
            <line number="7" hits="0" branch="False" />
            <line number="8" hits="0" branch="False" />
            <line number="9" hits="0" branch="False" />
          </lines>
        </class>
        <class name="FunctionalStateMachine.CommandRunner.CommandRunnerRegistration" filename="FunctionalStateMachine.CommandRunner/CommandRunnerRegistration.cs" line-rate="1" branch-rate="0.5" complexity="3">
          <methods>
            <method name="get_Register" signature="()" line-rate="1" branch-rate="1" complexity="1">
              <lines>
                <line number="9" hits="1" branch="False" />
              </lines>
            </method>
            <method name=".ctor" signature="(System.Action`2&lt;Microsoft.Extensions.DependencyInjection.IServiceCollection,FunctionalStateMachine.CommandRunner.CommandRunnerOptions&gt;)" line-rate="1" branch-rate="0.5" complexity="2">
              <lines>
                <line number="7" hits="1" branch="False" />
              </lines>
            </method>
          </methods>
          <lines>
            <line number="9" hits="1" branch="False" />
            <line number="7" hits="1" branch="False" />
          </lines>
        </class>
        <class name="FunctionalStateMachine.CommandRunner.CommandRunnerRegistry" filename="FunctionalStateMachine.CommandRunner/CommandRunnerRegistry.cs" line-rate="0.8" branch-rate="0.5" complexity="4">
          <methods>
            <method name="Register" signature="(FunctionalStateMachine.CommandRunner.CommandRunnerRegistration)" line-rate="1" branch-rate="0.5" complexity="2">
              <lines>
                <line number="12" hits="1" branch="True" condition-coverage="50% (1/2)">
                  <conditions>
                    <condition number="17" type="jump" coverage="50%" />
                  </conditions>
                </line>
                <line number="13" hits="1" branch="False" />
                <line number="14" hits="1" branch="False" />
              </lines>
            </method>
            <method name="TryGet" signature="(FunctionalStateMachine.CommandRunner.CommandRunnerRegistration&amp;)" line-rate="0" branch-rate="1" complexity="1">
              <lines>
                <line number="18" hits="0" branch="False" />
              </lines>
            </method>
            <method name=".cctor" signature="()" line-rate="1" branch-rate="1" complexity="1">
              <lines>
                <line number="8" hits="1" branch="False" />
              </lines>
            </method>
          </methods>
          <lines>
            <line number="12" hits="1" branch="True" condition-coverage="50% (1/2)">
              <conditions>
                <condition number="17" type="jump" coverage="50%" />
              </conditions>
            </line>
            <line number="13" hits="1" branch="False" />
            <line number="14" hits="1" branch="False" />
            <line number="18" hits="0" branch="False" />
            <line number="8" hits="1" branch="False" />
          </lines>
        </class>
        <class name="FunctionalStateMachine.CommandRunner.ServiceCollectionExtensions" filename="FunctionalStateMachine.CommandRunner/ServiceCollectionExtensions.cs" line-rate="0" branch-rate="0" complexity="6">
          <methods>
            <method name="AddCommandRunners" signature="(Microsoft.Extensions.DependencyInjection.IServiceCollection,FunctionalStateMachine.CommandRunner.CommandRunnerOptions)" line-rate="0" branch-rate="0" complexity="6">
              <lines>
                <line number="11" hits="0" branch="True" condition-coverage="0% (0/2)">
                  <conditions>
                    <condition number="1" type="jump" coverage="0%" />
                  </conditions>
                </line>
                <line number="13" hits="0" branch="True" condition-coverage="0% (0/2)">
                  <conditions>
                    <condition number="16" type="jump" coverage="0%" />
                  </conditions>
                </line>
                <line number="14" hits="0" branch="True" condition-coverage="0% (0/2)">
                  <conditions>
                    <condition number="32" type="jump" coverage="0%" />
                  </conditions>
                </line>
                <line number="16" hits="0" branch="False" />
                <line number="17" hits="0" branch="False" />
                <line number="20" hits="0" branch="False" />
                <line number="21" hits="0" branch="False" />
              </lines>
            </method>
          </methods>
          <lines>
            <line number="11" hits="0" branch="True" condition-coverage="0% (0/2)">
              <conditions>
                <condition number="1" type="jump" coverage="0%" />
              </conditions>
            </line>
            <line number="13" hits="0" branch="True" condition-coverage="0% (0/2)">
              <conditions>
                <condition number="16" type="jump" coverage="0%" />
              </conditions>
            </line>
            <line number="14" hits="0" branch="True" condition-coverage="0% (0/2)">
              <conditions>
                <condition number="32" type="jump" coverage="0%" />
              </conditions>
            </line>
            <line number="16" hits="0" branch="False" />
            <line number="17" hits="0" branch="False" />
            <line number="20" hits="0" branch="False" />
            <line number="21" hits="0" branch="False" />
          </lines>
        </class>
      </classes>
    </package>
  </packages>
</coverage>