<testsuites>
  <testsuite name="FunctionalStateMachine.Samples.dll" tests="7" skipped="0" failures="0" errors="0" time="0.4387306999999999" timestamp="2026-02-23T11:24:41" hostname="runnervmwffz4" id="0" package="FunctionalStateMachine.Samples.dll">
    <properties />
    <testcase classname="FunctionalStateMachine.Samples.LightSwitchDemo" name="Demo" time="0.1266582">
      <system-out>Turn On
Turn Off
Turn On
Turn Off
Turn On

</system-out>
    </testcase>
    <testcase classname="FunctionalStateMachine.Samples.ShoppingTrolleyDemo" name="Demo_Card_Payment" time="0.1283864">
      <system-out>Updated cart items: LineItem { Sku = Milk, Price = 1.30 }
Updated cart items: LineItem { Sku = Milk, Price = 1.30 }, LineItem { Sku = Bread, Price = 0.80 }
Requesting payment for 2.10
Payment pending...
Purchase complete of LineItem { Sku = Milk, Price = 1.30 }, LineItem { Sku = Bread, Price = 0.80 }

</system-out>
    </testcase>
    <testcase classname="FunctionalStateMachine.Samples.ShoppingTrolleySampleTests" name="Pay_GrantsOwnership" time="0.1501392" />
    <testcase classname="FunctionalStateMachine.Samples.ShoppingTrolleySampleTests" name="PayByCash_ExactPaymentGrantsOwnership" time="0.0022924" />
    <testcase classname="FunctionalStateMachine.Samples.ShoppingTrolleyDemo" name="Demo_Cash_Payment" time="0.0200433">
      <system-out>Updated cart items: LineItem { Sku = Milk, Price = 1.30 }
Updated cart items: LineItem { Sku = Milk, Price = 1.30 }, LineItem { Sku = Bread, Price = 0.80 }
Requesting payment for 2.10
Requesting payment for 1.10
Requesting payment for 0.10
Purchase complete of LineItem { Sku = Milk, Price = 1.30 }, LineItem { Sku = Bread, Price = 0.80 }
Refunding 0.40...

</system-out>
    </testcase>
    <testcase classname="FunctionalStateMachine.Samples.ShoppingTrolleySampleTests" name="PayByCash_UnderpaymentRequestsRemaining" time="0.0103892" />
    <testcase classname="FunctionalStateMachine.Samples.ShoppingTrolleySampleTests" name="PayByCash_OverpaymentIssuesRefund" time="0.0008220" />
    <system-out>
Test Framework Informational Messages:
[xUnit.net 00:00:00.00] xUnit.net VSTest Adapter v2.8.2+699d445a1a (64-bit .NET 9.0.12)
[xUnit.net 00:00:00.46]   Discovering: FunctionalStateMachine.Samples
[xUnit.net 00:00:00.78]   Discovered:  FunctionalStateMachine.Samples
[xUnit.net 00:00:00.79]   Starting:    FunctionalStateMachine.Samples
[xUnit.net 00:00:01.06]   Finished:    FunctionalStateMachine.Samples
</system-out>
  </testsuite>
</testsuites>