<?xml version="1.0" encoding="utf-8"?>
<coverage line-rate="0.34600000000000003" branch-rate="0.7957" version="1.9" timestamp="1769921016" lines-covered="636" lines-valid="1838" branches-covered="113" branches-valid="142">
  <sources>
    <source>D:\develop\Lee Fun\FunctionalStateMachine\FunctionalStateMachine.Core\</source>
  </sources>
  <packages>
    <package name="FunctionalStateMachine.Core" line-rate="0.34600000000000003" branch-rate="0.7957" complexity="542">
      <classes>
        <class name="FunctionalStateMachine.Core.NoData" filename="NoData.cs" line-rate="0" branch-rate="1" complexity="2">
          <methods>
            <method name="get_Initial" signature="()" line-rate="0" branch-rate="1" complexity="1">
              <lines>
                <line number="6" hits="0" branch="False" />
              </lines>
            </method>
            <method name=".cctor" signature="()" line-rate="0" branch-rate="1" complexity="1">
              <lines>
                <line number="5" hits="0" branch="False" />
              </lines>
            </method>
          </methods>
          <lines>
            <line number="6" hits="0" branch="False" />
            <line number="5" hits="0" branch="False" />
          </lines>
        </class>
        <class name="FunctionalStateMachine.Core.State`2" filename="State.cs" line-rate="1" branch-rate="1" complexity="1">
          <methods>
            <method name="get_Value" signature="()" line-rate="1" branch-rate="1" complexity="1">
              <lines>
                <line number="3" hits="130120" branch="False" />
              </lines>
            </method>
          </methods>
          <lines>
            <line number="3" hits="130120" branch="False" />
          </lines>
        </class>
        <class name="FunctionalStateMachine.Core.StateMachine`4" filename="StateMachine.cs" line-rate="0.8484" branch-rate="0.7954000000000001" complexity="140">
          <methods>
            <method name="Create" signature="()" line-rate="1" branch-rate="1" complexity="1">
              <lines>
                <line number="10" hits="1018" branch="False" />
                <line number="11" hits="1018" branch="False" />
                <line number="12" hits="1018" branch="False" />
              </lines>
            </method>
            <method name="StartWith" signature="(TState)" line-rate="1" branch-rate="1" complexity="1">
              <lines>
                <line number="20" hits="1001" branch="False" />
                <line number="21" hits="1001" branch="False" />
                <line number="22" hits="1001" branch="False" />
                <line number="23" hits="1001" branch="False" />
                <line number="24" hits="1001" branch="False" />
              </lines>
            </method>
            <method name="CreateState" signature="(TState,TData)" line-rate="0" branch-rate="1" complexity="1">
              <lines>
                <line number="26" hits="0" branch="False" />
              </lines>
            </method>
            <method name="For" signature="(TState)" line-rate="1" branch-rate="1" complexity="1">
              <lines>
                <line number="29" hits="2030" branch="False" />
                <line number="30" hits="2030" branch="False" />
                <line number="31" hits="2030" branch="False" />
                <line number="32" hits="2030" branch="False" />
              </lines>
            </method>
            <method name="OnUnhandled" signature="(System.Action`2&lt;TTrigger,FunctionalStateMachine.Core.State`2&lt;TState,TData&gt;&gt;)" line-rate="1" branch-rate="1" complexity="1">
              <lines>
                <line number="35" hits="1" branch="False" />
                <line number="36" hits="1" branch="False" />
                <line number="37" hits="1" branch="False" />
                <line number="38" hits="1" branch="False" />
              </lines>
            </method>
            <method name="Fire" signature="(TTrigger,FunctionalStateMachine.Core.State`2&lt;TState,TData&gt;)" line-rate="0.8332999999999999" branch-rate="0.5" complexity="2">
              <lines>
                <line number="43" hits="20014" branch="False" />
                <line number="44" hits="20014" branch="True" condition-coverage="50% (1/2)">
                  <conditions>
                    <condition number="16" type="jump" coverage="50%" />
                  </conditions>
                </line>
                <line number="45" hits="20013" branch="False" />
                <line number="46" hits="20013" branch="False" />
                <line number="49" hits="0" branch="False" />
                <line number="50" hits="20013" branch="False" />
              </lines>
            </method>
            <method name="TryFire" signature="(TTrigger,FunctionalStateMachine.Core.State`2&lt;TState,TData&gt;,FunctionalStateMachine.Core.State`2&lt;TState,TData&gt;&amp;,System.Collections.Generic.IReadOnlyList`1&lt;TCommand&gt;&amp;)" line-rate="1" branch-rate="1" complexity="1">
              <lines>
                <line number="57" hits="2" branch="False" />
                <line number="58" hits="2" branch="False" />
                <line number="59" hits="2" branch="False" />
              </lines>
            </method>
            <method name="InitialStateOrDefault" signature="()" line-rate="0" branch-rate="0" complexity="2">
              <lines>
                <line number="62" hits="0" branch="False" />
                <line number="63" hits="0" branch="True" condition-coverage="0% (0/2)">
                  <conditions>
                    <condition number="7" type="jump" coverage="0%" />
                  </conditions>
                </line>
                <line number="64" hits="0" branch="False" />
              </lines>
            </method>
            <method name="TryFireInternal" signature="(TTrigger,FunctionalStateMachine.Core.State`2&lt;TState,TData&gt;,FunctionalStateMachine.Core.State`2&lt;TState,TData&gt;&amp;,System.Collections.Generic.IReadOnlyList`1&lt;TCommand&gt;&amp;,System.Boolean)" line-rate="0.8378" branch-rate="0.8636" complexity="22">
              <lines>
                <line number="72" hits="20016" branch="False" />
                <line number="73" hits="20016" branch="True" condition-coverage="50% (1/2)">
                  <conditions>
                    <condition number="26" type="jump" coverage="50%" />
                  </conditions>
                </line>
                <line number="74" hits="0" branch="False" />
                <line number="75" hits="0" branch="False" />
                <line number="78" hits="20016" branch="True" condition-coverage="50% (1/2)">
                  <conditions>
                    <condition number="103" type="jump" coverage="50%" />
                  </conditions>
                </line>
                <line number="79" hits="0" branch="False" />
                <line number="80" hits="0" branch="False" />
                <line number="81" hits="0" branch="False" />
                <line number="84" hits="20016" branch="True" condition-coverage="100% (2/2)">
                  <conditions>
                    <condition number="193" type="jump" coverage="100%" />
                  </conditions>
                </line>
                <line number="85" hits="3" branch="False" />
                <line number="86" hits="3" branch="False" />
                <line number="89" hits="80054" branch="True" condition-coverage="50% (1/2)">
                  <conditions>
                    <condition number="522" type="jump" coverage="50%" />
                  </conditions>
                </line>
                <line number="90" hits="20014" branch="False" />
                <line number="91" hits="20014" branch="True" condition-coverage="100% (4/4)">
                  <conditions>
                    <condition number="247" type="jump" coverage="100%" />
                    <condition number="273" type="jump" coverage="100%" />
                  </conditions>
                </line>
                <line number="92" hits="1" branch="False" />
                <line number="93" hits="1" branch="False" />
                <line number="96" hits="20013" branch="True" condition-coverage="100% (2/2)">
                  <conditions>
                    <condition number="292" type="jump" coverage="100%" />
                  </conditions>
                </line>
                <line number="97" hits="1" branch="False" />
                <line number="98" hits="1" branch="False" />
                <line number="99" hits="1" branch="False" />
                <line number="100" hits="1" branch="False" />
                <line number="103" hits="20012" branch="True" condition-coverage="100% (2/2)">
                  <conditions>
                    <condition number="325" type="jump" coverage="100%" />
                  </conditions>
                </line>
                <line number="104" hits="20012" branch="False" />
                <line number="106" hits="20012" branch="False" />
                <line number="107" hits="20012" branch="True" condition-coverage="100% (2/2)">
                  <conditions>
                    <condition number="369" type="jump" coverage="100%" />
                  </conditions>
                </line>
                <line number="108" hits="20012" branch="False" />
                <line number="110" hits="20012" branch="False" />
                <line number="112" hits="20012" branch="True" condition-coverage="100% (2/2)">
                  <conditions>
                    <condition number="417" type="jump" coverage="100%" />
                  </conditions>
                </line>
                <line number="113" hits="20006" branch="False" />
                <line number="114" hits="20006" branch="False" />
                <line number="115" hits="20006" branch="False" />
                <line number="116" hits="20006" branch="False" />
                <line number="118" hits="20012" branch="False" />
                <line number="119" hits="20012" branch="True" condition-coverage="100% (2/2)">
                  <conditions>
                    <condition number="485" type="jump" coverage="100%" />
                  </conditions>
                </line>
                <line number="120" hits="20012" branch="False" />
                <line number="123" hits="0" branch="False" />
                <line number="124" hits="20015" branch="False" />
              </lines>
            </method>
            <method name="HandleUnhandled" signature="(TTrigger,FunctionalStateMachine.Core.State`2&lt;TState,TData&gt;,FunctionalStateMachine.Core.State`2&lt;TState,TData&gt;&amp;,System.Collections.Generic.IReadOnlyList`1&lt;TCommand&gt;&amp;,System.Boolean)" line-rate="1" branch-rate="1" complexity="4">
              <lines>
                <line number="132" hits="3" branch="False" />
                <line number="133" hits="3" branch="True" condition-coverage="100% (2/2)">
                  <conditions>
                    <condition number="12" type="jump" coverage="100%" />
                  </conditions>
                </line>
                <line number="134" hits="1" branch="False" />
                <line number="135" hits="1" branch="False" />
                <line number="136" hits="1" branch="False" />
                <line number="137" hits="1" branch="False" />
                <line number="138" hits="1" branch="False" />
                <line number="141" hits="2" branch="True" condition-coverage="100% (2/2)">
                  <conditions>
                    <condition number="52" type="jump" coverage="100%" />
                  </conditions>
                </line>
                <line number="142" hits="1" branch="False" />
                <line number="143" hits="1" branch="False" />
                <line number="146" hits="1" branch="False" />
                <line number="147" hits="1" branch="False" />
                <line number="148" hits="1" branch="False" />
                <line number="149" hits="2" branch="False" />
              </lines>
            </method>
            <method name="Validate" signature="()" line-rate="0.7931" branch-rate="0.8437" complexity="32">
              <lines>
                <line number="152" hits="1018" branch="False" />
                <line number="153" hits="7114" branch="True" condition-coverage="100% (2/2)">
                  <conditions>
                    <condition number="46" type="jump" coverage="100%" />
                  </conditions>
                </line>
                <line number="154" hits="2030" branch="False" />
                <line number="155" hits="2030" branch="False" />
                <line number="156" hits="2030" branch="False" />
                <line number="158" hits="7114" branch="True" condition-coverage="100% (2/2)">
                  <conditions>
                    <condition number="254" type="jump" coverage="100%" />
                  </conditions>
                </line>
                <line number="159" hits="2030" branch="False" />
                <line number="160" hits="2030" branch="True" condition-coverage="100% (2/2)">
                  <conditions>
                    <condition number="110" type="jump" coverage="100%" />
                  </conditions>
                </line>
                <line number="161" hits="2025" branch="False" />
                <line number="162" hits="2025" branch="False" />
                <line number="165" hits="5" branch="True" condition-coverage="50% (1/2)">
                  <conditions>
                    <condition number="144" type="jump" coverage="50%" />
                  </conditions>
                </line>
                <line number="166" hits="0" branch="False" />
                <line number="167" hits="0" branch="False" />
                <line number="168" hits="0" branch="False" />
                <line number="171" hits="5" branch="False" />
                <line number="172" hits="5" branch="False" />
                <line number="174" hits="7109" branch="True" condition-coverage="100% (2/2)">
                  <conditions>
                    <condition number="771" type="jump" coverage="100%" />
                  </conditions>
                </line>
                <line number="175" hits="2028" branch="False" />
                <line number="176" hits="2028" branch="True" condition-coverage="100% (2/2)">
                  <conditions>
                    <condition number="321" type="jump" coverage="100%" />
                  </conditions>
                </line>
                <line number="177" hits="3" branch="False" />
                <line number="178" hits="3" branch="True" condition-coverage="100% (2/2)">
                  <conditions>
                    <condition number="341" type="jump" coverage="100%" />
                  </conditions>
                </line>
                <line number="179" hits="1" branch="False" />
                <line number="180" hits="1" branch="False" />
                <line number="181" hits="1" branch="False" />
                <line number="184" hits="2" branch="True" condition-coverage="50% (1/2)">
                  <conditions>
                    <condition number="435" type="jump" coverage="50%" />
                  </conditions>
                </line>
                <line number="185" hits="0" branch="False" />
                <line number="186" hits="0" branch="False" />
                <line number="187" hits="0" branch="False" />
                <line number="190" hits="2" branch="True" condition-coverage="50% (2/4)">
                  <conditions>
                    <condition number="537" type="jump" coverage="50%" />
                    <condition number="573" type="jump" coverage="50%" />
                  </conditions>
                </line>
                <line number="191" hits="2" branch="False" />
                <line number="192" hits="0" branch="False" />
                <line number="193" hits="0" branch="False" />
                <line number="194" hits="0" branch="False" />
                <line number="196" hits="2" branch="False" />
                <line number="197" hits="2025" branch="True" condition-coverage="50% (1/2)">
                  <conditions>
                    <condition number="682" type="jump" coverage="50%" />
                  </conditions>
                </line>
                <line number="198" hits="0" branch="False" />
                <line number="199" hits="0" branch="False" />
                <line number="200" hits="0" branch="False" />
                <line number="203" hits="2027" branch="False" />
                <line number="204" hits="2027" branch="False" />
                <line number="206" hits="7104" branch="True" condition-coverage="100% (2/2)">
                  <conditions>
                    <condition number="1032" type="jump" coverage="100%" />
                  </conditions>
                </line>
                <line number="207" hits="2027" branch="False" />
                <line number="208" hits="10112" branch="True" condition-coverage="100% (2/2)">
                  <conditions>
                    <condition number="1004" type="jump" coverage="100%" />
                  </conditions>
                </line>
                <line number="209" hits="2016" branch="False" />
                <line number="210" hits="2016" branch="True" condition-coverage="100% (2/2)">
                  <conditions>
                    <condition number="871" type="jump" coverage="100%" />
                  </conditions>
                </line>
                <line number="211" hits="7" branch="False" />
                <line number="212" hits="7" branch="False" />
                <line number="215" hits="2009" branch="True" condition-coverage="100% (2/2)">
                  <conditions>
                    <condition number="901" type="jump" coverage="100%" />
                  </conditions>
                </line>
                <line number="216" hits="1" branch="False" />
                <line number="217" hits="1" branch="False" />
                <line number="218" hits="1" branch="False" />
                <line number="220" hits="2008" branch="False" />
                <line number="221" hits="2026" branch="False" />
                <line number="223" hits="1016" branch="True" condition-coverage="100% (2/2)">
                  <conditions>
                    <condition number="1064" type="jump" coverage="100%" />
                  </conditions>
                </line>
                <line number="224" hits="1001" branch="False" />
                <line number="225" hits="1001" branch="False" />
                <line number="226" hits="1001" branch="False" />
                <line number="227" hits="1016" branch="False" />
              </lines>
            </method>
            <method name="ValidateNoCycles" signature="(TState)" line-rate="0.7646999999999999" branch-rate="0.6666" complexity="6">
              <lines>
                <line number="230" hits="2027" branch="False" />
                <line number="231" hits="2027" branch="False" />
                <line number="232" hits="2027" branch="False" />
                <line number="233" hits="2031" branch="False" />
                <line number="234" hits="2031" branch="False" />
                <line number="235" hits="2031" branch="True" condition-coverage="50% (1/2)">
                  <conditions>
                    <condition number="31" type="jump" coverage="50%" />
                  </conditions>
                </line>
                <line number="236" hits="0" branch="False" />
                <line number="237" hits="0" branch="False" />
                <line number="240" hits="2031" branch="True" condition-coverage="50% (1/2)">
                  <conditions>
                    <condition number="50" type="jump" coverage="50%" />
                  </conditions>
                </line>
                <line number="241" hits="0" branch="False" />
                <line number="242" hits="0" branch="False" />
                <line number="245" hits="2031" branch="True" condition-coverage="100% (2/2)">
                  <conditions>
                    <condition number="124" type="jump" coverage="100%" />
                  </conditions>
                </line>
                <line number="246" hits="2027" branch="False" />
                <line number="247" hits="2027" branch="False" />
                <line number="250" hits="4" branch="False" />
                <line number="251" hits="4" branch="False" />
                <line number="252" hits="2027" branch="False" />
              </lines>
            </method>
            <method name="TryGetTransitionsInHierarchy" signature="(TState,TTrigger,System.Collections.Generic.List`1&lt;FunctionalStateMachine.Core.StateMachine`4/TransitionDefinition&lt;TState,TTrigger,TData,TCommand&gt;&gt;&amp;)" line-rate="0.8332999999999999" branch-rate="0.8332999999999999" complexity="6">
              <lines>
                <line number="258" hits="20016" branch="False" />
                <line number="259" hits="20016" branch="False" />
                <line number="260" hits="20017" branch="False" />
                <line number="261" hits="20017" branch="False" />
                <line number="262" hits="20017" branch="True" condition-coverage="50% (1/2)">
                  <conditions>
                    <condition number="25" type="jump" coverage="50%" />
                  </conditions>
                </line>
                <line number="263" hits="0" branch="False" />
                <line number="264" hits="0" branch="False" />
                <line number="265" hits="0" branch="False" />
                <line number="268" hits="20017" branch="True" condition-coverage="100% (2/2)">
                  <conditions>
                    <condition number="51" type="jump" coverage="100%" />
                  </conditions>
                </line>
                <line number="269" hits="20013" branch="False" />
                <line number="270" hits="20013" branch="False" />
                <line number="273" hits="4" branch="True" condition-coverage="100% (2/2)">
                  <conditions>
                    <condition number="71" type="jump" coverage="100%" />
                  </conditions>
                </line>
                <line number="274" hits="3" branch="False" />
                <line number="275" hits="3" branch="False" />
                <line number="276" hits="3" branch="False" />
                <line number="279" hits="1" branch="False" />
                <line number="280" hits="1" branch="False" />
                <line number="281" hits="20016" branch="False" />
              </lines>
            </method>
            <method name="ResolveInitialLeaf" signature="(TState)" line-rate="0.47609999999999997" branch-rate="0.25" complexity="8">
              <lines>
                <line number="284" hits="21013" branch="False" />
                <line number="285" hits="21013" branch="False" />
                <line number="286" hits="21013" branch="False" />
                <line number="287" hits="21013" branch="False" />
                <line number="288" hits="21013" branch="False" />
                <line number="289" hits="21013" branch="True" condition-coverage="50% (1/2)">
                  <conditions>
                    <condition number="34" type="jump" coverage="50%" />
                  </conditions>
                </line>
                <line number="290" hits="0" branch="False" />
                <line number="291" hits="0" branch="False" />
                <line number="294" hits="21013" branch="True" condition-coverage="50% (1/2)">
                  <conditions>
                    <condition number="58" type="jump" coverage="50%" />
                  </conditions>
                </line>
                <line number="295" hits="21013" branch="False" />
                <line number="296" hits="21013" branch="False" />
                <line number="299" hits="0" branch="True" condition-coverage="0% (0/2)">
                  <conditions>
                    <condition number="82" type="jump" coverage="0%" />
                  </conditions>
                </line>
                <line number="300" hits="0" branch="False" />
                <line number="301" hits="0" branch="False" />
                <line number="302" hits="0" branch="False" />
                <line number="305" hits="0" branch="True" condition-coverage="0% (0/2)">
                  <conditions>
                    <condition number="157" type="jump" coverage="0%" />
                  </conditions>
                </line>
                <line number="306" hits="0" branch="False" />
                <line number="307" hits="0" branch="False" />
                <line number="310" hits="0" branch="False" />
                <line number="311" hits="0" branch="False" />
                <line number="312" hits="21013" branch="False" />
              </lines>
            </method>
            <method name="AppendExitCommands" signature="(System.Collections.Generic.List`1&lt;TCommand&gt;,TState,TState,TData)" line-rate="1" branch-rate="1" complexity="6">
              <lines>
                <line number="319" hits="20006" branch="False" />
                <line number="320" hits="20006" branch="True" condition-coverage="100% (2/2)">
                  <conditions>
                    <condition number="13" type="jump" coverage="100%" />
                  </conditions>
                </line>
                <line number="321" hits="1" branch="False" />
                <line number="322" hits="5" branch="True" condition-coverage="100% (2/2)">
                  <conditions>
                    <condition number="82" type="jump" coverage="100%" />
                  </conditions>
                </line>
                <line number="323" hits="1" branch="False" />
                <line number="324" hits="1" branch="False" />
                <line number="325" hits="1" branch="False" />
                <line number="327" hits="1" branch="False" />
                <line number="330" hits="100027" branch="True" condition-coverage="100% (2/2)">
                  <conditions>
                    <condition number="172" type="jump" coverage="100%" />
                  </conditions>
                </line>
                <line number="331" hits="20006" branch="False" />
                <line number="332" hits="20006" branch="False" />
                <line number="333" hits="20006" branch="False" />
                <line number="334" hits="20006" branch="False" />
              </lines>
            </method>
            <method name="AppendEntryCommands" signature="(System.Collections.Generic.List`1&lt;TCommand&gt;,TState,TState,TData)" line-rate="0.8823000000000001" branch-rate="0.8332999999999999" complexity="6">
              <lines>
                <line number="341" hits="20006" branch="False" />
                <line number="342" hits="20006" branch="True" condition-coverage="50% (1/2)">
                  <conditions>
                    <condition number="18" type="jump" coverage="50%" />
                  </conditions>
                </line>
                <line number="343" hits="0" branch="False" />
                <line number="344" hits="0" branch="False" />
                <line number="348" hits="20006" branch="True" condition-coverage="100% (2/2)">
                  <conditions>
                    <condition number="35" type="jump" coverage="100%" />
                  </conditions>
                </line>
                <line number="349" hits="1" branch="False" />
                <line number="350" hits="1" branch="False" />
                <line number="351" hits="1" branch="False" />
                <line number="353" hits="20005" branch="False" />
                <line number="354" hits="20005" branch="False" />
                <line number="355" hits="20005" branch="False" />
                <line number="357" hits="20006" branch="False" />
                <line number="358" hits="100030" branch="True" condition-coverage="100% (2/2)">
                  <conditions>
                    <condition number="130" type="jump" coverage="100%" />
                  </conditions>
                </line>
                <line number="359" hits="20006" branch="False" />
                <line number="360" hits="20006" branch="False" />
                <line number="361" hits="20006" branch="False" />
                <line number="362" hits="20006" branch="False" />
              </lines>
            </method>
            <method name="GetHierarchyChain" signature="(TState)" line-rate="0.875" branch-rate="0.75" complexity="4">
              <lines>
                <line number="365" hits="80024" branch="False" />
                <line number="366" hits="80024" branch="False" />
                <line number="367" hits="80024" branch="False" />
                <line number="368" hits="80030" branch="False" />
                <line number="369" hits="80030" branch="False" />
                <line number="370" hits="80030" branch="True" condition-coverage="50% (1/2)">
                  <conditions>
                    <condition number="31" type="jump" coverage="50%" />
                  </conditions>
                </line>
                <line number="371" hits="0" branch="False" />
                <line number="372" hits="0" branch="False" />
                <line number="375" hits="80030" branch="False" />
                <line number="376" hits="80030" branch="True" condition-coverage="100% (2/2)">
                  <conditions>
                    <condition number="57" type="jump" coverage="100%" />
                  </conditions>
                </line>
                <line number="377" hits="80024" branch="False" />
                <line number="378" hits="80024" branch="False" />
                <line number="381" hits="6" branch="False" />
                <line number="382" hits="6" branch="False" />
                <line number="384" hits="80024" branch="False" />
                <line number="385" hits="80024" branch="False" />
              </lines>
            </method>
            <method name="GetStatesUntil" signature="(TState,TState)" line-rate="0.8" branch-rate="0.75" complexity="4">
              <lines>
                <line number="388" hits="2" branch="False" />
                <line number="389" hits="2" branch="False" />
                <line number="390" hits="2" branch="False" />
                <line number="391" hits="4" branch="True" condition-coverage="100% (2/2)">
                  <conditions>
                    <condition number="154" type="jump" coverage="100%" />
                  </conditions>
                </line>
                <line number="392" hits="2" branch="False" />
                <line number="393" hits="2" branch="False" />
                <line number="394" hits="2" branch="False" />
                <line number="395" hits="2" branch="True" condition-coverage="50% (1/2)">
                  <conditions>
                    <condition number="44" type="jump" coverage="50%" />
                  </conditions>
                </line>
                <line number="396" hits="0" branch="False" />
                <line number="397" hits="0" branch="False" />
                <line number="398" hits="0" branch="False" />
                <line number="401" hits="2" branch="False" />
                <line number="402" hits="2" branch="False" />
                <line number="404" hits="2" branch="False" />
                <line number="405" hits="2" branch="False" />
              </lines>
            </method>
            <method name="GetStatesToRoot" signature="(TState)" line-rate="0.875" branch-rate="0.75" complexity="4">
              <lines>
                <line number="408" hits="40010" branch="False" />
                <line number="409" hits="40010" branch="False" />
                <line number="410" hits="40010" branch="False" />
                <line number="411" hits="40011" branch="False" />
                <line number="412" hits="40011" branch="False" />
                <line number="413" hits="40011" branch="True" condition-coverage="50% (1/2)">
                  <conditions>
                    <condition number="31" type="jump" coverage="50%" />
                  </conditions>
                </line>
                <line number="414" hits="0" branch="False" />
                <line number="415" hits="0" branch="False" />
                <line number="418" hits="40011" branch="False" />
                <line number="419" hits="40011" branch="True" condition-coverage="100% (2/2)">
                  <conditions>
                    <condition number="57" type="jump" coverage="100%" />
                  </conditions>
                </line>
                <line number="420" hits="40010" branch="False" />
                <line number="421" hits="40010" branch="False" />
                <line number="424" hits="1" branch="False" />
                <line number="425" hits="1" branch="False" />
                <line number="427" hits="40010" branch="False" />
                <line number="428" hits="40010" branch="False" />
              </lines>
            </method>
            <method name="TryFindLowestCommonAncestor" signature="(TState,TState,TState&amp;)" line-rate="1" branch-rate="1" complexity="4">
              <lines>
                <line number="431" hits="40012" branch="False" />
                <line number="432" hits="40012" branch="False" />
                <line number="433" hits="40012" branch="False" />
                <line number="434" hits="200062" branch="True" condition-coverage="100% (2/2)">
                  <conditions>
                    <condition number="75" type="jump" coverage="100%" />
                  </conditions>
                </line>
                <line number="435" hits="40014" branch="False" />
                <line number="436" hits="40014" branch="True" condition-coverage="100% (2/2)">
                  <conditions>
                    <condition number="52" type="jump" coverage="100%" />
                  </conditions>
                </line>
                <line number="437" hits="2" branch="False" />
                <line number="438" hits="2" branch="False" />
                <line number="439" hits="2" branch="False" />
                <line number="441" hits="40012" branch="False" />
                <line number="443" hits="40010" branch="False" />
                <line number="444" hits="40010" branch="False" />
                <line number="445" hits="40012" branch="False" />
              </lines>
            </method>
            <method name="GetOrCreateState" signature="(TState)" line-rate="1" branch-rate="1" complexity="2">
              <lines>
                <line number="448" hits="2030" branch="False" />
                <line number="449" hits="2030" branch="True" condition-coverage="100% (2/2)">
                  <conditions>
                    <condition number="20" type="jump" coverage="100%" />
                  </conditions>
                </line>
                <line number="450" hits="2030" branch="False" />
                <line number="451" hits="2030" branch="False" />
                <line number="452" hits="2030" branch="False" />
                <line number="453" hits="2030" branch="False" />
                <line number="455" hits="2030" branch="False" />
                <line number="456" hits="2030" branch="False" />
              </lines>
            </method>
            <method name="GetTriggerKey" signature="(TTrigger)" line-rate="1" branch-rate="0.5" complexity="2">
              <lines>
                <line number="459" hits="22031" branch="False" />
                <line number="460" hits="22031" branch="False" />
                <line number="461" hits="22031" branch="True" condition-coverage="50% (1/2)">
                  <conditions>
                    <condition number="31" type="jump" coverage="50%" />
                  </conditions>
                </line>
                <line number="462" hits="22031" branch="False" />
              </lines>
            </method>
            <method name="AppendCommands" signature="(System.Collections.Generic.List`1&lt;TCommand&gt;,System.Collections.Generic.List`1&lt;System.Func`2&lt;FunctionalStateMachine.Core.State`2&lt;TState,TData&gt;,System.Collections.Generic.IEnumerable`1&lt;TCommand&gt;&gt;&gt;,FunctionalStateMachine.Core.State`2&lt;TState,TData&gt;)" line-rate="1" branch-rate="0.8332999999999999" complexity="6">
              <lines>
                <line number="468" hits="40013" branch="False" />
                <line number="469" hits="120049" branch="True" condition-coverage="100% (2/2)">
                  <conditions>
                    <condition number="91" type="jump" coverage="100%" />
                  </conditions>
                </line>
                <line number="470" hits="5" branch="False" />
                <line number="471" hits="25" branch="True" condition-coverage="75% (3/4)">
                  <conditions>
                    <condition number="29" type="jump" coverage="50%" />
                    <condition number="68" type="jump" coverage="100%" />
                  </conditions>
                </line>
                <line number="472" hits="5" branch="False" />
                <line number="473" hits="5" branch="False" />
                <line number="474" hits="5" branch="False" />
                <line number="475" hits="5" branch="False" />
                <line number="476" hits="40013" branch="False" />
              </lines>
            </method>
            <method name="ApplyTransitionSteps" signature="(System.Collections.Generic.List`1&lt;TCommand&gt;,FunctionalStateMachine.Core.StateMachine`4/TransitionDefinition&lt;TState,TTrigger,TData,TCommand&gt;,FunctionalStateMachine.Core.State`2&lt;TState,TData&gt;,TTrigger)" line-rate="1" branch-rate="1" complexity="1">
              <lines>
                <line number="483" hits="20012" branch="False" />
                <line number="484" hits="20012" branch="False" />
                <line number="485" hits="20012" branch="False" />
              </lines>
            </method>
            <method name="ApplyTransitionSteps" signature="(System.Collections.Generic.List`1&lt;TCommand&gt;,System.Collections.Generic.List`1&lt;FunctionalStateMachine.Core.StateMachine`4/TransitionStep&lt;TState,TTrigger,TData,TCommand&gt;&gt;,FunctionalStateMachine.Core.State`2&lt;TState,TData&gt;,TTrigger)" line-rate="1" branch-rate="0.9166" complexity="12">
              <lines>
                <line number="492" hits="20014" branch="False" />
                <line number="493" hits="20014" branch="False" />
                <line number="494" hits="80082" branch="True" condition-coverage="100% (2/2)">
                  <conditions>
                    <condition number="228" type="jump" coverage="100%" />
                  </conditions>
                </line>
                <line number="495" hits="10020" branch="False" />
                <line number="496" hits="10020" branch="False" />
                <line number="497" hits="10020" branch="True" condition-coverage="100% (4/4)">
                  <conditions>
                    <condition number="60" type="switch" coverage="100%" />
                  </conditions>
                </line>
                <line number="500" hits="4" branch="False" />
                <line number="501" hits="4" branch="False" />
                <line number="503" hits="50072" branch="True" condition-coverage="75% (3/4)">
                  <conditions>
                    <condition number="113" type="jump" coverage="50%" />
                    <condition number="157" type="jump" coverage="100%" />
                  </conditions>
                </line>
                <line number="504" hits="10015" branch="False" />
                <line number="505" hits="10015" branch="False" />
                <line number="506" hits="10015" branch="False" />
                <line number="507" hits="10014" branch="False" />
                <line number="509" hits="2" branch="True" condition-coverage="100% (2/2)">
                  <conditions>
                    <condition number="189" type="jump" coverage="100%" />
                  </conditions>
                </line>
                <line number="510" hits="2" branch="False" />
                <line number="511" hits="2" branch="False" />
                <line number="512" hits="2" branch="False" />
                <line number="513" hits="2" branch="False" />
                <line number="515" hits="10020" branch="False" />
                <line number="517" hits="20014" branch="False" />
                <line number="518" hits="20014" branch="False" />
              </lines>
            </method>
            <method name=".ctor" signature="()" line-rate="1" branch-rate="1" complexity="1">
              <lines>
                <line number="14" hits="1018" branch="False" />
              </lines>
            </method>
          </methods>
          <lines>
            <line number="10" hits="1018" branch="False" />
            <line number="11" hits="1018" branch="False" />
            <line number="12" hits="1018" branch="False" />
            <line number="20" hits="1001" branch="False" />
            <line number="21" hits="1001" branch="False" />
            <line number="22" hits="1001" branch="False" />
            <line number="23" hits="1001" branch="False" />
            <line number="24" hits="1001" branch="False" />
            <line number="26" hits="0" branch="False" />
            <line number="29" hits="2030" branch="False" />
            <line number="30" hits="2030" branch="False" />
            <line number="31" hits="2030" branch="False" />
            <line number="32" hits="2030" branch="False" />
            <line number="35" hits="1" branch="False" />
            <line number="36" hits="1" branch="False" />
            <line number="37" hits="1" branch="False" />
            <line number="38" hits="1" branch="False" />
            <line number="43" hits="20014" branch="False" />
            <line number="44" hits="20014" branch="True" condition-coverage="50% (1/2)">
              <conditions>
                <condition number="16" type="jump" coverage="50%" />
              </conditions>
            </line>
            <line number="45" hits="20013" branch="False" />
            <line number="46" hits="20013" branch="False" />
            <line number="49" hits="0" branch="False" />
            <line number="50" hits="20013" branch="False" />
            <line number="57" hits="2" branch="False" />
            <line number="58" hits="2" branch="False" />
            <line number="59" hits="2" branch="False" />
            <line number="62" hits="0" branch="False" />
            <line number="63" hits="0" branch="True" condition-coverage="0% (0/2)">
              <conditions>
                <condition number="7" type="jump" coverage="0%" />
              </conditions>
            </line>
            <line number="64" hits="0" branch="False" />
            <line number="72" hits="20016" branch="False" />
            <line number="73" hits="20016" branch="True" condition-coverage="50% (1/2)">
              <conditions>
                <condition number="26" type="jump" coverage="50%" />
              </conditions>
            </line>
            <line number="74" hits="0" branch="False" />
            <line number="75" hits="0" branch="False" />
            <line number="78" hits="20016" branch="True" condition-coverage="50% (1/2)">
              <conditions>
                <condition number="103" type="jump" coverage="50%" />
              </conditions>
            </line>
            <line number="79" hits="0" branch="False" />
            <line number="80" hits="0" branch="False" />
            <line number="81" hits="0" branch="False" />
            <line number="84" hits="20016" branch="True" condition-coverage="100% (2/2)">
              <conditions>
                <condition number="193" type="jump" coverage="100%" />
              </conditions>
            </line>
            <line number="85" hits="3" branch="False" />
            <line number="86" hits="3" branch="False" />
            <line number="89" hits="80054" branch="True" condition-coverage="50% (1/2)">
              <conditions>
                <condition number="522" type="jump" coverage="50%" />
              </conditions>
            </line>
            <line number="90" hits="20014" branch="False" />
            <line number="91" hits="20014" branch="True" condition-coverage="100% (4/4)">
              <conditions>
                <condition number="247" type="jump" coverage="100%" />
                <condition number="273" type="jump" coverage="100%" />
              </conditions>
            </line>
            <line number="92" hits="1" branch="False" />
            <line number="93" hits="1" branch="False" />
            <line number="96" hits="20013" branch="True" condition-coverage="100% (2/2)">
              <conditions>
                <condition number="292" type="jump" coverage="100%" />
              </conditions>
            </line>
            <line number="97" hits="1" branch="False" />
            <line number="98" hits="1" branch="False" />
            <line number="99" hits="1" branch="False" />
            <line number="100" hits="1" branch="False" />
            <line number="103" hits="20012" branch="True" condition-coverage="100% (2/2)">
              <conditions>
                <condition number="325" type="jump" coverage="100%" />
              </conditions>
            </line>
            <line number="104" hits="20012" branch="False" />
            <line number="106" hits="20012" branch="False" />
            <line number="107" hits="20012" branch="True" condition-coverage="100% (2/2)">
              <conditions>
                <condition number="369" type="jump" coverage="100%" />
              </conditions>
            </line>
            <line number="108" hits="20012" branch="False" />
            <line number="110" hits="20012" branch="False" />
            <line number="112" hits="20012" branch="True" condition-coverage="100% (2/2)">
              <conditions>
                <condition number="417" type="jump" coverage="100%" />
              </conditions>
            </line>
            <line number="113" hits="20006" branch="False" />
            <line number="114" hits="20006" branch="False" />
            <line number="115" hits="20006" branch="False" />
            <line number="116" hits="20006" branch="False" />
            <line number="118" hits="20012" branch="False" />
            <line number="119" hits="20012" branch="True" condition-coverage="100% (2/2)">
              <conditions>
                <condition number="485" type="jump" coverage="100%" />
              </conditions>
            </line>
            <line number="120" hits="20012" branch="False" />
            <line number="123" hits="0" branch="False" />
            <line number="124" hits="20015" branch="False" />
            <line number="132" hits="3" branch="False" />
            <line number="133" hits="3" branch="True" condition-coverage="100% (2/2)">
              <conditions>
                <condition number="12" type="jump" coverage="100%" />
              </conditions>
            </line>
            <line number="134" hits="1" branch="False" />
            <line number="135" hits="1" branch="False" />
            <line number="136" hits="1" branch="False" />
            <line number="137" hits="1" branch="False" />
            <line number="138" hits="1" branch="False" />
            <line number="141" hits="2" branch="True" condition-coverage="100% (2/2)">
              <conditions>
                <condition number="52" type="jump" coverage="100%" />
              </conditions>
            </line>
            <line number="142" hits="1" branch="False" />
            <line number="143" hits="1" branch="False" />
            <line number="146" hits="1" branch="False" />
            <line number="147" hits="1" branch="False" />
            <line number="148" hits="1" branch="False" />
            <line number="149" hits="2" branch="False" />
            <line number="152" hits="1018" branch="False" />
            <line number="153" hits="7114" branch="True" condition-coverage="100% (2/2)">
              <conditions>
                <condition number="46" type="jump" coverage="100%" />
              </conditions>
            </line>
            <line number="154" hits="2030" branch="False" />
            <line number="155" hits="2030" branch="False" />
            <line number="156" hits="2030" branch="False" />
            <line number="158" hits="7114" branch="True" condition-coverage="100% (2/2)">
              <conditions>
                <condition number="254" type="jump" coverage="100%" />
              </conditions>
            </line>
            <line number="159" hits="2030" branch="False" />
            <line number="160" hits="2030" branch="True" condition-coverage="100% (2/2)">
              <conditions>
                <condition number="110" type="jump" coverage="100%" />
              </conditions>
            </line>
            <line number="161" hits="2025" branch="False" />
            <line number="162" hits="2025" branch="False" />
            <line number="165" hits="5" branch="True" condition-coverage="50% (1/2)">
              <conditions>
                <condition number="144" type="jump" coverage="50%" />
              </conditions>
            </line>
            <line number="166" hits="0" branch="False" />
            <line number="167" hits="0" branch="False" />
            <line number="168" hits="0" branch="False" />
            <line number="171" hits="5" branch="False" />
            <line number="172" hits="5" branch="False" />
            <line number="174" hits="7109" branch="True" condition-coverage="100% (2/2)">
              <conditions>
                <condition number="771" type="jump" coverage="100%" />
              </conditions>
            </line>
            <line number="175" hits="2028" branch="False" />
            <line number="176" hits="2028" branch="True" condition-coverage="100% (2/2)">
              <conditions>
                <condition number="321" type="jump" coverage="100%" />
              </conditions>
            </line>
            <line number="177" hits="3" branch="False" />
            <line number="178" hits="3" branch="True" condition-coverage="100% (2/2)">
              <conditions>
                <condition number="341" type="jump" coverage="100%" />
              </conditions>
            </line>
            <line number="179" hits="1" branch="False" />
            <line number="180" hits="1" branch="False" />
            <line number="181" hits="1" branch="False" />
            <line number="184" hits="2" branch="True" condition-coverage="50% (1/2)">
              <conditions>
                <condition number="435" type="jump" coverage="50%" />
              </conditions>
            </line>
            <line number="185" hits="0" branch="False" />
            <line number="186" hits="0" branch="False" />
            <line number="187" hits="0" branch="False" />
            <line number="190" hits="2" branch="True" condition-coverage="50% (2/4)">
              <conditions>
                <condition number="537" type="jump" coverage="50%" />
                <condition number="573" type="jump" coverage="50%" />
              </conditions>
            </line>
            <line number="191" hits="2" branch="False" />
            <line number="192" hits="0" branch="False" />
            <line number="193" hits="0" branch="False" />
            <line number="194" hits="0" branch="False" />
            <line number="196" hits="2" branch="False" />
            <line number="197" hits="2025" branch="True" condition-coverage="50% (1/2)">
              <conditions>
                <condition number="682" type="jump" coverage="50%" />
              </conditions>
            </line>
            <line number="198" hits="0" branch="False" />
            <line number="199" hits="0" branch="False" />
            <line number="200" hits="0" branch="False" />
            <line number="203" hits="2027" branch="False" />
            <line number="204" hits="2027" branch="False" />
            <line number="206" hits="7104" branch="True" condition-coverage="100% (2/2)">
              <conditions>
                <condition number="1032" type="jump" coverage="100%" />
              </conditions>
            </line>
            <line number="207" hits="2027" branch="False" />
            <line number="208" hits="10112" branch="True" condition-coverage="100% (2/2)">
              <conditions>
                <condition number="1004" type="jump" coverage="100%" />
              </conditions>
            </line>
            <line number="209" hits="2016" branch="False" />
            <line number="210" hits="2016" branch="True" condition-coverage="100% (2/2)">
              <conditions>
                <condition number="871" type="jump" coverage="100%" />
              </conditions>
            </line>
            <line number="211" hits="7" branch="False" />
            <line number="212" hits="7" branch="False" />
            <line number="215" hits="2009" branch="True" condition-coverage="100% (2/2)">
              <conditions>
                <condition number="901" type="jump" coverage="100%" />
              </conditions>
            </line>
            <line number="216" hits="1" branch="False" />
            <line number="217" hits="1" branch="False" />
            <line number="218" hits="1" branch="False" />
            <line number="220" hits="2008" branch="False" />
            <line number="221" hits="2026" branch="False" />
            <line number="223" hits="1016" branch="True" condition-coverage="100% (2/2)">
              <conditions>
                <condition number="1064" type="jump" coverage="100%" />
              </conditions>
            </line>
            <line number="224" hits="1001" branch="False" />
            <line number="225" hits="1001" branch="False" />
            <line number="226" hits="1001" branch="False" />
            <line number="227" hits="1016" branch="False" />
            <line number="230" hits="2027" branch="False" />
            <line number="231" hits="2027" branch="False" />
            <line number="232" hits="2027" branch="False" />
            <line number="233" hits="2031" branch="False" />
            <line number="234" hits="2031" branch="False" />
            <line number="235" hits="2031" branch="True" condition-coverage="50% (1/2)">
              <conditions>
                <condition number="31" type="jump" coverage="50%" />
              </conditions>
            </line>
            <line number="236" hits="0" branch="False" />
            <line number="237" hits="0" branch="False" />
            <line number="240" hits="2031" branch="True" condition-coverage="50% (1/2)">
              <conditions>
                <condition number="50" type="jump" coverage="50%" />
              </conditions>
            </line>
            <line number="241" hits="0" branch="False" />
            <line number="242" hits="0" branch="False" />
            <line number="245" hits="2031" branch="True" condition-coverage="100% (2/2)">
              <conditions>
                <condition number="124" type="jump" coverage="100%" />
              </conditions>
            </line>
            <line number="246" hits="2027" branch="False" />
            <line number="247" hits="2027" branch="False" />
            <line number="250" hits="4" branch="False" />
            <line number="251" hits="4" branch="False" />
            <line number="252" hits="2027" branch="False" />
            <line number="258" hits="20016" branch="False" />
            <line number="259" hits="20016" branch="False" />
            <line number="260" hits="20017" branch="False" />
            <line number="261" hits="20017" branch="False" />
            <line number="262" hits="20017" branch="True" condition-coverage="50% (1/2)">
              <conditions>
                <condition number="25" type="jump" coverage="50%" />
              </conditions>
            </line>
            <line number="263" hits="0" branch="False" />
            <line number="264" hits="0" branch="False" />
            <line number="265" hits="0" branch="False" />
            <line number="268" hits="20017" branch="True" condition-coverage="100% (2/2)">
              <conditions>
                <condition number="51" type="jump" coverage="100%" />
              </conditions>
            </line>
            <line number="269" hits="20013" branch="False" />
            <line number="270" hits="20013" branch="False" />
            <line number="273" hits="4" branch="True" condition-coverage="100% (2/2)">
              <conditions>
                <condition number="71" type="jump" coverage="100%" />
              </conditions>
            </line>
            <line number="274" hits="3" branch="False" />
            <line number="275" hits="3" branch="False" />
            <line number="276" hits="3" branch="False" />
            <line number="279" hits="1" branch="False" />
            <line number="280" hits="1" branch="False" />
            <line number="281" hits="20016" branch="False" />
            <line number="284" hits="21013" branch="False" />
            <line number="285" hits="21013" branch="False" />
            <line number="286" hits="21013" branch="False" />
            <line number="287" hits="21013" branch="False" />
            <line number="288" hits="21013" branch="False" />
            <line number="289" hits="21013" branch="True" condition-coverage="50% (1/2)">
              <conditions>
                <condition number="34" type="jump" coverage="50%" />
              </conditions>
            </line>
            <line number="290" hits="0" branch="False" />
            <line number="291" hits="0" branch="False" />
            <line number="294" hits="21013" branch="True" condition-coverage="50% (1/2)">
              <conditions>
                <condition number="58" type="jump" coverage="50%" />
              </conditions>
            </line>
            <line number="295" hits="21013" branch="False" />
            <line number="296" hits="21013" branch="False" />
            <line number="299" hits="0" branch="True" condition-coverage="0% (0/2)">
              <conditions>
                <condition number="82" type="jump" coverage="0%" />
              </conditions>
            </line>
            <line number="300" hits="0" branch="False" />
            <line number="301" hits="0" branch="False" />
            <line number="302" hits="0" branch="False" />
            <line number="305" hits="0" branch="True" condition-coverage="0% (0/2)">
              <conditions>
                <condition number="157" type="jump" coverage="0%" />
              </conditions>
            </line>
            <line number="306" hits="0" branch="False" />
            <line number="307" hits="0" branch="False" />
            <line number="310" hits="0" branch="False" />
            <line number="311" hits="0" branch="False" />
            <line number="312" hits="21013" branch="False" />
            <line number="319" hits="20006" branch="False" />
            <line number="320" hits="20006" branch="True" condition-coverage="100% (2/2)">
              <conditions>
                <condition number="13" type="jump" coverage="100%" />
              </conditions>
            </line>
            <line number="321" hits="1" branch="False" />
            <line number="322" hits="5" branch="True" condition-coverage="100% (2/2)">
              <conditions>
                <condition number="82" type="jump" coverage="100%" />
              </conditions>
            </line>
            <line number="323" hits="1" branch="False" />
            <line number="324" hits="1" branch="False" />
            <line number="325" hits="1" branch="False" />
            <line number="327" hits="1" branch="False" />
            <line number="330" hits="100027" branch="True" condition-coverage="100% (2/2)">
              <conditions>
                <condition number="172" type="jump" coverage="100%" />
              </conditions>
            </line>
            <line number="331" hits="20006" branch="False" />
            <line number="332" hits="20006" branch="False" />
            <line number="333" hits="20006" branch="False" />
            <line number="334" hits="20006" branch="False" />
            <line number="341" hits="20006" branch="False" />
            <line number="342" hits="20006" branch="True" condition-coverage="50% (1/2)">
              <conditions>
                <condition number="18" type="jump" coverage="50%" />
              </conditions>
            </line>
            <line number="343" hits="0" branch="False" />
            <line number="344" hits="0" branch="False" />
            <line number="348" hits="20006" branch="True" condition-coverage="100% (2/2)">
              <conditions>
                <condition number="35" type="jump" coverage="100%" />
              </conditions>
            </line>
            <line number="349" hits="1" branch="False" />
            <line number="350" hits="1" branch="False" />
            <line number="351" hits="1" branch="False" />
            <line number="353" hits="20005" branch="False" />
            <line number="354" hits="20005" branch="False" />
            <line number="355" hits="20005" branch="False" />
            <line number="357" hits="20006" branch="False" />
            <line number="358" hits="100030" branch="True" condition-coverage="100% (2/2)">
              <conditions>
                <condition number="130" type="jump" coverage="100%" />
              </conditions>
            </line>
            <line number="359" hits="20006" branch="False" />
            <line number="360" hits="20006" branch="False" />
            <line number="361" hits="20006" branch="False" />
            <line number="362" hits="20006" branch="False" />
            <line number="365" hits="80024" branch="False" />
            <line number="366" hits="80024" branch="False" />
            <line number="367" hits="80024" branch="False" />
            <line number="368" hits="80030" branch="False" />
            <line number="369" hits="80030" branch="False" />
            <line number="370" hits="80030" branch="True" condition-coverage="50% (1/2)">
              <conditions>
                <condition number="31" type="jump" coverage="50%" />
              </conditions>
            </line>
            <line number="371" hits="0" branch="False" />
            <line number="372" hits="0" branch="False" />
            <line number="375" hits="80030" branch="False" />
            <line number="376" hits="80030" branch="True" condition-coverage="100% (2/2)">
              <conditions>
                <condition number="57" type="jump" coverage="100%" />
              </conditions>
            </line>
            <line number="377" hits="80024" branch="False" />
            <line number="378" hits="80024" branch="False" />
            <line number="381" hits="6" branch="False" />
            <line number="382" hits="6" branch="False" />
            <line number="384" hits="80024" branch="False" />
            <line number="385" hits="80024" branch="False" />
            <line number="388" hits="2" branch="False" />
            <line number="389" hits="2" branch="False" />
            <line number="390" hits="2" branch="False" />
            <line number="391" hits="4" branch="True" condition-coverage="100% (2/2)">
              <conditions>
                <condition number="154" type="jump" coverage="100%" />
              </conditions>
            </line>
            <line number="392" hits="2" branch="False" />
            <line number="393" hits="2" branch="False" />
            <line number="394" hits="2" branch="False" />
            <line number="395" hits="2" branch="True" condition-coverage="50% (1/2)">
              <conditions>
                <condition number="44" type="jump" coverage="50%" />
              </conditions>
            </line>
            <line number="396" hits="0" branch="False" />
            <line number="397" hits="0" branch="False" />
            <line number="398" hits="0" branch="False" />
            <line number="401" hits="2" branch="False" />
            <line number="402" hits="2" branch="False" />
            <line number="404" hits="2" branch="False" />
            <line number="405" hits="2" branch="False" />
            <line number="408" hits="40010" branch="False" />
            <line number="409" hits="40010" branch="False" />
            <line number="410" hits="40010" branch="False" />
            <line number="411" hits="40011" branch="False" />
            <line number="412" hits="40011" branch="False" />
            <line number="413" hits="40011" branch="True" condition-coverage="50% (1/2)">
              <conditions>
                <condition number="31" type="jump" coverage="50%" />
              </conditions>
            </line>
            <line number="414" hits="0" branch="False" />
            <line number="415" hits="0" branch="False" />
            <line number="418" hits="40011" branch="False" />
            <line number="419" hits="40011" branch="True" condition-coverage="100% (2/2)">
              <conditions>
                <condition number="57" type="jump" coverage="100%" />
              </conditions>
            </line>
            <line number="420" hits="40010" branch="False" />
            <line number="421" hits="40010" branch="False" />
            <line number="424" hits="1" branch="False" />
            <line number="425" hits="1" branch="False" />
            <line number="427" hits="40010" branch="False" />
            <line number="428" hits="40010" branch="False" />
            <line number="431" hits="40012" branch="False" />
            <line number="432" hits="40012" branch="False" />
            <line number="433" hits="40012" branch="False" />
            <line number="434" hits="200062" branch="True" condition-coverage="100% (2/2)">
              <conditions>
                <condition number="75" type="jump" coverage="100%" />
              </conditions>
            </line>
            <line number="435" hits="40014" branch="False" />
            <line number="436" hits="40014" branch="True" condition-coverage="100% (2/2)">
              <conditions>
                <condition number="52" type="jump" coverage="100%" />
              </conditions>
            </line>
            <line number="437" hits="2" branch="False" />
            <line number="438" hits="2" branch="False" />
            <line number="439" hits="2" branch="False" />
            <line number="441" hits="40012" branch="False" />
            <line number="443" hits="40010" branch="False" />
            <line number="444" hits="40010" branch="False" />
            <line number="445" hits="40012" branch="False" />
            <line number="448" hits="2030" branch="False" />
            <line number="449" hits="2030" branch="True" condition-coverage="100% (2/2)">
              <conditions>
                <condition number="20" type="jump" coverage="100%" />
              </conditions>
            </line>
            <line number="450" hits="2030" branch="False" />
            <line number="451" hits="2030" branch="False" />
            <line number="452" hits="2030" branch="False" />
            <line number="453" hits="2030" branch="False" />
            <line number="455" hits="2030" branch="False" />
            <line number="456" hits="2030" branch="False" />
            <line number="459" hits="22031" branch="False" />
            <line number="460" hits="22031" branch="False" />
            <line number="461" hits="22031" branch="True" condition-coverage="50% (1/2)">
              <conditions>
                <condition number="31" type="jump" coverage="50%" />
              </conditions>
            </line>
            <line number="462" hits="22031" branch="False" />
            <line number="468" hits="40013" branch="False" />
            <line number="469" hits="120049" branch="True" condition-coverage="100% (2/2)">
              <conditions>
                <condition number="91" type="jump" coverage="100%" />
              </conditions>
            </line>
            <line number="470" hits="5" branch="False" />
            <line number="471" hits="25" branch="True" condition-coverage="75% (3/4)">
              <conditions>
                <condition number="29" type="jump" coverage="50%" />
                <condition number="68" type="jump" coverage="100%" />
              </conditions>
            </line>
            <line number="472" hits="5" branch="False" />
            <line number="473" hits="5" branch="False" />
            <line number="474" hits="5" branch="False" />
            <line number="475" hits="5" branch="False" />
            <line number="476" hits="40013" branch="False" />
            <line number="483" hits="20012" branch="False" />
            <line number="484" hits="20012" branch="False" />
            <line number="485" hits="20012" branch="False" />
            <line number="492" hits="20014" branch="False" />
            <line number="493" hits="20014" branch="False" />
            <line number="494" hits="80082" branch="True" condition-coverage="100% (2/2)">
              <conditions>
                <condition number="228" type="jump" coverage="100%" />
              </conditions>
            </line>
            <line number="495" hits="10020" branch="False" />
            <line number="496" hits="10020" branch="False" />
            <line number="497" hits="10020" branch="True" condition-coverage="100% (4/4)">
              <conditions>
                <condition number="60" type="switch" coverage="100%" />
              </conditions>
            </line>
            <line number="500" hits="4" branch="False" />
            <line number="501" hits="4" branch="False" />
            <line number="503" hits="50072" branch="True" condition-coverage="75% (3/4)">
              <conditions>
                <condition number="113" type="jump" coverage="50%" />
                <condition number="157" type="jump" coverage="100%" />
              </conditions>
            </line>
            <line number="504" hits="10015" branch="False" />
            <line number="505" hits="10015" branch="False" />
            <line number="506" hits="10015" branch="False" />
            <line number="507" hits="10014" branch="False" />
            <line number="509" hits="2" branch="True" condition-coverage="100% (2/2)">
              <conditions>
                <condition number="189" type="jump" coverage="100%" />
              </conditions>
            </line>
            <line number="510" hits="2" branch="False" />
            <line number="511" hits="2" branch="False" />
            <line number="512" hits="2" branch="False" />
            <line number="513" hits="2" branch="False" />
            <line number="515" hits="10020" branch="False" />
            <line number="517" hits="20014" branch="False" />
            <line number="518" hits="20014" branch="False" />
            <line number="14" hits="1018" branch="False" />
          </lines>
        </class>
        <class name="FunctionalStateMachine.Core.StateMachine`4/StateConfiguration" filename="StateMachine.cs" line-rate="0.5" branch-rate="1" complexity="18">
          <methods>
            <method name="OnEntry" signature="(System.Func`2&lt;FunctionalStateMachine.Core.State`2&lt;TState,TData&gt;,TCommand&gt;)" line-rate="1" branch-rate="1" complexity="1">
              <lines>
                <line number="534" hits="3" branch="False" />
                <line number="535" hits="5" branch="False" />
                <line number="536" hits="3" branch="False" />
                <line number="537" hits="3" branch="False" />
              </lines>
            </method>
            <method name="OnEntry" signature="(System.Func`2&lt;TState,TCommand&gt;)" line-rate="0" branch-rate="1" complexity="1">
              <lines>
                <line number="540" hits="0" branch="False" />
                <line number="541" hits="0" branch="False" />
                <line number="542" hits="0" branch="False" />
                <line number="543" hits="0" branch="False" />
              </lines>
            </method>
            <method name="OnEntry" signature="(System.Func`1&lt;TCommand&gt;)" line-rate="0" branch-rate="1" complexity="1">
              <lines>
                <line number="546" hits="0" branch="False" />
                <line number="547" hits="0" branch="False" />
                <line number="548" hits="0" branch="False" />
                <line number="549" hits="0" branch="False" />
              </lines>
            </method>
            <method name="OnEntry" signature="(System.Func`2&lt;FunctionalStateMachine.Core.State`2&lt;TState,TData&gt;,System.Collections.Generic.IEnumerable`1&lt;TCommand&gt;&gt;)" line-rate="0" branch-rate="1" complexity="1">
              <lines>
                <line number="552" hits="0" branch="False" />
                <line number="553" hits="0" branch="False" />
                <line number="554" hits="0" branch="False" />
                <line number="555" hits="0" branch="False" />
              </lines>
            </method>
            <method name="OnEntry" signature="(System.Func`2&lt;TState,System.Collections.Generic.IEnumerable`1&lt;TCommand&gt;&gt;)" line-rate="0" branch-rate="1" complexity="1">
              <lines>
                <line number="558" hits="0" branch="False" />
                <line number="559" hits="0" branch="False" />
                <line number="560" hits="0" branch="False" />
                <line number="561" hits="0" branch="False" />
              </lines>
            </method>
            <method name="OnEntry" signature="(System.Func`1&lt;System.Collections.Generic.IEnumerable`1&lt;TCommand&gt;&gt;)" line-rate="0" branch-rate="1" complexity="1">
              <lines>
                <line number="564" hits="0" branch="False" />
                <line number="565" hits="0" branch="False" />
                <line number="566" hits="0" branch="False" />
                <line number="567" hits="0" branch="False" />
              </lines>
            </method>
            <method name="OnExit" signature="(System.Func`2&lt;FunctionalStateMachine.Core.State`2&lt;TState,TData&gt;,TCommand&gt;)" line-rate="1" branch-rate="1" complexity="1">
              <lines>
                <line number="570" hits="4" branch="False" />
                <line number="571" hits="7" branch="False" />
                <line number="572" hits="4" branch="False" />
                <line number="573" hits="4" branch="False" />
              </lines>
            </method>
            <method name="OnExit" signature="(System.Func`2&lt;TState,TCommand&gt;)" line-rate="0" branch-rate="1" complexity="1">
              <lines>
                <line number="576" hits="0" branch="False" />
                <line number="577" hits="0" branch="False" />
                <line number="578" hits="0" branch="False" />
                <line number="579" hits="0" branch="False" />
              </lines>
            </method>
            <method name="OnExit" signature="(System.Func`1&lt;TCommand&gt;)" line-rate="1" branch-rate="1" complexity="1">
              <lines>
                <line number="582" hits="1" branch="False" />
                <line number="583" hits="1" branch="False" />
                <line number="584" hits="1" branch="False" />
                <line number="585" hits="1" branch="False" />
              </lines>
            </method>
            <method name="OnExit" signature="(System.Func`2&lt;FunctionalStateMachine.Core.State`2&lt;TState,TData&gt;,System.Collections.Generic.IEnumerable`1&lt;TCommand&gt;&gt;)" line-rate="0" branch-rate="1" complexity="1">
              <lines>
                <line number="588" hits="0" branch="False" />
                <line number="589" hits="0" branch="False" />
                <line number="590" hits="0" branch="False" />
                <line number="591" hits="0" branch="False" />
              </lines>
            </method>
            <method name="OnExit" signature="(System.Func`2&lt;TState,System.Collections.Generic.IEnumerable`1&lt;TCommand&gt;&gt;)" line-rate="0" branch-rate="1" complexity="1">
              <lines>
                <line number="594" hits="0" branch="False" />
                <line number="595" hits="0" branch="False" />
                <line number="596" hits="0" branch="False" />
                <line number="597" hits="0" branch="False" />
              </lines>
            </method>
            <method name="OnExit" signature="(System.Func`1&lt;System.Collections.Generic.IEnumerable`1&lt;TCommand&gt;&gt;)" line-rate="0" branch-rate="1" complexity="1">
              <lines>
                <line number="600" hits="0" branch="False" />
                <line number="601" hits="0" branch="False" />
                <line number="602" hits="0" branch="False" />
                <line number="603" hits="0" branch="False" />
              </lines>
            </method>
            <method name="On" signature="(TTrigger)" line-rate="1" branch-rate="1" complexity="1">
              <lines>
                <line number="606" hits="2014" branch="False" />
                <line number="607" hits="2014" branch="False" />
                <line number="608" hits="2014" branch="False" />
                <line number="609" hits="2014" branch="False" />
                <line number="610" hits="2014" branch="False" />
              </lines>
            </method>
            <method name="On" signature="()" line-rate="1" branch-rate="1" complexity="1">
              <lines>
                <line number="614" hits="3" branch="False" />
                <line number="615" hits="3" branch="False" />
                <line number="616" hits="3" branch="False" />
                <line number="617" hits="3" branch="False" />
                <line number="618" hits="3" branch="False" />
              </lines>
            </method>
            <method name="For" signature="(TState)" line-rate="0" branch-rate="1" complexity="1">
              <lines>
                <line number="621" hits="0" branch="False" />
                <line number="622" hits="0" branch="False" />
                <line number="623" hits="0" branch="False" />
              </lines>
            </method>
            <method name="SubStateOf" signature="(TState)" line-rate="1" branch-rate="1" complexity="1">
              <lines>
                <line number="626" hits="5" branch="False" />
                <line number="627" hits="5" branch="False" />
                <line number="628" hits="5" branch="False" />
                <line number="629" hits="5" branch="False" />
                <line number="630" hits="5" branch="False" />
              </lines>
            </method>
[...]
            <line number="1021" hits="0" branch="False" />
            <line number="1022" hits="0" branch="False" />
            <line number="1023" hits="0" branch="False" />
            <line number="896" hits="0" branch="False" />
            <line number="897" hits="0" branch="False" />
            <line number="898" hits="0" branch="False" />
            <line number="899" hits="0" branch="False" />
            <line number="900" hits="0" branch="False" />
            <line number="901" hits="0" branch="False" />
            <line number="902" hits="0" branch="False" />
          </lines>
        </class>
        <class name="FunctionalStateMachine.Core.StateMachineBuilder`3/ConditionalTransitionConfiguration" filename="StateMachineBuilder.cs" line-rate="0" branch-rate="1" complexity="12">
          <methods>
            <method name="ModifyData" signature="(System.Func`2&lt;FunctionalStateMachine.Core.State`2&lt;TState,FunctionalStateMachine.Core.NoData&gt;,FunctionalStateMachine.Core.NoData&gt;)" line-rate="0" branch-rate="1" complexity="1">
              <lines>
                <line number="1040" hits="0" branch="False" />
                <line number="1041" hits="0" branch="False" />
                <line number="1042" hits="0" branch="False" />
                <line number="1043" hits="0" branch="False" />
              </lines>
            </method>
            <method name="Execute" signature="(System.Func`3&lt;FunctionalStateMachine.Core.State`2&lt;TState,FunctionalStateMachine.Core.NoData&gt;,TTrigger,TCommand&gt;)" line-rate="0" branch-rate="1" complexity="1">
              <lines>
                <line number="1046" hits="0" branch="False" />
                <line number="1047" hits="0" branch="False" />
                <line number="1048" hits="0" branch="False" />
                <line number="1049" hits="0" branch="False" />
              </lines>
            </method>
            <method name="Execute" signature="(System.Func`3&lt;FunctionalStateMachine.Core.State`2&lt;TState,FunctionalStateMachine.Core.NoData&gt;,TTrigger,System.Collections.Generic.IEnumerable`1&lt;TCommand&gt;&gt;)" line-rate="0" branch-rate="1" complexity="1">
              <lines>
                <line number="1053" hits="0" branch="False" />
                <line number="1054" hits="0" branch="False" />
                <line number="1055" hits="0" branch="False" />
                <line number="1056" hits="0" branch="False" />
              </lines>
            </method>
            <method name="Execute" signature="(System.Func`2&lt;FunctionalStateMachine.Core.State`2&lt;TState,FunctionalStateMachine.Core.NoData&gt;,TCommand&gt;)" line-rate="0" branch-rate="1" complexity="1">
              <lines>
                <line number="1059" hits="0" branch="False" />
                <line number="1060" hits="0" branch="False" />
                <line number="1061" hits="0" branch="False" />
                <line number="1062" hits="0" branch="False" />
              </lines>
            </method>
            <method name="Execute" signature="(System.Func`2&lt;FunctionalStateMachine.Core.State`2&lt;TState,FunctionalStateMachine.Core.NoData&gt;,System.Collections.Generic.IEnumerable`1&lt;TCommand&gt;&gt;)" line-rate="0" branch-rate="1" complexity="1">
              <lines>
                <line number="1066" hits="0" branch="False" />
                <line number="1067" hits="0" branch="False" />
                <line number="1068" hits="0" branch="False" />
                <line number="1069" hits="0" branch="False" />
              </lines>
            </method>
            <method name="Execute" signature="(System.Func`2&lt;TTrigger,TCommand&gt;)" line-rate="0" branch-rate="1" complexity="1">
              <lines>
                <line number="1072" hits="0" branch="False" />
                <line number="1073" hits="0" branch="False" />
                <line number="1074" hits="0" branch="False" />
                <line number="1075" hits="0" branch="False" />
              </lines>
            </method>
            <method name="Execute" signature="(System.Func`2&lt;TTrigger,System.Collections.Generic.IEnumerable`1&lt;TCommand&gt;&gt;)" line-rate="0" branch-rate="1" complexity="1">
              <lines>
                <line number="1078" hits="0" branch="False" />
                <line number="1079" hits="0" branch="False" />
                <line number="1080" hits="0" branch="False" />
                <line number="1081" hits="0" branch="False" />
              </lines>
            </method>
            <method name="Execute" signature="(System.Func`1&lt;TCommand&gt;)" line-rate="0" branch-rate="1" complexity="1">
              <lines>
                <line number="1084" hits="0" branch="False" />
                <line number="1085" hits="0" branch="False" />
                <line number="1086" hits="0" branch="False" />
                <line number="1087" hits="0" branch="False" />
              </lines>
            </method>
            <method name="Execute" signature="(System.Func`1&lt;System.Collections.Generic.IEnumerable`1&lt;TCommand&gt;&gt;)" line-rate="0" branch-rate="1" complexity="1">
              <lines>
                <line number="1090" hits="0" branch="False" />
                <line number="1091" hits="0" branch="False" />
                <line number="1092" hits="0" branch="False" />
                <line number="1093" hits="0" branch="False" />
              </lines>
            </method>
            <method name="Else" signature="()" line-rate="0" branch-rate="1" complexity="1">
              <lines>
                <line number="1096" hits="0" branch="False" />
                <line number="1097" hits="0" branch="False" />
                <line number="1098" hits="0" branch="False" />
                <line number="1099" hits="0" branch="False" />
              </lines>
            </method>
            <method name="Done" signature="()" line-rate="0" branch-rate="1" complexity="1">
              <lines>
                <line number="1102" hits="0" branch="False" />
                <line number="1103" hits="0" branch="False" />
                <line number="1104" hits="0" branch="False" />
                <line number="1105" hits="0" branch="False" />
              </lines>
            </method>
            <method name=".ctor" signature="(FunctionalStateMachine.Core.StateMachineBuilder`3/TransitionConfiguration&lt;TState,TTrigger,TCommand&gt;,FunctionalStateMachine.Core.StateMachine`3/ConditionalTransitionConfiguration&lt;TState,TTrigger,TCommand&gt;)" line-rate="0" branch-rate="1" complexity="1">
              <lines>
                <line number="1031" hits="0" branch="False" />
                <line number="1032" hits="0" branch="False" />
                <line number="1033" hits="0" branch="False" />
                <line number="1034" hits="0" branch="False" />
                <line number="1035" hits="0" branch="False" />
                <line number="1036" hits="0" branch="False" />
                <line number="1037" hits="0" branch="False" />
              </lines>
            </method>
          </methods>
          <lines>
            <line number="1040" hits="0" branch="False" />
            <line number="1041" hits="0" branch="False" />
            <line number="1042" hits="0" branch="False" />
            <line number="1043" hits="0" branch="False" />
            <line number="1046" hits="0" branch="False" />
            <line number="1047" hits="0" branch="False" />
            <line number="1048" hits="0" branch="False" />
            <line number="1049" hits="0" branch="False" />
            <line number="1053" hits="0" branch="False" />
            <line number="1054" hits="0" branch="False" />
            <line number="1055" hits="0" branch="False" />
            <line number="1056" hits="0" branch="False" />
            <line number="1059" hits="0" branch="False" />
            <line number="1060" hits="0" branch="False" />
            <line number="1061" hits="0" branch="False" />
            <line number="1062" hits="0" branch="False" />
            <line number="1066" hits="0" branch="False" />
            <line number="1067" hits="0" branch="False" />
            <line number="1068" hits="0" branch="False" />
            <line number="1069" hits="0" branch="False" />
            <line number="1072" hits="0" branch="False" />
            <line number="1073" hits="0" branch="False" />
            <line number="1074" hits="0" branch="False" />
            <line number="1075" hits="0" branch="False" />
            <line number="1078" hits="0" branch="False" />
            <line number="1079" hits="0" branch="False" />
            <line number="1080" hits="0" branch="False" />
            <line number="1081" hits="0" branch="False" />
            <line number="1084" hits="0" branch="False" />
            <line number="1085" hits="0" branch="False" />
            <line number="1086" hits="0" branch="False" />
            <line number="1087" hits="0" branch="False" />
            <line number="1090" hits="0" branch="False" />
            <line number="1091" hits="0" branch="False" />
            <line number="1092" hits="0" branch="False" />
            <line number="1093" hits="0" branch="False" />
            <line number="1096" hits="0" branch="False" />
            <line number="1097" hits="0" branch="False" />
            <line number="1098" hits="0" branch="False" />
            <line number="1099" hits="0" branch="False" />
            <line number="1102" hits="0" branch="False" />
            <line number="1103" hits="0" branch="False" />
            <line number="1104" hits="0" branch="False" />
            <line number="1105" hits="0" branch="False" />
            <line number="1031" hits="0" branch="False" />
            <line number="1032" hits="0" branch="False" />
            <line number="1033" hits="0" branch="False" />
            <line number="1034" hits="0" branch="False" />
            <line number="1035" hits="0" branch="False" />
            <line number="1036" hits="0" branch="False" />
            <line number="1037" hits="0" branch="False" />
          </lines>
        </class>
        <class name="FunctionalStateMachine.Core.StateMachineBuilder`3/ConditionalTransitionConfiguration`1" filename="StateMachineBuilder.cs" line-rate="0" branch-rate="1" complexity="12">
          <methods>
            <method name="ModifyData" signature="(System.Func`2&lt;FunctionalStateMachine.Core.State`2&lt;TState,FunctionalStateMachine.Core.NoData&gt;,FunctionalStateMachine.Core.NoData&gt;)" line-rate="0" branch-rate="1" complexity="1">
              <lines>
                <line number="1124" hits="0" branch="False" />
                <line number="1125" hits="0" branch="False" />
                <line number="1126" hits="0" branch="False" />
                <line number="1127" hits="0" branch="False" />
              </lines>
            </method>
            <method name="Execute" signature="(System.Func`3&lt;FunctionalStateMachine.Core.State`2&lt;TState,FunctionalStateMachine.Core.NoData&gt;,TDerivedTrigger,TCommand&gt;)" line-rate="0" branch-rate="1" complexity="1">
              <lines>
                <line number="1131" hits="0" branch="False" />
                <line number="1132" hits="0" branch="False" />
                <line number="1133" hits="0" branch="False" />
                <line number="1134" hits="0" branch="False" />
              </lines>
            </method>
            <method name="Execute" signature="(System.Func`3&lt;FunctionalStateMachine.Core.State`2&lt;TState,FunctionalStateMachine.Core.NoData&gt;,TDerivedTrigger,System.Collections.Generic.IEnumerable`1&lt;TCommand&gt;&gt;)" line-rate="0" branch-rate="1" complexity="1">
              <lines>
                <line number="1138" hits="0" branch="False" />
                <line number="1139" hits="0" branch="False" />
                <line number="1140" hits="0" branch="False" />
                <line number="1141" hits="0" branch="False" />
              </lines>
            </method>
            <method name="Execute" signature="(System.Func`2&lt;FunctionalStateMachine.Core.State`2&lt;TState,FunctionalStateMachine.Core.NoData&gt;,TCommand&gt;)" line-rate="0" branch-rate="1" complexity="1">
              <lines>
                <line number="1145" hits="0" branch="False" />
                <line number="1146" hits="0" branch="False" />
                <line number="1147" hits="0" branch="False" />
                <line number="1148" hits="0" branch="False" />
              </lines>
            </method>
            <method name="Execute" signature="(System.Func`2&lt;FunctionalStateMachine.Core.State`2&lt;TState,FunctionalStateMachine.Core.NoData&gt;,System.Collections.Generic.IEnumerable`1&lt;TCommand&gt;&gt;)" line-rate="0" branch-rate="1" complexity="1">
              <lines>
                <line number="1152" hits="0" branch="False" />
                <line number="1153" hits="0" branch="False" />
                <line number="1154" hits="0" branch="False" />
                <line number="1155" hits="0" branch="False" />
              </lines>
            </method>
            <method name="Execute" signature="(System.Func`2&lt;TDerivedTrigger,TCommand&gt;)" line-rate="0" branch-rate="1" complexity="1">
              <lines>
                <line number="1159" hits="0" branch="False" />
                <line number="1160" hits="0" branch="False" />
                <line number="1161" hits="0" branch="False" />
                <line number="1162" hits="0" branch="False" />
              </lines>
            </method>
            <method name="Execute" signature="(System.Func`2&lt;TDerivedTrigger,System.Collections.Generic.IEnumerable`1&lt;TCommand&gt;&gt;)" line-rate="0" branch-rate="1" complexity="1">
              <lines>
                <line number="1166" hits="0" branch="False" />
                <line number="1167" hits="0" branch="False" />
                <line number="1168" hits="0" branch="False" />
                <line number="1169" hits="0" branch="False" />
              </lines>
            </method>
            <method name="Execute" signature="(System.Func`1&lt;TCommand&gt;)" line-rate="0" branch-rate="1" complexity="1">
              <lines>
                <line number="1172" hits="0" branch="False" />
                <line number="1173" hits="0" branch="False" />
                <line number="1174" hits="0" branch="False" />
                <line number="1175" hits="0" branch="False" />
              </lines>
            </method>
            <method name="Execute" signature="(System.Func`1&lt;System.Collections.Generic.IEnumerable`1&lt;TCommand&gt;&gt;)" line-rate="0" branch-rate="1" complexity="1">
              <lines>
                <line number="1178" hits="0" branch="False" />
                <line number="1179" hits="0" branch="False" />
                <line number="1180" hits="0" branch="False" />
                <line number="1181" hits="0" branch="False" />
              </lines>
            </method>
            <method name="Else" signature="()" line-rate="0" branch-rate="1" complexity="1">
              <lines>
                <line number="1184" hits="0" branch="False" />
                <line number="1185" hits="0" branch="False" />
                <line number="1186" hits="0" branch="False" />
                <line number="1187" hits="0" branch="False" />
              </lines>
            </method>
            <method name="Done" signature="()" line-rate="0" branch-rate="1" complexity="1">
              <lines>
                <line number="1190" hits="0" branch="False" />
                <line number="1191" hits="0" branch="False" />
                <line number="1192" hits="0" branch="False" />
                <line number="1193" hits="0" branch="False" />
              </lines>
            </method>
            <method name=".ctor" signature="(FunctionalStateMachine.Core.StateMachineBuilder`3/TransitionConfiguration`1&lt;TState,TTrigger,TCommand,TDerivedTrigger&gt;,FunctionalStateMachine.Core.StateMachine`3/ConditionalTransitionConfiguration`1&lt;TState,TTrigger,TCommand,TDerivedTrigger&gt;)" line-rate="0" branch-rate="1" complexity="1">
              <lines>
                <line number="1114" hits="0" branch="False" />
                <line number="1115" hits="0" branch="False" />
                <line number="1116" hits="0" branch="False" />
                <line number="1117" hits="0" branch="False" />
                <line number="1118" hits="0" branch="False" />
                <line number="1119" hits="0" branch="False" />
                <line number="1120" hits="0" branch="False" />
              </lines>
            </method>
          </methods>
          <lines>
            <line number="1124" hits="0" branch="False" />
            <line number="1125" hits="0" branch="False" />
            <line number="1126" hits="0" branch="False" />
            <line number="1127" hits="0" branch="False" />
            <line number="1131" hits="0" branch="False" />
            <line number="1132" hits="0" branch="False" />
            <line number="1133" hits="0" branch="False" />
            <line number="1134" hits="0" branch="False" />
            <line number="1138" hits="0" branch="False" />
            <line number="1139" hits="0" branch="False" />
            <line number="1140" hits="0" branch="False" />
            <line number="1141" hits="0" branch="False" />
            <line number="1145" hits="0" branch="False" />
            <line number="1146" hits="0" branch="False" />
            <line number="1147" hits="0" branch="False" />
            <line number="1148" hits="0" branch="False" />
            <line number="1152" hits="0" branch="False" />
            <line number="1153" hits="0" branch="False" />
            <line number="1154" hits="0" branch="False" />
            <line number="1155" hits="0" branch="False" />
            <line number="1159" hits="0" branch="False" />
            <line number="1160" hits="0" branch="False" />
            <line number="1161" hits="0" branch="False" />
            <line number="1162" hits="0" branch="False" />
            <line number="1166" hits="0" branch="False" />
            <line number="1167" hits="0" branch="False" />
            <line number="1168" hits="0" branch="False" />
            <line number="1169" hits="0" branch="False" />
            <line number="1172" hits="0" branch="False" />
            <line number="1173" hits="0" branch="False" />
            <line number="1174" hits="0" branch="False" />
            <line number="1175" hits="0" branch="False" />
            <line number="1178" hits="0" branch="False" />
            <line number="1179" hits="0" branch="False" />
            <line number="1180" hits="0" branch="False" />
            <line number="1181" hits="0" branch="False" />
            <line number="1184" hits="0" branch="False" />
            <line number="1185" hits="0" branch="False" />
            <line number="1186" hits="0" branch="False" />
            <line number="1187" hits="0" branch="False" />
            <line number="1190" hits="0" branch="False" />
            <line number="1191" hits="0" branch="False" />
            <line number="1192" hits="0" branch="False" />
            <line number="1193" hits="0" branch="False" />
            <line number="1114" hits="0" branch="False" />
            <line number="1115" hits="0" branch="False" />
            <line number="1116" hits="0" branch="False" />
            <line number="1117" hits="0" branch="False" />
            <line number="1118" hits="0" branch="False" />
            <line number="1119" hits="0" branch="False" />
            <line number="1120" hits="0" branch="False" />
          </lines>
        </class>
      </classes>
    </package>
  </packages>
</coverage>