<testsuites>
  <testsuite name="StockPurchaserSampleApp.Tests.dll" tests="3" skipped="0" failures="0" errors="0" time="0.08048630000000001" timestamp="2026-02-23T11:24:53" hostname="runnervmwffz4" id="0" package="StockPurchaserSampleApp.Tests.dll">
    <properties />
    <testcase classname="StockPurchaserSampleApp.Tests.StockPurchaserSampleTests" name="PriceTick_AtOrBelowTarget_Purchases" time="0.0694580" />
    <testcase classname="StockPurchaserSampleApp.Tests.StockPurchaserSampleTests" name="PriceTick_BelowTarget_RemainsTracking" time="0.0073583" />
    <testcase classname="StockPurchaserSampleApp.Tests.StockPurchaserSampleTests" name="PriceTick_AfterPurchase_DoesNotThrow" time="0.0036700" />
    <system-out>
Test Framework Informational Messages:
[xUnit.net 00:00:00.00] xUnit.net VSTest Adapter v2.8.2+699d445a1a (64-bit .NET 9.0.12)
[xUnit.net 00:00:00.10]   Discovering: StockPurchaserSampleApp.Tests
[xUnit.net 00:00:00.15]   Discovered:  StockPurchaserSampleApp.Tests
[xUnit.net 00:00:00.15]   Starting:    StockPurchaserSampleApp.Tests
[xUnit.net 00:00:00.32]   Finished:    StockPurchaserSampleApp.Tests
</system-out>
  </testsuite>
</testsuites>